<?xml version="1.0" encoding="UTF-8"?>
<!-- Generated by org.testng.reporters.JUnitXMLReporter -->
<testsuite ignored="0" hostname="BEAVERG" failures="0" tests="13" name="Tests" time="58.824" errors="0" timestamp="2023-04-06T04:42:19 MSK">
  <testcase classname="test.VirtKeyTests" name="t01_openKeyboardPage" time="0.569"/>
  <testcase classname="test.VirtKeyTests" name="t02_showKeyboard" time="1.251"/>
  <testcase classname="test.VirtKeyTests" name="t03_maximizeOutputTextarea" time="1.066"/>
  <testcase classname="test.VirtKeyTests" name="t04_writeTextWithoutShiftInEnglish" time="2.045"/>
  <testcase classname="test.VirtKeyTests" name="t05_writeTextWithShiftInEnglish" time="2.979"/>
  <testcase classname="test.VirtKeyTests" name="t06_writeTextWithAndWithoutShiftInEnglish" time="2.526"/>
  <testcase classname="test.VirtKeyTests" name="t07_writeTextWithoutShiftInRussian" time="4.372"/>
  <testcase classname="test.VirtKeyTests" name="t08_writeTextWithShiftInRussian" time="4.028"/>
  <testcase classname="test.VirtKeyTests" name="t09_writeTextWithAndWithoutShiftInRussian" time="4.169"/>
  <testcase classname="test.VirtKeyTests" name="t10_writeTextWithAndWithoutShiftInRussianAndEnglish" time="4.705"/>
  <testcase classname="test.VirtKeyTests" name="t11_writeAgileManifesto" time="12.786"/>
  <testcase classname="test.VirtKeyTests" name="t12_writeTextWithArrows" time="3.429"/>
  <testcase classname="test.VirtKeyTests" name="t13_writeTextWithBackspace" time="3.741"/>
</testsuite> <!-- Tests -->
