<?xml version="1.0" encoding="UTF-8"?>
<!-- Generated by org.testng.reporters.JUnitXMLReporter -->
<testsuite ignored="0" hostname="BEAVERG" failures="0" tests="4" name="Tests" time="9.615" errors="0" timestamp="2023-04-04T16:23:41 MSK">
  <testcase classname="test.VirtKeyTests" name="openVirtualKeyboardPage" time="0.534"/>
  <testcase classname="test.VirtKeyTests" name="showVirtualKeyboardOnThePage" time="0.536"/>
  <testcase classname="test.VirtKeyTests" name="writeTextWithTheVirtualKeyboardWithShift" time="2.829"/>
  <testcase classname="test.VirtKeyTests" name="writeTextWithTheVirtualKeyboardWithoutShift" time="1.818"/>
</testsuite> <!-- Tests -->
