<?xml version="1.0" encoding="UTF-8"?>
<testsuite xmlns:xsi="http://www.w3.org/2001/XMLSchema-instance" xsi:noNamespaceSchemaLocation="https://maven.apache.org/surefire/maven-surefire-plugin/xsd/surefire-test-report-3.0.xsd" version="3.0" name="TestSuite" time="59.411" tests="13" errors="0" skipped="0" failures="0">
  <properties>
[...]
</properties>
  <testcase name="t01_openKeyboardPage" classname="test.VirtKeyTests" time="0.57">
    <system-out><![CDATA[2023-04-06 04:41:21,046 DEBUG logging.InternalLoggerFactory [main] io.netty.util.internal.logging.InternalLoggerFactory.useLog4J2LoggerFactory(InternalLoggerFactory.java:76) Using Log4J2 as the default logging framework
2023-04-06 04:41:21,051 DEBUG util.ResourceLeakDetector [main] io.netty.util.ResourceLeakDetector.<clinit>(ResourceLeakDetector.java:129) -Dio.netty.leakDetection.level: simple
2023-04-06 04:41:21,052 DEBUG util.ResourceLeakDetector [main] io.netty.util.ResourceLeakDetector.<clinit>(ResourceLeakDetector.java:130) -Dio.netty.leakDetection.targetRecords: 4
2023-04-06 04:41:21,053 DEBUG util.ResourceLeakDetectorFactory [main] io.netty.util.ResourceLeakDetectorFactory$DefaultResourceLeakDetectorFactory.newResourceLeakDetector(ResourceLeakDetectorFactory.java:196) Loaded default ResourceLeakDetector: io.netty.util.ResourceLeakDetector@65f58c6e
2023-04-06 04:41:21,066 DEBUG internal.PlatformDependent0 [main] io.netty.util.internal.PlatformDependent0.explicitNoUnsafeCause0(PlatformDependent0.java:496) -Dio.netty.noUnsafe: false
2023-04-06 04:41:21,066 DEBUG internal.PlatformDependent0 [main] io.netty.util.internal.PlatformDependent0.javaVersion0(PlatformDependent0.java:1000) Java version: 17
2023-04-06 04:41:21,067 DEBUG internal.PlatformDependent0 [main] io.netty.util.internal.PlatformDependent0.<clinit>(PlatformDependent0.java:137) sun.misc.Unsafe.theUnsafe: available
2023-04-06 04:41:21,068 DEBUG internal.PlatformDependent0 [main] io.netty.util.internal.PlatformDependent0.<clinit>(PlatformDependent0.java:161) sun.misc.Unsafe.copyMemory: available
2023-04-06 04:41:21,068 DEBUG internal.PlatformDependent0 [main] io.netty.util.internal.PlatformDependent0.<clinit>(PlatformDependent0.java:193) sun.misc.Unsafe.storeFence: available
2023-04-06 04:41:21,069 DEBUG internal.PlatformDependent0 [main] io.netty.util.internal.PlatformDependent0.<clinit>(PlatformDependent0.java:236) java.nio.Buffer.address: available
2023-04-06 04:41:21,069 DEBUG internal.PlatformDependent0 [main] io.netty.util.internal.PlatformDependent0.<clinit>(PlatformDependent0.java:317) direct buffer constructor: unavailable
java.lang.UnsupportedOperationException: Reflective setAccessible(true) disabled
	at io.netty.util.internal.ReflectionUtil.trySetAccessible(ReflectionUtil.java:31) ~[netty-common-4.1.90.Final.jar:4.1.90.Final]
	at io.netty.util.internal.PlatformDependent0$5.run(PlatformDependent0.java:288) ~[netty-common-4.1.90.Final.jar:4.1.90.Final]
	at java.security.AccessController.doPrivileged(AccessController.java:318) ~[?:?]
	at io.netty.util.internal.PlatformDependent0.<clinit>(PlatformDependent0.java:282) ~[netty-common-4.1.90.Final.jar:4.1.90.Final]
	at io.netty.util.internal.PlatformDependent.isAndroid(PlatformDependent.java:333) ~[netty-common-4.1.90.Final.jar:4.1.90.Final]
	at io.netty.util.internal.PlatformDependent.<clinit>(PlatformDependent.java:88) ~[netty-common-4.1.90.Final.jar:4.1.90.Final]
	at io.netty.util.HashedWheelTimer.<init>(HashedWheelTimer.java:114) ~[netty-common-4.1.90.Final.jar:4.1.90.Final]
	at io.netty.util.HashedWheelTimer.<init>(HashedWheelTimer.java:251) ~[netty-common-4.1.90.Final.jar:4.1.90.Final]
	at io.netty.util.HashedWheelTimer.<init>(HashedWheelTimer.java:224) ~[netty-common-4.1.90.Final.jar:4.1.90.Final]
	at io.netty.util.HashedWheelTimer.<init>(HashedWheelTimer.java:203) ~[netty-common-4.1.90.Final.jar:4.1.90.Final]
	at org.asynchttpclient.DefaultAsyncHttpClient.newNettyTimer(DefaultAsyncHttpClient.java:111) ~[async-http-client-2.12.3.jar:?]
	at org.asynchttpclient.DefaultAsyncHttpClient.<init>(DefaultAsyncHttpClient.java:90) ~[async-http-client-2.12.3.jar:?]
	at org.asynchttpclient.Dsl.asyncHttpClient(Dsl.java:32) ~[async-http-client-2.12.3.jar:?]
	at org.openqa.selenium.remote.http.netty.NettyClient.createHttpClient(NettyClient.java:94) ~[selenium-remote-driver-4.8.3.jar:?]
	at org.openqa.selenium.remote.http.netty.NettyClient.<clinit>(NettyClient.java:47) ~[selenium-remote-driver-4.8.3.jar:?]
	at org.openqa.selenium.remote.http.netty.NettyClient$Factory.createClient(NettyClient.java:135) ~[selenium-remote-driver-4.8.3.jar:?]
	at org.openqa.selenium.remote.HttpCommandExecutor.<init>(HttpCommandExecutor.java:116) ~[selenium-remote-driver-4.8.3.jar:?]
	at org.openqa.selenium.remote.HttpCommandExecutor.<init>(HttpCommandExecutor.java:94) ~[selenium-remote-driver-4.8.3.jar:?]
	at org.openqa.selenium.remote.service.DriverCommandExecutor.<init>(DriverCommandExecutor.java:88) ~[selenium-remote-driver-4.8.3.jar:?]
	at org.openqa.selenium.chromium.ChromiumDriverCommandExecutor.<init>(ChromiumDriverCommandExecutor.java:40) ~[selenium-chromium-driver-4.8.3.jar:?]
	at org.openqa.selenium.chrome.ChromeDriver$ChromeDriverCommandExecutor.<init>(ChromeDriver.java:111) ~[selenium-chrome-driver-4.8.3.jar:?]
	at org.openqa.selenium.chrome.ChromeDriver.generateExecutor(ChromeDriver.java:101) ~[selenium-chrome-driver-4.8.3.jar:?]
	at org.openqa.selenium.chrome.ChromeDriver.<init>(ChromeDriver.java:88) ~[selenium-chrome-driver-4.8.3.jar:?]
	at org.openqa.selenium.chrome.ChromeDriver.<init>(ChromeDriver.java:84) ~[selenium-chrome-driver-4.8.3.jar:?]
	at org.openqa.selenium.chrome.ChromeDriver.<init>(ChromeDriver.java:52) ~[selenium-chrome-driver-4.8.3.jar:?]
	at driver.DriverSingleton.getDriver(DriverSingleton.java:22) ~[test-classes/:?]
	at test.CommonConditions.browseSetUp(CommonConditions.java:16) ~[test-classes/:?]
	at jdk.internal.reflect.NativeMethodAccessorImpl.invoke0(Native Method) ~[?:?]
	at jdk.internal.reflect.NativeMethodAccessorImpl.invoke(NativeMethodAccessorImpl.java:77) ~[?:?]
	at jdk.internal.reflect.DelegatingMethodAccessorImpl.invoke(DelegatingMethodAccessorImpl.java:43) ~[?:?]
	at java.lang.reflect.Method.invoke(Method.java:568) ~[?:?]
	at org.testng.internal.invokers.MethodInvocationHelper.invokeMethod(MethodInvocationHelper.java:139) ~[testng-7.6.1.jar:7.6.1]
	at org.testng.internal.invokers.MethodInvocationHelper.invokeMethodConsideringTimeout(MethodInvocationHelper.java:69) ~[testng-7.6.1.jar:7.6.1]
	at org.testng.internal.invokers.ConfigInvoker.invokeConfigurationMethod(ConfigInvoker.java:361) ~[testng-7.6.1.jar:7.6.1]
	at org.testng.internal.invokers.ConfigInvoker.invokeConfigurations(ConfigInvoker.java:296) ~[testng-7.6.1.jar:7.6.1]
	at org.testng.internal.invokers.TestInvoker.runConfigMethods(TestInvoker.java:816) ~[testng-7.6.1.jar:7.6.1]
	at org.testng.internal.invokers.TestInvoker.invokeMethod(TestInvoker.java:590) ~[testng-7.6.1.jar:7.6.1]
	at org.testng.internal.invokers.TestInvoker.invokeTestMethod(TestInvoker.java:221) ~[testng-7.6.1.jar:7.6.1]
	at org.testng.internal.invokers.MethodRunner.runInSequence(MethodRunner.java:50) ~[testng-7.6.1.jar:7.6.1]
	at org.testng.internal.invokers.TestInvoker$MethodInvocationAgent.invoke(TestInvoker.java:962) ~[testng-7.6.1.jar:7.6.1]
	at org.testng.internal.invokers.TestInvoker.invokeTestMethods(TestInvoker.java:194) ~[testng-7.6.1.jar:7.6.1]
	at org.testng.internal.invokers.TestMethodWorker.invokeTestMethods(TestMethodWorker.java:148) ~[testng-7.6.1.jar:7.6.1]
	at org.testng.internal.invokers.TestMethodWorker.run(TestMethodWorker.java:128) ~[testng-7.6.1.jar:7.6.1]
	at java.util.ArrayList.forEach(ArrayList.java:1511) ~[?:?]
	at org.testng.TestRunner.privateRun(TestRunner.java:806) ~[testng-7.6.1.jar:7.6.1]
	at org.testng.TestRunner.run(TestRunner.java:601) ~[testng-7.6.1.jar:7.6.1]
	at org.testng.SuiteRunner.runTest(SuiteRunner.java:433) ~[testng-7.6.1.jar:7.6.1]
	at org.testng.SuiteRunner.runSequentially(SuiteRunner.java:427) ~[testng-7.6.1.jar:7.6.1]
	at org.testng.SuiteRunner.privateRun(SuiteRunner.java:387) ~[testng-7.6.1.jar:7.6.1]
	at org.testng.SuiteRunner.run(SuiteRunner.java:330) ~[testng-7.6.1.jar:7.6.1]
	at org.testng.SuiteRunnerWorker.runSuite(SuiteRunnerWorker.java:52) ~[testng-7.6.1.jar:7.6.1]
	at org.testng.SuiteRunnerWorker.run(SuiteRunnerWorker.java:95) ~[testng-7.6.1.jar:7.6.1]
	at org.testng.TestNG.runSuitesSequentially(TestNG.java:1256) ~[testng-7.6.1.jar:7.6.1]
	at org.testng.TestNG.runSuitesLocally(TestNG.java:1176) ~[testng-7.6.1.jar:7.6.1]
	at org.testng.TestNG.runSuites(TestNG.java:1099) ~[testng-7.6.1.jar:7.6.1]
	at org.testng.TestNG.run(TestNG.java:1067) ~[testng-7.6.1.jar:7.6.1]
	at org.apache.maven.surefire.testng.TestNGExecutor.run(TestNGExecutor.java:324) ~[surefire-testng-3.0.0-M8.jar:3.0.0-M8]
	at org.apache.maven.surefire.testng.TestNGXmlTestSuite.execute(TestNGXmlTestSuite.java:74) ~[surefire-testng-3.0.0-M8.jar:3.0.0-M8]
	at org.apache.maven.surefire.testng.TestNGProvider.invoke(TestNGProvider.java:123) ~[surefire-testng-3.0.0-M8.jar:3.0.0-M8]
	at org.apache.maven.surefire.booter.ForkedBooter.runSuitesInProcess(ForkedBooter.java:456) ~[surefire-booter-3.0.0-M8.jar:3.0.0-M8]
	at org.apache.maven.surefire.booter.ForkedBooter.execute(ForkedBooter.java:169) ~[surefire-booter-3.0.0-M8.jar:3.0.0-M8]
	at org.apache.maven.surefire.booter.ForkedBooter.run(ForkedBooter.java:595) ~[surefire-booter-3.0.0-M8.jar:3.0.0-M8]
	at org.apache.maven.surefire.booter.ForkedBooter.main(ForkedBooter.java:581) ~[surefire-booter-3.0.0-M8.jar:3.0.0-M8]
2023-04-06 04:41:21,075 DEBUG internal.PlatformDependent0 [main] io.netty.util.internal.PlatformDependent0.<clinit>(PlatformDependent0.java:385) java.nio.Bits.unaligned: available, true
2023-04-06 04:41:21,076 DEBUG internal.PlatformDependent0 [main] io.netty.util.internal.PlatformDependent0.<clinit>(PlatformDependent0.java:449) jdk.internal.misc.Unsafe.allocateUninitializedArray(int): unavailable
java.lang.IllegalAccessException: class io.netty.util.internal.PlatformDependent0$7 cannot access class jdk.internal.misc.Unsafe (in module java.base) because module java.base does not export jdk.internal.misc to unnamed module @163e4e87
	at jdk.internal.reflect.Reflection.newIllegalAccessException(Reflection.java:392) ~[?:?]
	at java.lang.reflect.AccessibleObject.checkAccess(AccessibleObject.java:674) ~[?:?]
	at java.lang.reflect.Method.invoke(Method.java:560) ~[?:?]
	at io.netty.util.internal.PlatformDependent0$7.run(PlatformDependent0.java:410) ~[netty-common-4.1.90.Final.jar:4.1.90.Final]
	at java.security.AccessController.doPrivileged(AccessController.java:318) ~[?:?]
	at io.netty.util.internal.PlatformDependent0.<clinit>(PlatformDependent0.java:401) ~[netty-common-4.1.90.Final.jar:4.1.90.Final]
	at io.netty.util.internal.PlatformDependent.isAndroid(PlatformDependent.java:333) ~[netty-common-4.1.90.Final.jar:4.1.90.Final]
	at io.netty.util.internal.PlatformDependent.<clinit>(PlatformDependent.java:88) ~[netty-common-4.1.90.Final.jar:4.1.90.Final]
	at io.netty.util.HashedWheelTimer.<init>(HashedWheelTimer.java:114) ~[netty-common-4.1.90.Final.jar:4.1.90.Final]
	at io.netty.util.HashedWheelTimer.<init>(HashedWheelTimer.java:251) ~[netty-common-4.1.90.Final.jar:4.1.90.Final]
	at io.netty.util.HashedWheelTimer.<init>(HashedWheelTimer.java:224) ~[netty-common-4.1.90.Final.jar:4.1.90.Final]
	at io.netty.util.HashedWheelTimer.<init>(HashedWheelTimer.java:203) ~[netty-common-4.1.90.Final.jar:4.1.90.Final]
	at org.asynchttpclient.DefaultAsyncHttpClient.newNettyTimer(DefaultAsyncHttpClient.java:111) ~[async-http-client-2.12.3.jar:?]
	at org.asynchttpclient.DefaultAsyncHttpClient.<init>(DefaultAsyncHttpClient.java:90) ~[async-http-client-2.12.3.jar:?]
	at org.asynchttpclient.Dsl.asyncHttpClient(Dsl.java:32) ~[async-http-client-2.12.3.jar:?]
	at org.openqa.selenium.remote.http.netty.NettyClient.createHttpClient(NettyClient.java:94) ~[selenium-remote-driver-4.8.3.jar:?]
	at org.openqa.selenium.remote.http.netty.NettyClient.<clinit>(NettyClient.java:47) ~[selenium-remote-driver-4.8.3.jar:?]
	at org.openqa.selenium.remote.http.netty.NettyClient$Factory.createClient(NettyClient.java:135) ~[selenium-remote-driver-4.8.3.jar:?]
	at org.openqa.selenium.remote.HttpCommandExecutor.<init>(HttpCommandExecutor.java:116) ~[selenium-remote-driver-4.8.3.jar:?]
	at org.openqa.selenium.remote.HttpCommandExecutor.<init>(HttpCommandExecutor.java:94) ~[selenium-remote-driver-4.8.3.jar:?]
	at org.openqa.selenium.remote.service.DriverCommandExecutor.<init>(DriverCommandExecutor.java:88) ~[selenium-remote-driver-4.8.3.jar:?]
	at org.openqa.selenium.chromium.ChromiumDriverCommandExecutor.<init>(ChromiumDriverCommandExecutor.java:40) ~[selenium-chromium-driver-4.8.3.jar:?]
	at org.openqa.selenium.chrome.ChromeDriver$ChromeDriverCommandExecutor.<init>(ChromeDriver.java:111) ~[selenium-chrome-driver-4.8.3.jar:?]
	at org.openqa.selenium.chrome.ChromeDriver.generateExecutor(ChromeDriver.java:101) ~[selenium-chrome-driver-4.8.3.jar:?]
	at org.openqa.selenium.chrome.ChromeDriver.<init>(ChromeDriver.java:88) ~[selenium-chrome-driver-4.8.3.jar:?]
	at org.openqa.selenium.chrome.ChromeDriver.<init>(ChromeDriver.java:84) ~[selenium-chrome-driver-4.8.3.jar:?]
	at org.openqa.selenium.chrome.ChromeDriver.<init>(ChromeDriver.java:52) ~[selenium-chrome-driver-4.8.3.jar:?]
	at driver.DriverSingleton.getDriver(DriverSingleton.java:22) ~[test-classes/:?]
	at test.CommonConditions.browseSetUp(CommonConditions.java:16) ~[test-classes/:?]
	at jdk.internal.reflect.NativeMethodAccessorImpl.invoke0(Native Method) ~[?:?]
	at jdk.internal.reflect.NativeMethodAccessorImpl.invoke(NativeMethodAccessorImpl.java:77) ~[?:?]
	at jdk.internal.reflect.DelegatingMethodAccessorImpl.invoke(DelegatingMethodAccessorImpl.java:43) ~[?:?]
	at java.lang.reflect.Method.invoke(Method.java:568) ~[?:?]
	at org.testng.internal.invokers.MethodInvocationHelper.invokeMethod(MethodInvocationHelper.java:139) ~[testng-7.6.1.jar:7.6.1]
	at org.testng.internal.invokers.MethodInvocationHelper.invokeMethodConsideringTimeout(MethodInvocationHelper.java:69) ~[testng-7.6.1.jar:7.6.1]
	at org.testng.internal.invokers.ConfigInvoker.invokeConfigurationMethod(ConfigInvoker.java:361) ~[testng-7.6.1.jar:7.6.1]
	at org.testng.internal.invokers.ConfigInvoker.invokeConfigurations(ConfigInvoker.java:296) ~[testng-7.6.1.jar:7.6.1]
	at org.testng.internal.invokers.TestInvoker.runConfigMethods(TestInvoker.java:816) ~[testng-7.6.1.jar:7.6.1]
	at org.testng.internal.invokers.TestInvoker.invokeMethod(TestInvoker.java:590) ~[testng-7.6.1.jar:7.6.1]
	at org.testng.internal.invokers.TestInvoker.invokeTestMethod(TestInvoker.java:221) ~[testng-7.6.1.jar:7.6.1]
	at org.testng.internal.invokers.MethodRunner.runInSequence(MethodRunner.java:50) ~[testng-7.6.1.jar:7.6.1]
	at org.testng.internal.invokers.TestInvoker$MethodInvocationAgent.invoke(TestInvoker.java:962) ~[testng-7.6.1.jar:7.6.1]
	at org.testng.internal.invokers.TestInvoker.invokeTestMethods(TestInvoker.java:194) ~[testng-7.6.1.jar:7.6.1]
	at org.testng.internal.invokers.TestMethodWorker.invokeTestMethods(TestMethodWorker.java:148) ~[testng-7.6.1.jar:7.6.1]
	at org.testng.internal.invokers.TestMethodWorker.run(TestMethodWorker.java:128) ~[testng-7.6.1.jar:7.6.1]
	at java.util.ArrayList.forEach(ArrayList.java:1511) ~[?:?]
	at org.testng.TestRunner.privateRun(TestRunner.java:806) ~[testng-7.6.1.jar:7.6.1]
	at org.testng.TestRunner.run(TestRunner.java:601) ~[testng-7.6.1.jar:7.6.1]
	at org.testng.SuiteRunner.runTest(SuiteRunner.java:433) ~[testng-7.6.1.jar:7.6.1]
	at org.testng.SuiteRunner.runSequentially(SuiteRunner.java:427) ~[testng-7.6.1.jar:7.6.1]
	at org.testng.SuiteRunner.privateRun(SuiteRunner.java:387) ~[testng-7.6.1.jar:7.6.1]
	at org.testng.SuiteRunner.run(SuiteRunner.java:330) ~[testng-7.6.1.jar:7.6.1]
	at org.testng.SuiteRunnerWorker.runSuite(SuiteRunnerWorker.java:52) ~[testng-7.6.1.jar:7.6.1]
	at org.testng.SuiteRunnerWorker.run(SuiteRunnerWorker.java:95) ~[testng-7.6.1.jar:7.6.1]
	at org.testng.TestNG.runSuitesSequentially(TestNG.java:1256) ~[testng-7.6.1.jar:7.6.1]
	at org.testng.TestNG.runSuitesLocally(TestNG.java:1176) ~[testng-7.6.1.jar:7.6.1]
	at org.testng.TestNG.runSuites(TestNG.java:1099) ~[testng-7.6.1.jar:7.6.1]
	at org.testng.TestNG.run(TestNG.java:1067) ~[testng-7.6.1.jar:7.6.1]
	at org.apache.maven.surefire.testng.TestNGExecutor.run(TestNGExecutor.java:324) ~[surefire-testng-3.0.0-M8.jar:3.0.0-M8]
	at org.apache.maven.surefire.testng.TestNGXmlTestSuite.execute(TestNGXmlTestSuite.java:74) ~[surefire-testng-3.0.0-M8.jar:3.0.0-M8]
	at org.apache.maven.surefire.testng.TestNGProvider.invoke(TestNGProvider.java:123) ~[surefire-testng-3.0.0-M8.jar:3.0.0-M8]
	at org.apache.maven.surefire.booter.ForkedBooter.runSuitesInProcess(ForkedBooter.java:456) ~[surefire-booter-3.0.0-M8.jar:3.0.0-M8]
	at org.apache.maven.surefire.booter.ForkedBooter.execute(ForkedBooter.java:169) ~[surefire-booter-3.0.0-M8.jar:3.0.0-M8]
	at org.apache.maven.surefire.booter.ForkedBooter.run(ForkedBooter.java:595) ~[surefire-booter-3.0.0-M8.jar:3.0.0-M8]
	at org.apache.maven.surefire.booter.ForkedBooter.main(ForkedBooter.java:581) ~[surefire-booter-3.0.0-M8.jar:3.0.0-M8]
2023-04-06 04:41:21,078 DEBUG internal.PlatformDependent0 [main] io.netty.util.internal.PlatformDependent0.<clinit>(PlatformDependent0.java:482) java.nio.DirectByteBuffer.<init>(long, int): unavailable
2023-04-06 04:41:21,078 DEBUG internal.PlatformDependent [main] io.netty.util.internal.PlatformDependent.unsafeUnavailabilityCause0(PlatformDependent.java:1159) sun.misc.Unsafe: available
2023-04-06 04:41:21,079 DEBUG internal.PlatformDependent [main] io.netty.util.internal.PlatformDependent.estimateMaxDirectMemory(PlatformDependent.java:1270) maxDirectMemory: 4227858432 bytes (maybe)
2023-04-06 04:41:21,079 DEBUG internal.PlatformDependent [main] io.netty.util.internal.PlatformDependent.tmpdir0(PlatformDependent.java:1289) -Dio.netty.tmpdir: C:\Users\ASUS\AppData\Local\Temp (java.io.tmpdir)
2023-04-06 04:41:21,079 DEBUG internal.PlatformDependent [main] io.netty.util.internal.PlatformDependent.bitMode0(PlatformDependent.java:1368) -Dio.netty.bitMode: 64 (sun.arch.data.model)
2023-04-06 04:41:21,079 DEBUG internal.PlatformDependent [main] io.netty.util.internal.PlatformDependent.isWindows0(PlatformDependent.java:1119) Platform: Windows
2023-04-06 04:41:21,081 DEBUG internal.PlatformDependent [main] io.netty.util.internal.PlatformDependent.<clinit>(PlatformDependent.java:178) -Dio.netty.maxDirectMemory: -1 bytes
2023-04-06 04:41:21,081 DEBUG internal.PlatformDependent [main] io.netty.util.internal.PlatformDependent.<clinit>(PlatformDependent.java:185) -Dio.netty.uninitializedArrayAllocationThreshold: -1
2023-04-06 04:41:21,082 DEBUG internal.CleanerJava9 [main] io.netty.util.internal.CleanerJava9.<clinit>(CleanerJava9.java:71) java.nio.ByteBuffer.cleaner(): available
2023-04-06 04:41:21,082 DEBUG internal.PlatformDependent [main] io.netty.util.internal.PlatformDependent.<clinit>(PlatformDependent.java:205) -Dio.netty.noPreferDirect: false
2023-04-06 04:41:21,086 DEBUG internal.PlatformDependent [main] io.netty.util.internal.PlatformDependent$Mpsc.<clinit>(PlatformDependent.java:1010) org.jctools-core.MpscChunkedArrayQueue: available
2023-04-06 04:41:21,096 DEBUG internal.InternalThreadLocalMap [main] io.netty.util.internal.InternalThreadLocalMap.<clinit>(InternalThreadLocalMap.java:100) -Dio.netty.threadLocalMap.stringBuilder.initialSize: 1024
2023-04-06 04:41:21,096 DEBUG internal.InternalThreadLocalMap [main] io.netty.util.internal.InternalThreadLocalMap.<clinit>(InternalThreadLocalMap.java:101) -Dio.netty.threadLocalMap.stringBuilder.maxSize: 4096
2023-04-06 04:41:21,104 DEBUG ssl.JdkSslContext [main] io.netty.handler.ssl.JdkSslContext.<clinit>(JdkSslContext.java:83) Default protocols (JDK): [TLSv1.3, TLSv1.2] 
2023-04-06 04:41:21,104 DEBUG ssl.JdkSslContext [main] io.netty.handler.ssl.JdkSslContext.<clinit>(JdkSslContext.java:84) Default cipher suites (JDK): [TLS_ECDHE_ECDSA_WITH_AES_256_GCM_SHA384, TLS_ECDHE_ECDSA_WITH_AES_128_GCM_SHA256, TLS_ECDHE_RSA_WITH_AES_128_GCM_SHA256, TLS_ECDHE_RSA_WITH_AES_256_GCM_SHA384, TLS_ECDHE_RSA_WITH_AES_128_CBC_SHA, TLS_ECDHE_RSA_WITH_AES_256_CBC_SHA, TLS_RSA_WITH_AES_128_GCM_SHA256, TLS_RSA_WITH_AES_128_CBC_SHA, TLS_RSA_WITH_AES_256_CBC_SHA, TLS_AES_128_GCM_SHA256, TLS_AES_256_GCM_SHA384]
2023-04-06 04:41:21,113 DEBUG concurrent.GlobalEventExecutor [main] io.netty.util.concurrent.GlobalEventExecutor.<clinit>(GlobalEventExecutor.java:53) -Dio.netty.globalEventExecutor.quietPeriodSeconds: 1
2023-04-06 04:41:21,121 DEBUG channel.MultithreadEventLoopGroup [main] io.netty.channel.MultithreadEventLoopGroup.<clinit>(MultithreadEventLoopGroup.java:44) -Dio.netty.eventLoopThreads: 24
2023-04-06 04:41:21,127 DEBUG nio.NioEventLoop [main] io.netty.channel.nio.NioEventLoop.<clinit>(NioEventLoop.java:110) -Dio.netty.noKeySetOptimization: false
2023-04-06 04:41:21,127 DEBUG nio.NioEventLoop [main] io.netty.channel.nio.NioEventLoop.<clinit>(NioEventLoop.java:111) -Dio.netty.selectorAutoRebuildThreshold: 512
2023-04-06 04:41:21,133 TRACE nio.NioEventLoop [main] io.netty.channel.nio.NioEventLoop.openSelector(NioEventLoop.java:264) instrumented a special java.util.Set into: sun.nio.ch.WEPollSelectorImpl@2aa6311a
2023-04-06 04:41:21,134 TRACE nio.NioEventLoop [main] io.netty.channel.nio.NioEventLoop.openSelector(NioEventLoop.java:264) instrumented a special java.util.Set into: sun.nio.ch.WEPollSelectorImpl@2c0b4c83
2023-04-06 04:41:21,135 TRACE nio.NioEventLoop [main] io.netty.channel.nio.NioEventLoop.openSelector(NioEventLoop.java:264) instrumented a special java.util.Set into: sun.nio.ch.WEPollSelectorImpl@78525ef9
2023-04-06 04:41:21,136 TRACE nio.NioEventLoop [main] io.netty.channel.nio.NioEventLoop.openSelector(NioEventLoop.java:264) instrumented a special java.util.Set into: sun.nio.ch.WEPollSelectorImpl@2d0ecb24
2023-04-06 04:41:21,136 TRACE nio.NioEventLoop [main] io.netty.channel.nio.NioEventLoop.openSelector(NioEventLoop.java:264) instrumented a special java.util.Set into: sun.nio.ch.WEPollSelectorImpl@4d654825
2023-04-06 04:41:21,137 TRACE nio.NioEventLoop [main] io.netty.channel.nio.NioEventLoop.openSelector(NioEventLoop.java:264) instrumented a special java.util.Set into: sun.nio.ch.WEPollSelectorImpl@3bfc6a5e
2023-04-06 04:41:21,138 TRACE nio.NioEventLoop [main] io.netty.channel.nio.NioEventLoop.openSelector(NioEventLoop.java:264) instrumented a special java.util.Set into: sun.nio.ch.WEPollSelectorImpl@51b35e4e
2023-04-06 04:41:21,139 TRACE nio.NioEventLoop [main] io.netty.channel.nio.NioEventLoop.openSelector(NioEventLoop.java:264) instrumented a special java.util.Set into: sun.nio.ch.WEPollSelectorImpl@abff8b7
2023-04-06 04:41:21,140 TRACE nio.NioEventLoop [main] io.netty.channel.nio.NioEventLoop.openSelector(NioEventLoop.java:264) instrumented a special java.util.Set into: sun.nio.ch.WEPollSelectorImpl@6d7cada5
2023-04-06 04:41:21,141 TRACE nio.NioEventLoop [main] io.netty.channel.nio.NioEventLoop.openSelector(NioEventLoop.java:264) instrumented a special java.util.Set into: sun.nio.ch.WEPollSelectorImpl@350a94ce
2023-04-06 04:41:21,141 TRACE nio.NioEventLoop [main] io.netty.channel.nio.NioEventLoop.openSelector(NioEventLoop.java:264) instrumented a special java.util.Set into: sun.nio.ch.WEPollSelectorImpl@7e00ed0f
2023-04-06 04:41:21,142 TRACE nio.NioEventLoop [main] io.netty.channel.nio.NioEventLoop.openSelector(NioEventLoop.java:264) instrumented a special java.util.Set into: sun.nio.ch.WEPollSelectorImpl@b0fc838
2023-04-06 04:41:21,143 TRACE nio.NioEventLoop [main] io.netty.channel.nio.NioEventLoop.openSelector(NioEventLoop.java:264) instrumented a special java.util.Set into: sun.nio.ch.WEPollSelectorImpl@3964d79
2023-04-06 04:41:21,144 TRACE nio.NioEventLoop [main] io.netty.channel.nio.NioEventLoop.openSelector(NioEventLoop.java:264) instrumented a special java.util.Set into: sun.nio.ch.WEPollSelectorImpl@62db0521
2023-04-06 04:41:21,145 TRACE nio.NioEventLoop [main] io.netty.channel.nio.NioEventLoop.openSelector(NioEventLoop.java:264) instrumented a special java.util.Set into: sun.nio.ch.WEPollSelectorImpl@1b4ae4e0
2023-04-06 04:41:21,145 TRACE nio.NioEventLoop [main] io.netty.channel.nio.NioEventLoop.openSelector(NioEventLoop.java:264) instrumented a special java.util.Set into: sun.nio.ch.WEPollSelectorImpl@6ef1a1b9
2023-04-06 04:41:21,146 TRACE nio.NioEventLoop [main] io.netty.channel.nio.NioEventLoop.openSelector(NioEventLoop.java:264) instrumented a special java.util.Set into: sun.nio.ch.WEPollSelectorImpl@5fbdc49b
2023-04-06 04:41:21,147 TRACE nio.NioEventLoop [main] io.netty.channel.nio.NioEventLoop.openSelector(NioEventLoop.java:264) instrumented a special java.util.Set into: sun.nio.ch.WEPollSelectorImpl@65753040
2023-04-06 04:41:21,148 TRACE nio.NioEventLoop [main] io.netty.channel.nio.NioEventLoop.openSelector(NioEventLoop.java:264) instrumented a special java.util.Set into: sun.nio.ch.WEPollSelectorImpl@2954b5ea
2023-04-06 04:41:21,149 TRACE nio.NioEventLoop [main] io.netty.channel.nio.NioEventLoop.openSelector(NioEventLoop.java:264) instrumented a special java.util.Set into: sun.nio.ch.WEPollSelectorImpl@4acb2510
2023-04-06 04:41:21,149 TRACE nio.NioEventLoop [main] io.netty.channel.nio.NioEventLoop.openSelector(NioEventLoop.java:264) instrumented a special java.util.Set into: sun.nio.ch.WEPollSelectorImpl@7be3a9ce
2023-04-06 04:41:21,150 TRACE nio.NioEventLoop [main] io.netty.channel.nio.NioEventLoop.openSelector(NioEventLoop.java:264) instrumented a special java.util.Set into: sun.nio.ch.WEPollSelectorImpl@37d871c2
2023-04-06 04:41:21,151 TRACE nio.NioEventLoop [main] io.netty.channel.nio.NioEventLoop.openSelector(NioEventLoop.java:264) instrumented a special java.util.Set into: sun.nio.ch.WEPollSelectorImpl@3baf6936
2023-04-06 04:41:21,152 TRACE nio.NioEventLoop [main] io.netty.channel.nio.NioEventLoop.openSelector(NioEventLoop.java:264) instrumented a special java.util.Set into: sun.nio.ch.WEPollSelectorImpl@285f38f6
2023-04-06 04:41:21,166 DEBUG buffer.PooledByteBufAllocator [main] io.netty.buffer.PooledByteBufAllocator.<clinit>(PooledByteBufAllocator.java:157) -Dio.netty.allocator.numHeapArenas: 24
2023-04-06 04:41:21,166 DEBUG buffer.PooledByteBufAllocator [main] io.netty.buffer.PooledByteBufAllocator.<clinit>(PooledByteBufAllocator.java:158) -Dio.netty.allocator.numDirectArenas: 24
2023-04-06 04:41:21,166 DEBUG buffer.PooledByteBufAllocator [main] io.netty.buffer.PooledByteBufAllocator.<clinit>(PooledByteBufAllocator.java:160) -Dio.netty.allocator.pageSize: 8192
2023-04-06 04:41:21,166 DEBUG buffer.PooledByteBufAllocator [main] io.netty.buffer.PooledByteBufAllocator.<clinit>(PooledByteBufAllocator.java:165) -Dio.netty.allocator.maxOrder: 9
2023-04-06 04:41:21,166 DEBUG buffer.PooledByteBufAllocator [main] io.netty.buffer.PooledByteBufAllocator.<clinit>(PooledByteBufAllocator.java:169) -Dio.netty.allocator.chunkSize: 4194304
2023-04-06 04:41:21,166 DEBUG buffer.PooledByteBufAllocator [main] io.netty.buffer.PooledByteBufAllocator.<clinit>(PooledByteBufAllocator.java:170) -Dio.netty.allocator.smallCacheSize: 256
2023-04-06 04:41:21,167 DEBUG buffer.PooledByteBufAllocator [main] io.netty.buffer.PooledByteBufAllocator.<clinit>(PooledByteBufAllocator.java:171) -Dio.netty.allocator.normalCacheSize: 64
2023-04-06 04:41:21,167 DEBUG buffer.PooledByteBufAllocator [main] io.netty.buffer.PooledByteBufAllocator.<clinit>(PooledByteBufAllocator.java:172) -Dio.netty.allocator.maxCachedBufferCapacity: 32768
2023-04-06 04:41:21,167 DEBUG buffer.PooledByteBufAllocator [main] io.netty.buffer.PooledByteBufAllocator.<clinit>(PooledByteBufAllocator.java:173) -Dio.netty.allocator.cacheTrimInterval: 8192
2023-04-06 04:41:21,167 DEBUG buffer.PooledByteBufAllocator [main] io.netty.buffer.PooledByteBufAllocator.<clinit>(PooledByteBufAllocator.java:174) -Dio.netty.allocator.cacheTrimIntervalMillis: 0
2023-04-06 04:41:21,167 DEBUG buffer.PooledByteBufAllocator [main] io.netty.buffer.PooledByteBufAllocator.<clinit>(PooledByteBufAllocator.java:175) -Dio.netty.allocator.useCacheForAllThreads: false
2023-04-06 04:41:21,168 DEBUG buffer.PooledByteBufAllocator [main] io.netty.buffer.PooledByteBufAllocator.<clinit>(PooledByteBufAllocator.java:176) -Dio.netty.allocator.maxCachedByteBuffersPerChunk: 1023
2023-04-06 04:41:21,174 DEBUG buffer.ByteBufUtil [main] io.netty.buffer.ByteBufUtil.<clinit>(ByteBufUtil.java:88) -Dio.netty.allocator.type: pooled
2023-04-06 04:41:21,175 DEBUG buffer.ByteBufUtil [main] io.netty.buffer.ByteBufUtil.<clinit>(ByteBufUtil.java:97) -Dio.netty.threadLocalDirectBufferSize: 0
2023-04-06 04:41:21,175 DEBUG buffer.ByteBufUtil [main] io.netty.buffer.ByteBufUtil.<clinit>(ByteBufUtil.java:100) -Dio.netty.maxThreadLocalCharBufferSize: 16384
2023-04-06 04:41:21,373 DEBUG channel.DefaultChannelId [Forwarding newSession on session null to remote] io.netty.channel.DefaultChannelId.<clinit>(DefaultChannelId.java:79) -Dio.netty.processId: 15996 (auto-detected)
2023-04-06 04:41:21,374 DEBUG util.NetUtil [Forwarding newSession on session null to remote] io.netty.util.NetUtil.<clinit>(NetUtil.java:142) -Djava.net.preferIPv4Stack: false
2023-04-06 04:41:21,374 DEBUG util.NetUtil [Forwarding newSession on session null to remote] io.netty.util.NetUtil.<clinit>(NetUtil.java:143) -Djava.net.preferIPv6Addresses: false
2023-04-06 04:41:21,380 DEBUG util.NetUtilInitializations [Forwarding newSession on session null to remote] io.netty.util.NetUtilInitializations.determineLoopback(NetUtilInitializations.java:145) Loopback interface: lo (Software Loopback Interface 1, 127.0.0.1)
2023-04-06 04:41:21,382 DEBUG util.NetUtil [Forwarding newSession on session null to remote] io.netty.util.NetUtil$SoMaxConnAction.run(NetUtil.java:200) Failed to get SOMAXCONN from sysctl and file \proc\sys\net\core\somaxconn. Default: 200
2023-04-06 04:41:21,396 DEBUG channel.DefaultChannelId [Forwarding newSession on session null to remote] io.netty.channel.DefaultChannelId.<clinit>(DefaultChannelId.java:101) -Dio.netty.machineId: b4:8c:9d:ff:fe:c9:70:f1 (auto-detected)
2023-04-06 04:41:21,426 DEBUG buffer.AbstractByteBuf [AsyncHttpClient-1-2] io.netty.buffer.AbstractByteBuf.<clinit>(AbstractByteBuf.java:63) -Dio.netty.buffer.checkAccessible: true
2023-04-06 04:41:21,426 DEBUG buffer.AbstractByteBuf [AsyncHttpClient-1-2] io.netty.buffer.AbstractByteBuf.<clinit>(AbstractByteBuf.java:64) -Dio.netty.buffer.checkBounds: true
2023-04-06 04:41:21,426 DEBUG util.ResourceLeakDetectorFactory [AsyncHttpClient-1-2] io.netty.util.ResourceLeakDetectorFactory$DefaultResourceLeakDetectorFactory.newResourceLeakDetector(ResourceLeakDetectorFactory.java:196) Loaded default ResourceLeakDetector: io.netty.util.ResourceLeakDetector@3175e96
2023-04-06 04:41:21,445 DEBUG util.Recycler [AsyncHttpClient-1-2] io.netty.util.Recycler.<clinit>(Recycler.java:96) -Dio.netty.recycler.maxCapacityPerThread: 4096
2023-04-06 04:41:21,445 DEBUG util.Recycler [AsyncHttpClient-1-2] io.netty.util.Recycler.<clinit>(Recycler.java:97) -Dio.netty.recycler.ratio: 8
2023-04-06 04:41:21,445 DEBUG util.Recycler [AsyncHttpClient-1-2] io.netty.util.Recycler.<clinit>(Recycler.java:98) -Dio.netty.recycler.chunkSize: 32
2023-04-06 04:41:21,445 DEBUG util.Recycler [AsyncHttpClient-1-2] io.netty.util.Recycler.<clinit>(Recycler.java:99) -Dio.netty.recycler.blocking: false
2023-04-06 04:41:21,445 DEBUG util.Recycler [AsyncHttpClient-1-2] io.netty.util.Recycler.<clinit>(Recycler.java:100) -Dio.netty.recycler.batchFastThreadLocalOnly: true
2023-04-06 04:41:21,919 DEBUG compression.Brotli [AsyncHttpClient-1-2] io.netty.handler.codec.compression.Brotli.<clinit>(Brotli.java:38) brotli4j not in the classpath; Brotli support will be unavailable.
2023-04-06 04:41:21,972 DEBUG internal.ThreadLocalRandom [main] io.netty.util.internal.ThreadLocalRandom.newSeed(ThreadLocalRandom.java:214) -Dio.netty.initialSeedUniquifier: 0x4223a17909cc8538
2023-04-06 04:41:22,120 INFO  [main] utils.MapCreator.createEnglishShiftMap(MapCreator.java:12) Was created english Shift Map
2023-04-06 04:41:22,120 INFO  [main] utils.MapCreator.createRussianShiftMap(MapCreator.java:25) Was created russian Shift Map
2023-04-06 04:41:22,120 INFO  [main] utils.MapCreator.createEnRuMap(MapCreator.java:36) Was created EN/RU Map
2023-04-06 04:41:22,681 INFO  [main] page.VirtKeyHomePage.openPage(VirtKeyHomePage.java:33) Was opened 'Virtual Keyboard' page with URL: [https://virtual-keyboard-app.vercel.app/]
]]></system-out>
    <system-err><![CDATA[SLF4J: Failed to load class "org.slf4j.impl.StaticLoggerBinder".
SLF4J: Defaulting to no-operation (NOP) logger implementation
SLF4J: See http://www.slf4j.org/codes.html#StaticLoggerBinder for further details.
Starting ChromeDriver 111.0.5563.64 (c710e93d5b63b7095afe8c2c17df34408078439d-refs/branch-heads/5563@{#995}) on port 4020
Only local connections are allowed.
Please see https://chromedriver.chromium.org/security-considerations for suggestions on keeping ChromeDriver safe.
ChromeDriver was started successfully.
]]></system-err>
  </testcase>
  <testcase name="t02_showKeyboard" classname="test.VirtKeyTests" time="1.252">
    <system-out><![CDATA[2023-04-06 04:41:22,688 TRACE websocketx.WebSocket08FrameEncoder [AsyncHttpClient-1-4] io.netty.handler.codec.http.websocketx.WebSocket08FrameEncoder.encode(WebSocket08FrameEncoder.java:129) Encoding WebSocket Frame opCode=8 length=26
2023-04-06 04:41:23,443 INFO  [main] utils.MapCreator.createEnglishShiftMap(MapCreator.java:12) Was created english Shift Map
2023-04-06 04:41:23,444 INFO  [main] utils.MapCreator.createRussianShiftMap(MapCreator.java:25) Was created russian Shift Map
2023-04-06 04:41:23,444 INFO  [main] utils.MapCreator.createEnRuMap(MapCreator.java:36) Was created EN/RU Map
2023-04-06 04:41:24,636 INFO  [main] page.VirtKeyHomePage.openPage(VirtKeyHomePage.java:33) Was opened 'Virtual Keyboard' page with URL: [https://virtual-keyboard-app.vercel.app/]
2023-04-06 04:41:24,685 INFO  [main] page.VirtKeyHomePage.showKeyboard(VirtKeyHomePage.java:40) Was showed keyboard on the screen
]]></system-out>
    <system-err><![CDATA[апр. 06, 2023 4:41:22 AM org.openqa.selenium.remote.http.WebSocket$Listener onError
WARNING: Connection reset
java.net.SocketException: Connection reset
	at java.base/sun.nio.ch.SocketChannelImpl.throwConnectionReset(SocketChannelImpl.java:394)
	at java.base/sun.nio.ch.SocketChannelImpl.read(SocketChannelImpl.java:426)
	at io.netty.buffer.PooledByteBuf.setBytes(PooledByteBuf.java:256)
	at io.netty.buffer.AbstractByteBuf.writeBytes(AbstractByteBuf.java:1132)
	at io.netty.channel.socket.nio.NioSocketChannel.doReadBytes(NioSocketChannel.java:357)
	at io.netty.channel.nio.AbstractNioByteChannel$NioByteUnsafe.read(AbstractNioByteChannel.java:151)
	at io.netty.channel.nio.NioEventLoop.processSelectedKey(NioEventLoop.java:788)
	at io.netty.channel.nio.NioEventLoop.processSelectedKeysOptimized(NioEventLoop.java:724)
	at io.netty.channel.nio.NioEventLoop.processSelectedKeys(NioEventLoop.java:650)
	at io.netty.channel.nio.NioEventLoop.run(NioEventLoop.java:562)
	at io.netty.util.concurrent.SingleThreadEventExecutor$4.run(SingleThreadEventExecutor.java:997)
	at io.netty.util.internal.ThreadExecutorMap$2.run(ThreadExecutorMap.java:74)
	at io.netty.util.concurrent.FastThreadLocalRunnable.run(FastThreadLocalRunnable.java:30)
	at java.base/java.lang.Thread.run(Thread.java:833)

Starting ChromeDriver 111.0.5563.64 (c710e93d5b63b7095afe8c2c17df34408078439d-refs/branch-heads/5563@{#995}) on port 30415
Only local connections are allowed.
Please see https://chromedriver.chromium.org/security-considerations for suggestions on keeping ChromeDriver safe.
ChromeDriver was started successfully.
]]></system-err>
  </testcase>
  <testcase name="t03_maximizeOutputTextarea" classname="test.VirtKeyTests" time="1.067">
    <system-out><![CDATA[2023-04-06 04:41:24,695 TRACE websocketx.WebSocket08FrameEncoder [AsyncHttpClient-1-7] io.netty.handler.codec.http.websocketx.WebSocket08FrameEncoder.encode(WebSocket08FrameEncoder.java:129) Encoding WebSocket Frame opCode=8 length=26
2023-04-06 04:41:25,487 INFO  [main] utils.MapCreator.createEnglishShiftMap(MapCreator.java:12) Was created english Shift Map
2023-04-06 04:41:25,487 INFO  [main] utils.MapCreator.createRussianShiftMap(MapCreator.java:25) Was created russian Shift Map
2023-04-06 04:41:25,487 INFO  [main] utils.MapCreator.createEnRuMap(MapCreator.java:36) Was created EN/RU Map
2023-04-06 04:41:26,480 INFO  [main] page.VirtKeyHomePage.openPage(VirtKeyHomePage.java:33) Was opened 'Virtual Keyboard' page with URL: [https://virtual-keyboard-app.vercel.app/]
2023-04-06 04:41:26,526 INFO  [main] page.VirtKeyHomePage.showKeyboard(VirtKeyHomePage.java:40) Was showed keyboard on the screen
]]></system-out>
    <system-err><![CDATA[Starting ChromeDriver 111.0.5563.64 (c710e93d5b63b7095afe8c2c17df34408078439d-refs/branch-heads/5563@{#995}) on port 11884
Only local connections are allowed.
Please see https://chromedriver.chromium.org/security-considerations for suggestions on keeping ChromeDriver safe.
ChromeDriver was started successfully.
]]></system-err>
  </testcase>
  <testcase name="t04_writeTextWithoutShiftInEnglish" classname="test.VirtKeyTests" time="2.044">
    <system-out><![CDATA[2023-04-06 04:41:26,554 TRACE websocketx.WebSocket08FrameEncoder [AsyncHttpClient-1-10] io.netty.handler.codec.http.websocketx.WebSocket08FrameEncoder.encode(WebSocket08FrameEncoder.java:129) Encoding WebSocket Frame opCode=8 length=26
2023-04-06 04:41:27,341 INFO  [main] utils.MapCreator.createEnglishShiftMap(MapCreator.java:12) Was created english Shift Map
2023-04-06 04:41:27,341 INFO  [main] utils.MapCreator.createRussianShiftMap(MapCreator.java:25) Was created russian Shift Map
2023-04-06 04:41:27,341 INFO  [main] utils.MapCreator.createEnRuMap(MapCreator.java:36) Was created EN/RU Map
2023-04-06 04:41:27,983 INFO  [main] page.VirtKeyHomePage.openPage(VirtKeyHomePage.java:33) Was opened 'Virtual Keyboard' page with URL: [https://virtual-keyboard-app.vercel.app/]
2023-04-06 04:41:28,033 INFO  [main] page.VirtKeyHomePage.showKeyboard(VirtKeyHomePage.java:40) Was showed keyboard on the screen
2023-04-06 04:41:29,371 INFO  [main] page.VirtKeyHomePage.writeText(VirtKeyHomePage.java:127) Was wrote text 'hello ;-=`'123\/.[]'
]]></system-out>
    <system-err><![CDATA[Starting ChromeDriver 111.0.5563.64 (c710e93d5b63b7095afe8c2c17df34408078439d-refs/branch-heads/5563@{#995}) on port 42968
Only local connections are allowed.
Please see https://chromedriver.chromium.org/security-considerations for suggestions on keeping ChromeDriver safe.
ChromeDriver was started successfully.
]]></system-err>
  </testcase>
  <testcase name="t05_writeTextWithShiftInEnglish" classname="test.VirtKeyTests" time="2.98">
    <system-out><![CDATA[2023-04-06 04:41:29,385 TRACE websocketx.WebSocket08FrameEncoder [AsyncHttpClient-1-13] io.netty.handler.codec.http.websocketx.WebSocket08FrameEncoder.encode(WebSocket08FrameEncoder.java:129) Encoding WebSocket Frame opCode=8 length=26
2023-04-06 04:41:30,161 INFO  [main] utils.MapCreator.createEnglishShiftMap(MapCreator.java:12) Was created english Shift Map
2023-04-06 04:41:30,162 INFO  [main] utils.MapCreator.createRussianShiftMap(MapCreator.java:25) Was created russian Shift Map
2023-04-06 04:41:30,162 INFO  [main] utils.MapCreator.createEnRuMap(MapCreator.java:36) Was created EN/RU Map
2023-04-06 04:41:31,440 INFO  [main] page.VirtKeyHomePage.openPage(VirtKeyHomePage.java:33) Was opened 'Virtual Keyboard' page with URL: [https://virtual-keyboard-app.vercel.app/]
2023-04-06 04:41:31,485 INFO  [main] page.VirtKeyHomePage.showKeyboard(VirtKeyHomePage.java:40) Was showed keyboard on the screen
2023-04-06 04:41:31,499 INFO  [main] page.VirtKeyHomePage.clickShiftWithJSExecutor(VirtKeyHomePage.java:132) Was clicked key 'Shift'
2023-04-06 04:41:33,103 INFO  [main] page.VirtKeyHomePage.clickShiftWithJSExecutor(VirtKeyHomePage.java:132) Was clicked key 'Shift'
2023-04-06 04:41:33,127 INFO  [main] page.VirtKeyHomePage.writeText(VirtKeyHomePage.java:127) Was wrote text 'HELLO ~!@#$%^&*()_+{}|:"<>?'
]]></system-out>
    <system-err><![CDATA[Starting ChromeDriver 111.0.5563.64 (c710e93d5b63b7095afe8c2c17df34408078439d-refs/branch-heads/5563@{#995}) on port 35582
Only local connections are allowed.
Please see https://chromedriver.chromium.org/security-considerations for suggestions on keeping ChromeDriver safe.
ChromeDriver was started successfully.
]]></system-err>
  </testcase>
  <testcase name="t06_writeTextWithAndWithoutShiftInEnglish" classname="test.VirtKeyTests" time="2.525">
    <system-out><![CDATA[2023-04-06 04:41:33,141 TRACE websocketx.WebSocket08FrameEncoder [AsyncHttpClient-1-16] io.netty.handler.codec.http.websocketx.WebSocket08FrameEncoder.encode(WebSocket08FrameEncoder.java:129) Encoding WebSocket Frame opCode=8 length=26
2023-04-06 04:41:33,914 INFO  [main] utils.MapCreator.createEnglishShiftMap(MapCreator.java:12) Was created english Shift Map
2023-04-06 04:41:33,914 INFO  [main] utils.MapCreator.createRussianShiftMap(MapCreator.java:25) Was created russian Shift Map
2023-04-06 04:41:33,914 INFO  [main] utils.MapCreator.createEnRuMap(MapCreator.java:36) Was created EN/RU Map
2023-04-06 04:41:34,495 INFO  [main] page.VirtKeyHomePage.openPage(VirtKeyHomePage.java:33) Was opened 'Virtual Keyboard' page with URL: [https://virtual-keyboard-app.vercel.app/]
2023-04-06 04:41:34,539 INFO  [main] page.VirtKeyHomePage.showKeyboard(VirtKeyHomePage.java:40) Was showed keyboard on the screen
2023-04-06 04:41:34,553 INFO  [main] page.VirtKeyHomePage.clickShiftWithJSExecutor(VirtKeyHomePage.java:132) Was clicked key 'Shift'
2023-04-06 04:41:35,123 INFO  [main] page.VirtKeyHomePage.clickShiftWithJSExecutor(VirtKeyHomePage.java:132) Was clicked key 'Shift'
2023-04-06 04:41:35,167 INFO  [main] page.VirtKeyHomePage.clickShiftWithJSExecutor(VirtKeyHomePage.java:132) Was clicked key 'Shift'
2023-04-06 04:41:35,238 INFO  [main] page.VirtKeyHomePage.clickShiftWithJSExecutor(VirtKeyHomePage.java:132) Was clicked key 'Shift'
2023-04-06 04:41:35,317 INFO  [main] page.VirtKeyHomePage.clickShiftWithJSExecutor(VirtKeyHomePage.java:132) Was clicked key 'Shift'
2023-04-06 04:41:35,549 INFO  [main] page.VirtKeyHomePage.clickShiftWithJSExecutor(VirtKeyHomePage.java:132) Was clicked key 'Shift'
2023-04-06 04:41:35,646 INFO  [main] page.VirtKeyHomePage.clickShiftWithJSExecutor(VirtKeyHomePage.java:132) Was clicked key 'Shift'
2023-04-06 04:41:35,845 INFO  [main] page.VirtKeyHomePage.clickShiftWithJSExecutor(VirtKeyHomePage.java:132) Was clicked key 'Shift'
2023-04-06 04:41:35,936 INFO  [main] page.VirtKeyHomePage.clickShiftWithJSExecutor(VirtKeyHomePage.java:132) Was clicked key 'Shift'
2023-04-06 04:41:36,263 INFO  [main] page.VirtKeyHomePage.clickShiftWithJSExecutor(VirtKeyHomePage.java:132) Was clicked key 'Shift'
2023-04-06 04:41:36,320 INFO  [main] page.VirtKeyHomePage.clickShiftWithJSExecutor(VirtKeyHomePage.java:132) Was clicked key 'Shift'
2023-04-06 04:41:36,403 INFO  [main] page.VirtKeyHomePage.clickShiftWithJSExecutor(VirtKeyHomePage.java:132) Was clicked key 'Shift'
2023-04-06 04:41:36,427 INFO  [main] page.VirtKeyHomePage.writeText(VirtKeyHomePage.java:127) Was wrote text 'HeLLo ~!@#$%her^&*()345_+{}|:"<[]>?'
]]></system-out>
    <system-err><![CDATA[Starting ChromeDriver 111.0.5563.64 (c710e93d5b63b7095afe8c2c17df34408078439d-refs/branch-heads/5563@{#995}) on port 11833
Only local connections are allowed.
Please see https://chromedriver.chromium.org/security-considerations for suggestions on keeping ChromeDriver safe.
ChromeDriver was started successfully.
]]></system-err>
  </testcase>
  <testcase name="t07_writeTextWithoutShiftInRussian" classname="test.VirtKeyTests" time="4.372">
    <system-out><![CDATA[2023-04-06 04:41:36,440 TRACE websocketx.WebSocket08FrameEncoder [AsyncHttpClient-1-19] io.netty.handler.codec.http.websocketx.WebSocket08FrameEncoder.encode(WebSocket08FrameEncoder.java:129) Encoding WebSocket Frame opCode=8 length=26
2023-04-06 04:41:37,215 INFO  [main] utils.MapCreator.createEnglishShiftMap(MapCreator.java:12) Was created english Shift Map
2023-04-06 04:41:37,215 INFO  [main] utils.MapCreator.createRussianShiftMap(MapCreator.java:25) Was created russian Shift Map
2023-04-06 04:41:37,215 INFO  [main] utils.MapCreator.createEnRuMap(MapCreator.java:36) Was created EN/RU Map
2023-04-06 04:41:38,506 INFO  [main] page.VirtKeyHomePage.openPage(VirtKeyHomePage.java:33) Was opened 'Virtual Keyboard' page with URL: [https://virtual-keyboard-app.vercel.app/]
2023-04-06 04:41:38,548 INFO  [main] page.VirtKeyHomePage.showKeyboard(VirtKeyHomePage.java:40) Was showed keyboard on the screen
2023-04-06 04:41:38,559 INFO  [main] page.VirtKeyHomePage.clickLangWIthJSExecutor(VirtKeyHomePage.java:138) Was clicked key 'Language'
2023-04-06 04:41:39,678 INFO  [main] page.VirtKeyHomePage.clickLangWIthJSExecutor(VirtKeyHomePage.java:138) Was clicked key 'Language'
2023-04-06 04:41:40,143 INFO  [main] page.VirtKeyHomePage.clickLangWIthJSExecutor(VirtKeyHomePage.java:138) Was clicked key 'Language'
2023-04-06 04:41:41,122 INFO  [main] page.VirtKeyHomePage.clickLangWIthJSExecutor(VirtKeyHomePage.java:138) Was clicked key 'Language'
2023-04-06 04:41:41,167 INFO  [main] page.VirtKeyHomePage.clickLangWIthJSExecutor(VirtKeyHomePage.java:138) Was clicked key 'Language'
2023-04-06 04:41:41,528 INFO  [main] page.VirtKeyHomePage.clickLangWIthJSExecutor(VirtKeyHomePage.java:138) Was clicked key 'Language'
2023-04-06 04:41:41,575 INFO  [main] page.VirtKeyHomePage.writeText(VirtKeyHomePage.java:127) Was wrote text 'ё1234567890-=йцуке нгшщзхъ
фывапролджэ\ячсмитьбю.'
]]></system-out>
    <system-err><![CDATA[Starting ChromeDriver 111.0.5563.64 (c710e93d5b63b7095afe8c2c17df34408078439d-refs/branch-heads/5563@{#995}) on port 5086
Only local connections are allowed.
Please see https://chromedriver.chromium.org/security-considerations for suggestions on keeping ChromeDriver safe.
ChromeDriver was started successfully.
]]></system-err>
  </testcase>
  <testcase name="t08_writeTextWithShiftInRussian" classname="test.VirtKeyTests" time="4.029">
    <system-out><![CDATA[2023-04-06 04:41:41,587 TRACE websocketx.WebSocket08FrameEncoder [AsyncHttpClient-1-22] io.netty.handler.codec.http.websocketx.WebSocket08FrameEncoder.encode(WebSocket08FrameEncoder.java:129) Encoding WebSocket Frame opCode=8 length=26
2023-04-06 04:41:42,365 INFO  [main] utils.MapCreator.createEnglishShiftMap(MapCreator.java:12) Was created english Shift Map
2023-04-06 04:41:42,365 INFO  [main] utils.MapCreator.createRussianShiftMap(MapCreator.java:25) Was created russian Shift Map
2023-04-06 04:41:42,365 INFO  [main] utils.MapCreator.createEnRuMap(MapCreator.java:36) Was created EN/RU Map
2023-04-06 04:41:43,337 INFO  [main] page.VirtKeyHomePage.openPage(VirtKeyHomePage.java:33) Was opened 'Virtual Keyboard' page with URL: [https://virtual-keyboard-app.vercel.app/]
2023-04-06 04:41:43,377 INFO  [main] page.VirtKeyHomePage.showKeyboard(VirtKeyHomePage.java:40) Was showed keyboard on the screen
2023-04-06 04:41:43,387 INFO  [main] page.VirtKeyHomePage.clickShiftWithJSExecutor(VirtKeyHomePage.java:132) Was clicked key 'Shift'
2023-04-06 04:41:43,393 INFO  [main] page.VirtKeyHomePage.clickLangWIthJSExecutor(VirtKeyHomePage.java:138) Was clicked key 'Language'
2023-04-06 04:41:44,515 INFO  [main] page.VirtKeyHomePage.clickLangWIthJSExecutor(VirtKeyHomePage.java:138) Was clicked key 'Language'
2023-04-06 04:41:44,592 INFO  [main] page.VirtKeyHomePage.clickLangWIthJSExecutor(VirtKeyHomePage.java:138) Was clicked key 'Language'
2023-04-06 04:41:44,633 INFO  [main] page.VirtKeyHomePage.clickShiftWithJSExecutor(VirtKeyHomePage.java:132) Was clicked key 'Shift'
2023-04-06 04:41:44,638 INFO  [main] page.VirtKeyHomePage.clickLangWIthJSExecutor(VirtKeyHomePage.java:138) Was clicked key 'Language'
2023-04-06 04:41:44,684 INFO  [main] page.VirtKeyHomePage.clickShiftWithJSExecutor(VirtKeyHomePage.java:132) Was clicked key 'Shift'
2023-04-06 04:41:44,991 INFO  [main] page.VirtKeyHomePage.clickLangWIthJSExecutor(VirtKeyHomePage.java:138) Was clicked key 'Language'
2023-04-06 04:41:45,911 INFO  [main] page.VirtKeyHomePage.clickLangWIthJSExecutor(VirtKeyHomePage.java:138) Was clicked key 'Language'
2023-04-06 04:41:45,959 INFO  [main] page.VirtKeyHomePage.clickLangWIthJSExecutor(VirtKeyHomePage.java:138) Was clicked key 'Language'
2023-04-06 04:41:46,323 INFO  [main] page.VirtKeyHomePage.clickShiftWithJSExecutor(VirtKeyHomePage.java:132) Was clicked key 'Shift'
2023-04-06 04:41:46,330 INFO  [main] page.VirtKeyHomePage.clickLangWIthJSExecutor(VirtKeyHomePage.java:138) Was clicked key 'Language'
2023-04-06 04:41:46,381 INFO  [main] page.VirtKeyHomePage.writeText(VirtKeyHomePage.java:127) Was wrote text 'Ё!"№;%:?*()_+ЙЦУКЕНГШЩЗХЪ
ФЫВА ПРОЛДЖЭ|ЯЧСМИТБЬЮ,'
]]></system-out>
    <system-err><![CDATA[Starting ChromeDriver 111.0.5563.64 (c710e93d5b63b7095afe8c2c17df34408078439d-refs/branch-heads/5563@{#995}) on port 16643
Only local connections are allowed.
Please see https://chromedriver.chromium.org/security-considerations for suggestions on keeping ChromeDriver safe.
ChromeDriver was started successfully.
]]></system-err>
  </testcase>
  <testcase name="t09_writeTextWithAndWithoutShiftInRussian" classname="test.VirtKeyTests" time="4.168">
    <system-out><![CDATA[2023-04-06 04:41:46,393 TRACE websocketx.WebSocket08FrameEncoder [AsyncHttpClient-1-25] io.netty.handler.codec.http.websocketx.WebSocket08FrameEncoder.encode(WebSocket08FrameEncoder.java:129) Encoding WebSocket Frame opCode=8 length=26
2023-04-06 04:41:47,177 INFO  [main] utils.MapCreator.createEnglishShiftMap(MapCreator.java:12) Was created english Shift Map
2023-04-06 04:41:47,177 INFO  [main] utils.MapCreator.createRussianShiftMap(MapCreator.java:25) Was created russian Shift Map
2023-04-06 04:41:47,177 INFO  [main] utils.MapCreator.createEnRuMap(MapCreator.java:36) Was created EN/RU Map
2023-04-06 04:41:48,270 INFO  [main] page.VirtKeyHomePage.openPage(VirtKeyHomePage.java:33) Was opened 'Virtual Keyboard' page with URL: [https://virtual-keyboard-app.vercel.app/]
2023-04-06 04:41:48,310 INFO  [main] page.VirtKeyHomePage.showKeyboard(VirtKeyHomePage.java:40) Was showed keyboard on the screen
2023-04-06 04:41:48,322 INFO  [main] page.VirtKeyHomePage.clickShiftWithJSExecutor(VirtKeyHomePage.java:132) Was clicked key 'Shift'
2023-04-06 04:41:48,334 INFO  [main] page.VirtKeyHomePage.clickLangWIthJSExecutor(VirtKeyHomePage.java:138) Was clicked key 'Language'
2023-04-06 04:41:49,453 INFO  [main] page.VirtKeyHomePage.clickShiftWithJSExecutor(VirtKeyHomePage.java:132) Was clicked key 'Shift'
2023-04-06 04:41:49,461 INFO  [main] page.VirtKeyHomePage.clickLangWIthJSExecutor(VirtKeyHomePage.java:138) Was clicked key 'Language'
2023-04-06 04:41:49,614 INFO  [main] page.VirtKeyHomePage.clickShiftWithJSExecutor(VirtKeyHomePage.java:132) Was clicked key 'Shift'
2023-04-06 04:41:49,756 INFO  [main] page.VirtKeyHomePage.clickShiftWithJSExecutor(VirtKeyHomePage.java:132) Was clicked key 'Shift'
2023-04-06 04:41:49,835 INFO  [main] page.VirtKeyHomePage.clickShiftWithJSExecutor(VirtKeyHomePage.java:132) Was clicked key 'Shift'
2023-04-06 04:41:49,913 INFO  [main] page.VirtKeyHomePage.clickLangWIthJSExecutor(VirtKeyHomePage.java:138) Was clicked key 'Language'
2023-04-06 04:41:49,953 INFO  [main] page.VirtKeyHomePage.clickShiftWithJSExecutor(VirtKeyHomePage.java:132) Was clicked key 'Shift'
2023-04-06 04:41:50,146 INFO  [main] page.VirtKeyHomePage.clickShiftWithJSExecutor(VirtKeyHomePage.java:132) Was clicked key 'Shift'
2023-04-06 04:41:50,485 INFO  [main] page.VirtKeyHomePage.clickShiftWithJSExecutor(VirtKeyHomePage.java:132) Was clicked key 'Shift'
2023-04-06 04:41:50,603 INFO  [main] page.VirtKeyHomePage.clickShiftWithJSExecutor(VirtKeyHomePage.java:132) Was clicked key 'Shift'
2023-04-06 04:41:50,724 INFO  [main] page.VirtKeyHomePage.clickShiftWithJSExecutor(VirtKeyHomePage.java:132) Was clicked key 'Shift'
2023-04-06 04:41:50,834 INFO  [main] page.VirtKeyHomePage.clickShiftWithJSExecutor(VirtKeyHomePage.java:132) Was clicked key 'Shift'
2023-04-06 04:41:50,877 INFO  [main] page.VirtKeyHomePage.clickLangWIthJSExecutor(VirtKeyHomePage.java:138) Was clicked key 'Language'
2023-04-06 04:41:50,921 INFO  [main] page.VirtKeyHomePage.clickLangWIthJSExecutor(VirtKeyHomePage.java:138) Was clicked key 'Language'
2023-04-06 04:41:51,043 INFO  [main] page.VirtKeyHomePage.clickShiftWithJSExecutor(VirtKeyHomePage.java:132) Was clicked key 'Shift'
2023-04-06 04:41:51,165 INFO  [main] page.VirtKeyHomePage.clickShiftWithJSExecutor(VirtKeyHomePage.java:132) Was clicked key 'Shift'
2023-04-06 04:41:51,283 INFO  [main] page.VirtKeyHomePage.clickShiftWithJSExecutor(VirtKeyHomePage.java:132) Was clicked key 'Shift'
2023-04-06 04:41:51,289 INFO  [main] page.VirtKeyHomePage.clickLangWIthJSExecutor(VirtKeyHomePage.java:138) Was clicked key 'Language'
2023-04-06 04:41:51,334 INFO  [main] page.VirtKeyHomePage.writeText(VirtKeyHomePage.java:127) Was wrote text 'Ё123;%:?*90_+ЙцукенГШЩЗХЪ
ФЫва ПРОлджЭ|ЯЧСмитБЬЮ,'
]]></system-out>
    <system-err><![CDATA[Starting ChromeDriver 111.0.5563.64 (c710e93d5b63b7095afe8c2c17df34408078439d-refs/branch-heads/5563@{#995}) on port 30939
Only local connections are allowed.
Please see https://chromedriver.chromium.org/security-considerations for suggestions on keeping ChromeDriver safe.
ChromeDriver was started successfully.
]]></system-err>
  </testcase>
  <testcase name="t10_writeTextWithAndWithoutShiftInRussianAndEnglish" classname="test.VirtKeyTests" time="4.705">
    <system-out><![CDATA[2023-04-06 04:41:51,346 TRACE websocketx.WebSocket08FrameEncoder [AsyncHttpClient-1-4] io.netty.handler.codec.http.websocketx.WebSocket08FrameEncoder.encode(WebSocket08FrameEncoder.java:129) Encoding WebSocket Frame opCode=8 length=26
2023-04-06 04:41:52,129 INFO  [main] utils.MapCreator.createEnglishShiftMap(MapCreator.java:12) Was created english Shift Map
2023-04-06 04:41:52,129 INFO  [main] utils.MapCreator.createRussianShiftMap(MapCreator.java:25) Was created russian Shift Map
2023-04-06 04:41:52,129 INFO  [main] utils.MapCreator.createEnRuMap(MapCreator.java:36) Was created EN/RU Map
2023-04-06 04:41:53,414 INFO  [main] page.VirtKeyHomePage.openPage(VirtKeyHomePage.java:33) Was opened 'Virtual Keyboard' page with URL: [https://virtual-keyboard-app.vercel.app/]
2023-04-06 04:41:53,454 INFO  [main] page.VirtKeyHomePage.showKeyboard(VirtKeyHomePage.java:40) Was showed keyboard on the screen
2023-04-06 04:41:54,726 INFO  [main] page.VirtKeyHomePage.clickShiftWithJSExecutor(VirtKeyHomePage.java:132) Was clicked key 'Shift'
2023-04-06 04:41:54,891 INFO  [main] page.VirtKeyHomePage.clickShiftWithJSExecutor(VirtKeyHomePage.java:132) Was clicked key 'Shift'
2023-04-06 04:41:54,977 INFO  [main] page.VirtKeyHomePage.clickShiftWithJSExecutor(VirtKeyHomePage.java:132) Was clicked key 'Shift'
2023-04-06 04:41:55,057 INFO  [main] page.VirtKeyHomePage.clickLangWIthJSExecutor(VirtKeyHomePage.java:138) Was clicked key 'Language'
2023-04-06 04:41:55,107 INFO  [main] page.VirtKeyHomePage.clickShiftWithJSExecutor(VirtKeyHomePage.java:132) Was clicked key 'Shift'
2023-04-06 04:41:55,194 INFO  [main] page.VirtKeyHomePage.clickLangWIthJSExecutor(VirtKeyHomePage.java:138) Was clicked key 'Language'
2023-04-06 04:41:55,336 INFO  [main] page.VirtKeyHomePage.clickShiftWithJSExecutor(VirtKeyHomePage.java:132) Was clicked key 'Shift'
2023-04-06 04:41:55,341 INFO  [main] page.VirtKeyHomePage.clickLangWIthJSExecutor(VirtKeyHomePage.java:138) Was clicked key 'Language'
2023-04-06 04:41:55,422 INFO  [main] page.VirtKeyHomePage.clickShiftWithJSExecutor(VirtKeyHomePage.java:132) Was clicked key 'Shift'
2023-04-06 04:41:55,428 INFO  [main] page.VirtKeyHomePage.clickLangWIthJSExecutor(VirtKeyHomePage.java:138) Was clicked key 'Language'
2023-04-06 04:41:55,509 INFO  [main] page.VirtKeyHomePage.clickShiftWithJSExecutor(VirtKeyHomePage.java:132) Was clicked key 'Shift'
2023-04-06 04:41:55,514 INFO  [main] page.VirtKeyHomePage.clickLangWIthJSExecutor(VirtKeyHomePage.java:138) Was clicked key 'Language'
2023-04-06 04:41:55,671 INFO  [main] page.VirtKeyHomePage.clickLangWIthJSExecutor(VirtKeyHomePage.java:138) Was clicked key 'Language'
2023-04-06 04:41:55,703 INFO  [main] page.VirtKeyHomePage.clickLangWIthJSExecutor(VirtKeyHomePage.java:138) Was clicked key 'Language'
2023-04-06 04:41:55,748 INFO  [main] page.VirtKeyHomePage.clickLangWIthJSExecutor(VirtKeyHomePage.java:138) Was clicked key 'Language'
2023-04-06 04:41:55,785 INFO  [main] page.VirtKeyHomePage.clickShiftWithJSExecutor(VirtKeyHomePage.java:132) Was clicked key 'Shift'
2023-04-06 04:41:55,791 INFO  [main] page.VirtKeyHomePage.clickLangWIthJSExecutor(VirtKeyHomePage.java:138) Was clicked key 'Language'
2023-04-06 04:41:55,911 INFO  [main] page.VirtKeyHomePage.clickLangWIthJSExecutor(VirtKeyHomePage.java:138) Was clicked key 'Language'
2023-04-06 04:41:55,999 INFO  [main] page.VirtKeyHomePage.clickShiftWithJSExecutor(VirtKeyHomePage.java:132) Was clicked key 'Shift'
2023-04-06 04:41:56,081 INFO  [main] page.VirtKeyHomePage.clickLangWIthJSExecutor(VirtKeyHomePage.java:138) Was clicked key 'Language'
2023-04-06 04:41:56,126 INFO  [main] page.VirtKeyHomePage.clickShiftWithJSExecutor(VirtKeyHomePage.java:132) Was clicked key 'Shift'
2023-04-06 04:41:56,237 INFO  [main] page.VirtKeyHomePage.clickShiftWithJSExecutor(VirtKeyHomePage.java:132) Was clicked key 'Shift'
2023-04-06 04:41:56,283 INFO  [main] page.VirtKeyHomePage.clickLangWIthJSExecutor(VirtKeyHomePage.java:138) Was clicked key 'Language'
2023-04-06 04:41:56,327 INFO  [main] page.VirtKeyHomePage.clickLangWIthJSExecutor(VirtKeyHomePage.java:138) Was clicked key 'Language'
2023-04-06 04:41:56,445 INFO  [main] page.VirtKeyHomePage.clickShiftWithJSExecutor(VirtKeyHomePage.java:132) Was clicked key 'Shift'
2023-04-06 04:41:56,490 INFO  [main] page.VirtKeyHomePage.clickLangWIthJSExecutor(VirtKeyHomePage.java:138) Was clicked key 'Language'
2023-04-06 04:41:56,611 INFO  [main] page.VirtKeyHomePage.clickLangWIthJSExecutor(VirtKeyHomePage.java:138) Was clicked key 'Language'
2023-04-06 04:41:56,655 INFO  [main] page.VirtKeyHomePage.clickShiftWithJSExecutor(VirtKeyHomePage.java:132) Was clicked key 'Shift'
2023-04-06 04:41:56,775 INFO  [main] page.VirtKeyHomePage.clickShiftWithJSExecutor(VirtKeyHomePage.java:132) Was clicked key 'Shift'
2023-04-06 04:41:56,779 INFO  [main] page.VirtKeyHomePage.clickLangWIthJSExecutor(VirtKeyHomePage.java:138) Was clicked key 'Language'
2023-04-06 04:41:56,824 INFO  [main] page.VirtKeyHomePage.writeText(VirtKeyHomePage.java:127) Was wrote text '`123;%:?*90_+Йцу1rtyГШopХЪ
Ф{Ы}ва [] GHОлджЭ|ЯЧСм///bтБЬЮ,'
]]></system-out>
    <system-err><![CDATA[Starting ChromeDriver 111.0.5563.64 (c710e93d5b63b7095afe8c2c17df34408078439d-refs/branch-heads/5563@{#995}) on port 17998
Only local connections are allowed.
Please see https://chromedriver.chromium.org/security-considerations for suggestions on keeping ChromeDriver safe.
ChromeDriver was started successfully.
]]></system-err>
  </testcase>
  <testcase name="t11_writeAgileManifesto" classname="test.VirtKeyTests" time="12.787">
    <system-out><![CDATA[2023-04-06 04:41:56,834 TRACE websocketx.WebSocket08FrameEncoder [AsyncHttpClient-1-7] io.netty.handler.codec.http.websocketx.WebSocket08FrameEncoder.encode(WebSocket08FrameEncoder.java:129) Encoding WebSocket Frame opCode=8 length=26
2023-04-06 04:41:57,611 INFO  [main] utils.MapCreator.createEnglishShiftMap(MapCreator.java:12) Was created english Shift Map
2023-04-06 04:41:57,611 INFO  [main] utils.MapCreator.createRussianShiftMap(MapCreator.java:25) Was created russian Shift Map
2023-04-06 04:41:57,611 INFO  [main] utils.MapCreator.createEnRuMap(MapCreator.java:36) Was created EN/RU Map
2023-04-06 04:41:58,560 INFO  [main] page.VirtKeyHomePage.openPage(VirtKeyHomePage.java:33) Was opened 'Virtual Keyboard' page with URL: [https://virtual-keyboard-app.vercel.app/]
2023-04-06 04:41:58,600 INFO  [main] page.VirtKeyHomePage.showKeyboard(VirtKeyHomePage.java:40) Was showed keyboard on the screen
2023-04-06 04:41:58,611 INFO  [main] page.VirtKeyHomePage.clickShiftWithJSExecutor(VirtKeyHomePage.java:132) Was clicked key 'Shift'
2023-04-06 04:41:59,728 INFO  [main] page.VirtKeyHomePage.clickShiftWithJSExecutor(VirtKeyHomePage.java:132) Was clicked key 'Shift'
2023-04-06 04:42:02,227 INFO  [main] page.VirtKeyHomePage.clickShiftWithJSExecutor(VirtKeyHomePage.java:132) Was clicked key 'Shift'
2023-04-06 04:42:02,260 INFO  [main] page.VirtKeyHomePage.clickShiftWithJSExecutor(VirtKeyHomePage.java:132) Was clicked key 'Shift'
2023-04-06 04:42:03,205 INFO  [main] page.VirtKeyHomePage.clickShiftWithJSExecutor(VirtKeyHomePage.java:132) Was clicked key 'Shift'
2023-04-06 04:42:03,322 INFO  [main] page.VirtKeyHomePage.clickShiftWithJSExecutor(VirtKeyHomePage.java:132) Was clicked key 'Shift'
2023-04-06 04:42:04,601 INFO  [main] page.VirtKeyHomePage.clickShiftWithJSExecutor(VirtKeyHomePage.java:132) Was clicked key 'Shift'
2023-04-06 04:42:04,630 INFO  [main] page.VirtKeyHomePage.clickShiftWithJSExecutor(VirtKeyHomePage.java:132) Was clicked key 'Shift'
2023-04-06 04:42:05,816 INFO  [main] page.VirtKeyHomePage.clickShiftWithJSExecutor(VirtKeyHomePage.java:132) Was clicked key 'Shift'
2023-04-06 04:42:05,845 INFO  [main] page.VirtKeyHomePage.clickShiftWithJSExecutor(VirtKeyHomePage.java:132) Was clicked key 'Shift'
2023-04-06 04:42:07,008 INFO  [main] page.VirtKeyHomePage.clickShiftWithJSExecutor(VirtKeyHomePage.java:132) Was clicked key 'Shift'
2023-04-06 04:42:07,038 INFO  [main] page.VirtKeyHomePage.clickShiftWithJSExecutor(VirtKeyHomePage.java:132) Was clicked key 'Shift'
2023-04-06 04:42:08,096 INFO  [main] page.VirtKeyHomePage.clickShiftWithJSExecutor(VirtKeyHomePage.java:132) Was clicked key 'Shift'
2023-04-06 04:42:08,126 INFO  [main] page.VirtKeyHomePage.clickShiftWithJSExecutor(VirtKeyHomePage.java:132) Was clicked key 'Shift'
2023-04-06 04:42:10,388 INFO  [main] page.VirtKeyHomePage.writeText(VirtKeyHomePage.java:127) Was wrote text 'We are uncovering better ways of developing
software by doing it and helping others do it.
Through this work we have come to value:

Individuals and interactions over processes and tools
Working software over comprehensive documentation
Customer collaboration over contract negotiation
Responding to change over following a plan

That is, while there is value in the items on
the right, we value the items on the left more.'
]]></system-out>
    <system-err><![CDATA[Starting ChromeDriver 111.0.5563.64 (c710e93d5b63b7095afe8c2c17df34408078439d-refs/branch-heads/5563@{#995}) on port 34625
Only local connections are allowed.
Please see https://chromedriver.chromium.org/security-considerations for suggestions on keeping ChromeDriver safe.
ChromeDriver was started successfully.
]]></system-err>
  </testcase>
  <testcase name="t12_writeTextWithArrows" classname="test.VirtKeyTests" time="3.429">
    <system-out><![CDATA[2023-04-06 04:42:10,398 TRACE websocketx.WebSocket08FrameEncoder [AsyncHttpClient-1-10] io.netty.handler.codec.http.websocketx.WebSocket08FrameEncoder.encode(WebSocket08FrameEncoder.java:129) Encoding WebSocket Frame opCode=8 length=26
2023-04-06 04:42:11,182 INFO  [main] utils.MapCreator.createEnglishShiftMap(MapCreator.java:12) Was created english Shift Map
2023-04-06 04:42:11,182 INFO  [main] utils.MapCreator.createRussianShiftMap(MapCreator.java:25) Was created russian Shift Map
2023-04-06 04:42:11,182 INFO  [main] utils.MapCreator.createEnRuMap(MapCreator.java:36) Was created EN/RU Map
2023-04-06 04:42:12,225 INFO  [main] page.VirtKeyHomePage.openPage(VirtKeyHomePage.java:33) Was opened 'Virtual Keyboard' page with URL: [https://virtual-keyboard-app.vercel.app/]
2023-04-06 04:42:12,264 INFO  [main] page.VirtKeyHomePage.showKeyboard(VirtKeyHomePage.java:40) Was showed keyboard on the screen
2023-04-06 04:42:12,274 INFO  [main] page.VirtKeyHomePage.clickShiftWithJSExecutor(VirtKeyHomePage.java:132) Was clicked key 'Shift'
2023-04-06 04:42:12,834 INFO  [main] page.VirtKeyHomePage.clickShiftWithJSExecutor(VirtKeyHomePage.java:132) Was clicked key 'Shift'
2023-04-06 04:42:13,433 INFO  [main] page.VirtKeyHomePage.clickShiftWithJSExecutor(VirtKeyHomePage.java:132) Was clicked key 'Shift'
2023-04-06 04:42:13,479 INFO  [main] page.VirtKeyHomePage.clickShiftWithJSExecutor(VirtKeyHomePage.java:132) Was clicked key 'Shift'
2023-04-06 04:42:13,498 INFO  [main] page.VirtKeyHomePage.writeText(VirtKeyHomePage.java:127) Was wrote text 'Hello my dear friend!'
2023-04-06 04:42:13,841 INFO  [main] page.VirtKeyHomePage.writeText(VirtKeyHomePage.java:127) Was wrote text 'Hello my happy dear friend!'
2023-04-06 04:42:14,025 INFO  [main] page.VirtKeyHomePage.clickShiftWithJSExecutor(VirtKeyHomePage.java:132) Was clicked key 'Shift'
2023-04-06 04:42:14,055 INFO  [main] page.VirtKeyHomePage.clickShiftWithJSExecutor(VirtKeyHomePage.java:132) Was clicked key 'Shift'
2023-04-06 04:42:14,557 INFO  [main] page.VirtKeyHomePage.clickShiftWithJSExecutor(VirtKeyHomePage.java:132) Was clicked key 'Shift'
2023-04-06 04:42:14,586 INFO  [main] page.VirtKeyHomePage.clickShiftWithJSExecutor(VirtKeyHomePage.java:132) Was clicked key 'Shift'
2023-04-06 04:42:14,602 INFO  [main] page.VirtKeyHomePage.writeText(VirtKeyHomePage.java:127) Was wrote text 'Hello my happy dear friend! I'm glad to see you!'
]]></system-out>
    <system-err><![CDATA[Starting ChromeDriver 111.0.5563.64 (c710e93d5b63b7095afe8c2c17df34408078439d-refs/branch-heads/5563@{#995}) on port 3923
Only local connections are allowed.
Please see https://chromedriver.chromium.org/security-considerations for suggestions on keeping ChromeDriver safe.
ChromeDriver was started successfully.
]]></system-err>
  </testcase>
  <testcase name="t13_writeTextWithBackspace" classname="test.VirtKeyTests" time="3.742">
    <system-out><![CDATA[2023-04-06 04:42:14,610 TRACE websocketx.WebSocket08FrameEncoder [AsyncHttpClient-1-13] io.netty.handler.codec.http.websocketx.WebSocket08FrameEncoder.encode(WebSocket08FrameEncoder.java:129) Encoding WebSocket Frame opCode=8 length=26
2023-04-06 04:42:15,370 INFO  [main] utils.MapCreator.createEnglishShiftMap(MapCreator.java:12) Was created english Shift Map
2023-04-06 04:42:15,370 INFO  [main] utils.MapCreator.createRussianShiftMap(MapCreator.java:25) Was created russian Shift Map
2023-04-06 04:42:15,370 INFO  [main] utils.MapCreator.createEnRuMap(MapCreator.java:36) Was created EN/RU Map
2023-04-06 04:42:16,239 INFO  [main] page.VirtKeyHomePage.openPage(VirtKeyHomePage.java:33) Was opened 'Virtual Keyboard' page with URL: [https://virtual-keyboard-app.vercel.app/]
2023-04-06 04:42:16,278 INFO  [main] page.VirtKeyHomePage.showKeyboard(VirtKeyHomePage.java:40) Was showed keyboard on the screen
2023-04-06 04:42:16,288 INFO  [main] page.VirtKeyHomePage.clickShiftWithJSExecutor(VirtKeyHomePage.java:132) Was clicked key 'Shift'
2023-04-06 04:42:16,859 INFO  [main] page.VirtKeyHomePage.clickShiftWithJSExecutor(VirtKeyHomePage.java:132) Was clicked key 'Shift'
2023-04-06 04:42:17,465 INFO  [main] page.VirtKeyHomePage.clickShiftWithJSExecutor(VirtKeyHomePage.java:132) Was clicked key 'Shift'
2023-04-06 04:42:17,507 INFO  [main] page.VirtKeyHomePage.clickShiftWithJSExecutor(VirtKeyHomePage.java:132) Was clicked key 'Shift'
2023-04-06 04:42:17,527 INFO  [main] page.VirtKeyHomePage.writeText(VirtKeyHomePage.java:127) Was wrote text 'Hello my dear friend!'
2023-04-06 04:42:17,855 INFO  [main] page.VirtKeyHomePage.writeText(VirtKeyHomePage.java:127) Was wrote text 'Hello my happy dear friend!'
2023-04-06 04:42:18,040 INFO  [main] page.VirtKeyHomePage.clickShiftWithJSExecutor(VirtKeyHomePage.java:132) Was clicked key 'Shift'
2023-04-06 04:42:18,073 INFO  [main] page.VirtKeyHomePage.clickShiftWithJSExecutor(VirtKeyHomePage.java:132) Was clicked key 'Shift'
2023-04-06 04:42:18,576 INFO  [main] page.VirtKeyHomePage.clickShiftWithJSExecutor(VirtKeyHomePage.java:132) Was clicked key 'Shift'
2023-04-06 04:42:18,607 INFO  [main] page.VirtKeyHomePage.clickShiftWithJSExecutor(VirtKeyHomePage.java:132) Was clicked key 'Shift'
2023-04-06 04:42:18,622 INFO  [main] page.VirtKeyHomePage.writeText(VirtKeyHomePage.java:127) Was wrote text 'Hello my happy dear friend! I'm glad to see you!'
2023-04-06 04:42:19,102 INFO  [main] page.VirtKeyHomePage.writeText(VirtKeyHomePage.java:127) Was wrote text 'Hello my happy dear girl! I'm glad to see you!'
]]></system-out>
    <system-err><![CDATA[Starting ChromeDriver 111.0.5563.64 (c710e93d5b63b7095afe8c2c17df34408078439d-refs/branch-heads/5563@{#995}) on port 30462
Only local connections are allowed.
Please see https://chromedriver.chromium.org/security-considerations for suggestions on keeping ChromeDriver safe.
ChromeDriver was started successfully.
]]></system-err>
  </testcase>
</testsuite>