<?xml version="1.0" encoding="UTF-8"?>
<testng-results ignored="0" total="11" passed="11" failed="0" skipped="0">
  <reporter-output>
  </reporter-output>
  <suite started-at="2023-04-05T02:40:00 MSK" name="Tests" finished-at="2023-04-05T02:40:50 MSK" duration-ms="50054">
    <groups>
    </groups>
    <test started-at="2023-04-05T02:40:00 MSK" name="Tests" finished-at="2023-04-05T02:40:50 MSK" duration-ms="50054">
      <class name="test.VirtKeyTests">
        <test-method is-config="true" signature="browseSetUp()[pri:0, instance:test.VirtKeyTests@795cd85e]" started-at="2023-04-05T02:40:00 MSK" name="browseSetUp" finished-at="2023-04-05T02:40:01 MSK" duration-ms="1362" status="PASS">
          <reporter-output>
          </reporter-output>
        </test-method> <!-- browseSetUp -->
        <test-method signature="t01_openKeyboardPage()[pri:0, instance:test.VirtKeyTests@795cd85e]" started-at="2023-04-05T02:40:01 MSK" name="t01_openKeyboardPage" description="Open &#039;Virtual Keyboard&#039; page test" finished-at="2023-04-05T02:40:02 MSK" duration-ms="857" status="PASS">
          <reporter-output>
          </reporter-output>
        </test-method> <!-- t01_openKeyboardPage -->
        <test-method is-config="true" signature="browserExit()[pri:0, instance:test.VirtKeyTests@795cd85e]" started-at="2023-04-05T02:40:02 MSK" name="browserExit" finished-at="2023-04-05T02:40:02 MSK" duration-ms="81" status="PASS">
          <reporter-output>
          </reporter-output>
        </test-method> <!-- browserExit -->
        <test-method is-config="true" signature="browseSetUp()[pri:0, instance:test.VirtKeyTests@795cd85e]" started-at="2023-04-05T02:40:02 MSK" name="browseSetUp" finished-at="2023-04-05T02:40:03 MSK" duration-ms="670" status="PASS">
          <reporter-output>
          </reporter-output>
        </test-method> <!-- browseSetUp -->
        <test-method signature="t02_showKeyboard()[pri:0, instance:test.VirtKeyTests@795cd85e]" started-at="2023-04-05T02:40:03 MSK" name="t02_showKeyboard" description="Show &#039;Virtual Keyboard&#039; on the page test" finished-at="2023-04-05T02:40:05 MSK" duration-ms="1685" status="PASS">
          <reporter-output>
          </reporter-output>
        </test-method> <!-- t02_showKeyboard -->
        <test-method is-config="true" signature="browserExit()[pri:0, instance:test.VirtKeyTests@795cd85e]" started-at="2023-04-05T02:40:05 MSK" name="browserExit" finished-at="2023-04-05T02:40:05 MSK" duration-ms="75" status="PASS">
          <reporter-output>
          </reporter-output>
        </test-method> <!-- browserExit -->
        <test-method is-config="true" signature="browseSetUp()[pri:0, instance:test.VirtKeyTests@795cd85e]" started-at="2023-04-05T02:40:05 MSK" name="browseSetUp" finished-at="2023-04-05T02:40:05 MSK" duration-ms="668" status="PASS">
          <reporter-output>
          </reporter-output>
        </test-method> <!-- browseSetUp -->
        <test-method signature="t03_maximizeOutputTextarea()[pri:0, instance:test.VirtKeyTests@795cd85e]" started-at="2023-04-05T02:40:05 MSK" name="t03_maximizeOutputTextarea" description="Maximize output textarea" finished-at="2023-04-05T02:40:06 MSK" duration-ms="843" status="PASS">
          <reporter-output>
          </reporter-output>
        </test-method> <!-- t03_maximizeOutputTextarea -->
        <test-method is-config="true" signature="browserExit()[pri:0, instance:test.VirtKeyTests@795cd85e]" started-at="2023-04-05T02:40:06 MSK" name="browserExit" finished-at="2023-04-05T02:40:06 MSK" duration-ms="73" status="PASS">
          <reporter-output>
          </reporter-output>
        </test-method> <!-- browserExit -->
        <test-method is-config="true" signature="browseSetUp()[pri:0, instance:test.VirtKeyTests@795cd85e]" started-at="2023-04-05T02:40:06 MSK" name="browseSetUp" finished-at="2023-04-05T02:40:07 MSK" duration-ms="655" status="PASS">
          <reporter-output>
          </reporter-output>
        </test-method> <!-- browseSetUp -->
        <test-method signature="t04_writeTextWithoutShiftInEnglish()[pri:0, instance:test.VirtKeyTests@795cd85e]" started-at="2023-04-05T02:40:07 MSK" name="t04_writeTextWithoutShiftInEnglish" description="Write text without Shift in English test" finished-at="2023-04-05T02:40:09 MSK" duration-ms="2370" status="PASS">
          <reporter-output>
          </reporter-output>
        </test-method> <!-- t04_writeTextWithoutShiftInEnglish -->
        <test-method is-config="true" signature="browserExit()[pri:0, instance:test.VirtKeyTests@795cd85e]" started-at="2023-04-05T02:40:09 MSK" name="browserExit" finished-at="2023-04-05T02:40:09 MSK" duration-ms="126" status="PASS">
          <reporter-output>
          </reporter-output>
        </test-method> <!-- browserExit -->
        <test-method is-config="true" signature="browseSetUp()[pri:0, instance:test.VirtKeyTests@795cd85e]" started-at="2023-04-05T02:40:09 MSK" name="browseSetUp" finished-at="2023-04-05T02:40:10 MSK" duration-ms="656" status="PASS">
          <reporter-output>
          </reporter-output>
        </test-method> <!-- browseSetUp -->
        <test-method signature="t05_writeTextWithShiftInEnglish()[pri:0, instance:test.VirtKeyTests@795cd85e]" started-at="2023-04-05T02:40:10 MSK" name="t05_writeTextWithShiftInEnglish" description="Write text with Shift in English test" finished-at="2023-04-05T02:40:13 MSK" duration-ms="2998" status="PASS">
          <reporter-output>
          </reporter-output>
        </test-method> <!-- t05_writeTextWithShiftInEnglish -->
        <test-method is-config="true" signature="browserExit()[pri:0, instance:test.VirtKeyTests@795cd85e]" started-at="2023-04-05T02:40:13 MSK" name="browserExit" finished-at="2023-04-05T02:40:13 MSK" duration-ms="124" status="PASS">
          <reporter-output>
          </reporter-output>
        </test-method> <!-- browserExit -->
        <test-method is-config="true" signature="browseSetUp()[pri:0, instance:test.VirtKeyTests@795cd85e]" started-at="2023-04-05T02:40:13 MSK" name="browseSetUp" finished-at="2023-04-05T02:40:14 MSK" duration-ms="695" status="PASS">
          <reporter-output>
          </reporter-output>
        </test-method> <!-- browseSetUp -->
        <test-method signature="t06_writeTextWithAndWithoutShiftInEnglish()[pri:0, instance:test.VirtKeyTests@795cd85e]" started-at="2023-04-05T02:40:14 MSK" name="t06_writeTextWithAndWithoutShiftInEnglish" description="Write text with and without Shift in English test" finished-at="2023-04-05T02:40:16 MSK" duration-ms="2516" status="PASS">
          <reporter-output>
          </reporter-output>
        </test-method> <!-- t06_writeTextWithAndWithoutShiftInEnglish -->
        <test-method is-config="true" signature="browserExit()[pri:0, instance:test.VirtKeyTests@795cd85e]" started-at="2023-04-05T02:40:16 MSK" name="browserExit" finished-at="2023-04-05T02:40:16 MSK" duration-ms="115" status="PASS">
          <reporter-output>
          </reporter-output>
        </test-method> <!-- browserExit -->
        <test-method is-config="true" signature="browseSetUp()[pri:0, instance:test.VirtKeyTests@795cd85e]" started-at="2023-04-05T02:40:16 MSK" name="browseSetUp" finished-at="2023-04-05T02:40:17 MSK" duration-ms="652" status="PASS">
          <reporter-output>
          </reporter-output>
        </test-method> <!-- browseSetUp -->
        <test-method signature="t07_writeTextWithoutShiftInRussian()[pri:0, instance:test.VirtKeyTests@795cd85e]" started-at="2023-04-05T02:40:17 MSK" name="t07_writeTextWithoutShiftInRussian" description="Write text without Shift in Russian test" finished-at="2023-04-05T02:40:21 MSK" duration-ms="4040" status="PASS">
          <reporter-output>
          </reporter-output>
        </test-method> <!-- t07_writeTextWithoutShiftInRussian -->
        <test-method is-config="true" signature="browserExit()[pri:0, instance:test.VirtKeyTests@795cd85e]" started-at="2023-04-05T02:40:21 MSK" name="browserExit" finished-at="2023-04-05T02:40:21 MSK" duration-ms="116" status="PASS">
          <reporter-output>
          </reporter-output>
        </test-method> <!-- browserExit -->
        <test-method is-config="true" signature="browseSetUp()[pri:0, instance:test.VirtKeyTests@795cd85e]" started-at="2023-04-05T02:40:21 MSK" name="browseSetUp" finished-at="2023-04-05T02:40:22 MSK" duration-ms="653" status="PASS">
          <reporter-output>
          </reporter-output>
        </test-method> <!-- browseSetUp -->
        <test-method signature="t08_writeTextWithShiftInRussian()[pri:0, instance:test.VirtKeyTests@795cd85e]" started-at="2023-04-05T02:40:22 MSK" name="t08_writeTextWithShiftInRussian" description="Write text with Shift in Russian test" finished-at="2023-04-05T02:40:26 MSK" duration-ms="4292" status="PASS">
          <reporter-output>
          </reporter-output>
        </test-method> <!-- t08_writeTextWithShiftInRussian -->
        <test-method is-config="true" signature="browserExit()[pri:0, instance:test.VirtKeyTests@795cd85e]" started-at="2023-04-05T02:40:26 MSK" name="browserExit" finished-at="2023-04-05T02:40:26 MSK" duration-ms="104" status="PASS">
          <reporter-output>
          </reporter-output>
        </test-method> <!-- browserExit -->
        <test-method is-config="true" signature="browseSetUp()[pri:0, instance:test.VirtKeyTests@795cd85e]" started-at="2023-04-05T02:40:26 MSK" name="browseSetUp" finished-at="2023-04-05T02:40:27 MSK" duration-ms="649" status="PASS">
          <reporter-output>
          </reporter-output>
        </test-method> <!-- browseSetUp -->
        <test-method signature="t09_writeTextWithAndWithoutShiftInRussian()[pri:0, instance:test.VirtKeyTests@795cd85e]" started-at="2023-04-05T02:40:27 MSK" name="t09_writeTextWithAndWithoutShiftInRussian" description="Write text with and without Shift in Russian test" finished-at="2023-04-05T02:40:31 MSK" duration-ms="4413" status="PASS">
          <reporter-output>
          </reporter-output>
        </test-method> <!-- t09_writeTextWithAndWithoutShiftInRussian -->
        <test-method is-config="true" signature="browserExit()[pri:0, instance:test.VirtKeyTests@795cd85e]" started-at="2023-04-05T02:40:31 MSK" name="browserExit" finished-at="2023-04-05T02:40:31 MSK" duration-ms="117" status="PASS">
          <reporter-output>
          </reporter-output>
        </test-method> <!-- browserExit -->
        <test-method is-config="true" signature="browseSetUp()[pri:0, instance:test.VirtKeyTests@795cd85e]" started-at="2023-04-05T02:40:31 MSK" name="browseSetUp" finished-at="2023-04-05T02:40:32 MSK" duration-ms="662" status="PASS">
          <reporter-output>
          </reporter-output>
        </test-method> <!-- browseSetUp -->
        <test-method signature="t10_writeTextWithAndWithoutShiftInRussianAndEnglish()[pri:0, instance:test.VirtKeyTests@795cd85e]" started-at="2023-04-05T02:40:32 MSK" name="t10_writeTextWithAndWithoutShiftInRussianAndEnglish" description="Write text with and without Shift in Russian and English test" finished-at="2023-04-05T02:40:37 MSK" duration-ms="4488" status="PASS">
          <reporter-output>
          </reporter-output>
        </test-method> <!-- t10_writeTextWithAndWithoutShiftInRussianAndEnglish -->
        <test-method is-config="true" signature="browserExit()[pri:0, instance:test.VirtKeyTests@795cd85e]" started-at="2023-04-05T02:40:37 MSK" name="browserExit" finished-at="2023-04-05T02:40:37 MSK" duration-ms="121" status="PASS">
          <reporter-output>
          </reporter-output>
        </test-method> <!-- browserExit -->
        <test-method is-config="true" signature="browseSetUp()[pri:0, instance:test.VirtKeyTests@795cd85e]" started-at="2023-04-05T02:40:37 MSK" name="browseSetUp" finished-at="2023-04-05T02:40:37 MSK" duration-ms="644" status="PASS">
          <reporter-output>
          </reporter-output>
        </test-method> <!-- browseSetUp -->
        <test-method signature="t11_writeAgileManifesto()[pri:0, instance:test.VirtKeyTests@795cd85e]" started-at="2023-04-05T02:40:37 MSK" name="t11_writeAgileManifesto" description="Write agile manifesto" finished-at="2023-04-05T02:40:50 MSK" duration-ms="12386" status="PASS">
          <reporter-output>
          </reporter-output>
        </test-method> <!-- t11_writeAgileManifesto -->
        <test-method is-config="true" signature="browserExit()[pri:0, instance:test.VirtKeyTests@795cd85e]" started-at="2023-04-05T02:40:50 MSK" name="browserExit" finished-at="2023-04-05T02:40:50 MSK" duration-ms="128" status="PASS">
          <reporter-output>
          </reporter-output>
        </test-method> <!-- browserExit -->
      </class> <!-- test.VirtKeyTests -->
    </test> <!-- Tests -->
  </suite> <!-- Tests -->
</testng-results>
