<?xml version="1.0" encoding="UTF-8"?>
<testsuite xmlns:xsi="http://www.w3.org/2001/XMLSchema-instance" xsi:noNamespaceSchemaLocation="https://maven.apache.org/surefire/maven-surefire-plugin/xsd/surefire-test-report-3.0.xsd" version="3.0" name="TestSuite" time="49.103" tests="11" errors="0" skipped="0" failures="0">
  <properties>
[...]
</properties>
  <testcase name="t01_openKeyboardPage" classname="test.VirtKeyTests" time="1.185">
    <system-out><![CDATA[2023-04-05 02:12:47,018 DEBUG logging.InternalLoggerFactory [main] io.netty.util.internal.logging.InternalLoggerFactory.useLog4J2LoggerFactory(InternalLoggerFactory.java:76) Using Log4J2 as the default logging framework
2023-04-05 02:12:47,023 DEBUG util.ResourceLeakDetector [main] io.netty.util.ResourceLeakDetector.<clinit>(ResourceLeakDetector.java:129) -Dio.netty.leakDetection.level: simple
2023-04-05 02:12:47,023 DEBUG util.ResourceLeakDetector [main] io.netty.util.ResourceLeakDetector.<clinit>(ResourceLeakDetector.java:130) -Dio.netty.leakDetection.targetRecords: 4
2023-04-05 02:12:47,026 DEBUG util.ResourceLeakDetectorFactory [main] io.netty.util.ResourceLeakDetectorFactory$DefaultResourceLeakDetectorFactory.newResourceLeakDetector(ResourceLeakDetectorFactory.java:196) Loaded default ResourceLeakDetector: io.netty.util.ResourceLeakDetector@5fc930f0
2023-04-05 02:12:47,039 DEBUG internal.PlatformDependent0 [main] io.netty.util.internal.PlatformDependent0.explicitNoUnsafeCause0(PlatformDependent0.java:496) -Dio.netty.noUnsafe: false
2023-04-05 02:12:47,040 DEBUG internal.PlatformDependent0 [main] io.netty.util.internal.PlatformDependent0.javaVersion0(PlatformDependent0.java:1000) Java version: 17
2023-04-05 02:12:47,041 DEBUG internal.PlatformDependent0 [main] io.netty.util.internal.PlatformDependent0.<clinit>(PlatformDependent0.java:137) sun.misc.Unsafe.theUnsafe: available
2023-04-05 02:12:47,041 DEBUG internal.PlatformDependent0 [main] io.netty.util.internal.PlatformDependent0.<clinit>(PlatformDependent0.java:161) sun.misc.Unsafe.copyMemory: available
2023-04-05 02:12:47,042 DEBUG internal.PlatformDependent0 [main] io.netty.util.internal.PlatformDependent0.<clinit>(PlatformDependent0.java:193) sun.misc.Unsafe.storeFence: available
2023-04-05 02:12:47,043 DEBUG internal.PlatformDependent0 [main] io.netty.util.internal.PlatformDependent0.<clinit>(PlatformDependent0.java:236) java.nio.Buffer.address: available
2023-04-05 02:12:47,043 DEBUG internal.PlatformDependent0 [main] io.netty.util.internal.PlatformDependent0.<clinit>(PlatformDependent0.java:317) direct buffer constructor: unavailable
java.lang.UnsupportedOperationException: Reflective setAccessible(true) disabled
	at io.netty.util.internal.ReflectionUtil.trySetAccessible(ReflectionUtil.java:31) ~[netty-common-4.1.90.Final.jar:4.1.90.Final]
	at io.netty.util.internal.PlatformDependent0$5.run(PlatformDependent0.java:288) ~[netty-common-4.1.90.Final.jar:4.1.90.Final]
	at java.security.AccessController.doPrivileged(AccessController.java:318) ~[?:?]
	at io.netty.util.internal.PlatformDependent0.<clinit>(PlatformDependent0.java:282) ~[netty-common-4.1.90.Final.jar:4.1.90.Final]
	at io.netty.util.internal.PlatformDependent.isAndroid(PlatformDependent.java:333) ~[netty-common-4.1.90.Final.jar:4.1.90.Final]
	at io.netty.util.internal.PlatformDependent.<clinit>(PlatformDependent.java:88) ~[netty-common-4.1.90.Final.jar:4.1.90.Final]
	at io.netty.util.HashedWheelTimer.<init>(HashedWheelTimer.java:114) ~[netty-common-4.1.90.Final.jar:4.1.90.Final]
	at io.netty.util.HashedWheelTimer.<init>(HashedWheelTimer.java:251) ~[netty-common-4.1.90.Final.jar:4.1.90.Final]
	at io.netty.util.HashedWheelTimer.<init>(HashedWheelTimer.java:224) ~[netty-common-4.1.90.Final.jar:4.1.90.Final]
	at io.netty.util.HashedWheelTimer.<init>(HashedWheelTimer.java:203) ~[netty-common-4.1.90.Final.jar:4.1.90.Final]
	at org.asynchttpclient.DefaultAsyncHttpClient.newNettyTimer(DefaultAsyncHttpClient.java:111) ~[async-http-client-2.12.3.jar:?]
	at org.asynchttpclient.DefaultAsyncHttpClient.<init>(DefaultAsyncHttpClient.java:90) ~[async-http-client-2.12.3.jar:?]
	at org.asynchttpclient.Dsl.asyncHttpClient(Dsl.java:32) ~[async-http-client-2.12.3.jar:?]
	at org.openqa.selenium.remote.http.netty.NettyClient.createHttpClient(NettyClient.java:94) ~[selenium-remote-driver-4.8.3.jar:?]
	at org.openqa.selenium.remote.http.netty.NettyClient.<clinit>(NettyClient.java:47) ~[selenium-remote-driver-4.8.3.jar:?]
	at org.openqa.selenium.remote.http.netty.NettyClient$Factory.createClient(NettyClient.java:135) ~[selenium-remote-driver-4.8.3.jar:?]
	at org.openqa.selenium.remote.HttpCommandExecutor.<init>(HttpCommandExecutor.java:116) ~[selenium-remote-driver-4.8.3.jar:?]
	at org.openqa.selenium.remote.HttpCommandExecutor.<init>(HttpCommandExecutor.java:94) ~[selenium-remote-driver-4.8.3.jar:?]
	at org.openqa.selenium.remote.service.DriverCommandExecutor.<init>(DriverCommandExecutor.java:88) ~[selenium-remote-driver-4.8.3.jar:?]
	at org.openqa.selenium.chromium.ChromiumDriverCommandExecutor.<init>(ChromiumDriverCommandExecutor.java:40) ~[selenium-chromium-driver-4.8.3.jar:?]
	at org.openqa.selenium.edge.EdgeDriver$EdgeDriverCommandExecutor.<init>(EdgeDriver.java:83) ~[selenium-edge-driver-4.8.3.jar:?]
	at org.openqa.selenium.edge.EdgeDriver.generateExecutor(EdgeDriver.java:73) ~[selenium-edge-driver-4.8.3.jar:?]
	at org.openqa.selenium.edge.EdgeDriver.<init>(EdgeDriver.java:60) ~[selenium-edge-driver-4.8.3.jar:?]
	at org.openqa.selenium.edge.EdgeDriver.<init>(EdgeDriver.java:56) ~[selenium-edge-driver-4.8.3.jar:?]
	at org.openqa.selenium.edge.EdgeDriver.<init>(EdgeDriver.java:48) ~[selenium-edge-driver-4.8.3.jar:?]
	at org.openqa.selenium.edge.EdgeDriver.<init>(EdgeDriver.java:44) ~[selenium-edge-driver-4.8.3.jar:?]
	at driver.DriverSingleton.getDriver(DriverSingleton.java:24) ~[test-classes/:?]
	at test.CommonConditions.browseSetUp(CommonConditions.java:16) ~[test-classes/:?]
	at jdk.internal.reflect.NativeMethodAccessorImpl.invoke0(Native Method) ~[?:?]
	at jdk.internal.reflect.NativeMethodAccessorImpl.invoke(NativeMethodAccessorImpl.java:77) ~[?:?]
	at jdk.internal.reflect.DelegatingMethodAccessorImpl.invoke(DelegatingMethodAccessorImpl.java:43) ~[?:?]
	at java.lang.reflect.Method.invoke(Method.java:568) ~[?:?]
	at org.testng.internal.invokers.MethodInvocationHelper.invokeMethod(MethodInvocationHelper.java:139) ~[testng-7.6.1.jar:7.6.1]
	at org.testng.internal.invokers.MethodInvocationHelper.invokeMethodConsideringTimeout(MethodInvocationHelper.java:69) ~[testng-7.6.1.jar:7.6.1]
	at org.testng.internal.invokers.ConfigInvoker.invokeConfigurationMethod(ConfigInvoker.java:361) ~[testng-7.6.1.jar:7.6.1]
	at org.testng.internal.invokers.ConfigInvoker.invokeConfigurations(ConfigInvoker.java:296) ~[testng-7.6.1.jar:7.6.1]
	at org.testng.internal.invokers.TestInvoker.runConfigMethods(TestInvoker.java:816) ~[testng-7.6.1.jar:7.6.1]
	at org.testng.internal.invokers.TestInvoker.invokeMethod(TestInvoker.java:590) ~[testng-7.6.1.jar:7.6.1]
	at org.testng.internal.invokers.TestInvoker.invokeTestMethod(TestInvoker.java:221) ~[testng-7.6.1.jar:7.6.1]
	at org.testng.internal.invokers.MethodRunner.runInSequence(MethodRunner.java:50) ~[testng-7.6.1.jar:7.6.1]
	at org.testng.internal.invokers.TestInvoker$MethodInvocationAgent.invoke(TestInvoker.java:962) ~[testng-7.6.1.jar:7.6.1]
	at org.testng.internal.invokers.TestInvoker.invokeTestMethods(TestInvoker.java:194) ~[testng-7.6.1.jar:7.6.1]
	at org.testng.internal.invokers.TestMethodWorker.invokeTestMethods(TestMethodWorker.java:148) ~[testng-7.6.1.jar:7.6.1]
	at org.testng.internal.invokers.TestMethodWorker.run(TestMethodWorker.java:128) ~[testng-7.6.1.jar:7.6.1]
	at java.util.ArrayList.forEach(ArrayList.java:1511) ~[?:?]
	at org.testng.TestRunner.privateRun(TestRunner.java:806) ~[testng-7.6.1.jar:7.6.1]
	at org.testng.TestRunner.run(TestRunner.java:601) ~[testng-7.6.1.jar:7.6.1]
	at org.testng.SuiteRunner.runTest(SuiteRunner.java:433) ~[testng-7.6.1.jar:7.6.1]
	at org.testng.SuiteRunner.runSequentially(SuiteRunner.java:427) ~[testng-7.6.1.jar:7.6.1]
	at org.testng.SuiteRunner.privateRun(SuiteRunner.java:387) ~[testng-7.6.1.jar:7.6.1]
	at org.testng.SuiteRunner.run(SuiteRunner.java:330) ~[testng-7.6.1.jar:7.6.1]
	at org.testng.SuiteRunnerWorker.runSuite(SuiteRunnerWorker.java:52) ~[testng-7.6.1.jar:7.6.1]
	at org.testng.SuiteRunnerWorker.run(SuiteRunnerWorker.java:95) ~[testng-7.6.1.jar:7.6.1]
	at org.testng.TestNG.runSuitesSequentially(TestNG.java:1256) ~[testng-7.6.1.jar:7.6.1]
	at org.testng.TestNG.runSuitesLocally(TestNG.java:1176) ~[testng-7.6.1.jar:7.6.1]
	at org.testng.TestNG.runSuites(TestNG.java:1099) ~[testng-7.6.1.jar:7.6.1]
	at org.testng.TestNG.run(TestNG.java:1067) ~[testng-7.6.1.jar:7.6.1]
	at org.apache.maven.surefire.testng.TestNGExecutor.run(TestNGExecutor.java:324) ~[surefire-testng-3.0.0-M8.jar:3.0.0-M8]
	at org.apache.maven.surefire.testng.TestNGXmlTestSuite.execute(TestNGXmlTestSuite.java:74) ~[surefire-testng-3.0.0-M8.jar:3.0.0-M8]
	at org.apache.maven.surefire.testng.TestNGProvider.invoke(TestNGProvider.java:123) ~[surefire-testng-3.0.0-M8.jar:3.0.0-M8]
	at org.apache.maven.surefire.booter.ForkedBooter.runSuitesInProcess(ForkedBooter.java:456) ~[surefire-booter-3.0.0-M8.jar:3.0.0-M8]
	at org.apache.maven.surefire.booter.ForkedBooter.execute(ForkedBooter.java:169) ~[surefire-booter-3.0.0-M8.jar:3.0.0-M8]
	at org.apache.maven.surefire.booter.ForkedBooter.run(ForkedBooter.java:595) ~[surefire-booter-3.0.0-M8.jar:3.0.0-M8]
	at org.apache.maven.surefire.booter.ForkedBooter.main(ForkedBooter.java:581) ~[surefire-booter-3.0.0-M8.jar:3.0.0-M8]
2023-04-05 02:12:47,049 DEBUG internal.PlatformDependent0 [main] io.netty.util.internal.PlatformDependent0.<clinit>(PlatformDependent0.java:385) java.nio.Bits.unaligned: available, true
2023-04-05 02:12:47,050 DEBUG internal.PlatformDependent0 [main] io.netty.util.internal.PlatformDependent0.<clinit>(PlatformDependent0.java:449) jdk.internal.misc.Unsafe.allocateUninitializedArray(int): unavailable
java.lang.IllegalAccessException: class io.netty.util.internal.PlatformDependent0$7 cannot access class jdk.internal.misc.Unsafe (in module java.base) because module java.base does not export jdk.internal.misc to unnamed module @d4342c2
	at jdk.internal.reflect.Reflection.newIllegalAccessException(Reflection.java:392) ~[?:?]
	at java.lang.reflect.AccessibleObject.checkAccess(AccessibleObject.java:674) ~[?:?]
	at java.lang.reflect.Method.invoke(Method.java:560) ~[?:?]
	at io.netty.util.internal.PlatformDependent0$7.run(PlatformDependent0.java:410) ~[netty-common-4.1.90.Final.jar:4.1.90.Final]
	at java.security.AccessController.doPrivileged(AccessController.java:318) ~[?:?]
	at io.netty.util.internal.PlatformDependent0.<clinit>(PlatformDependent0.java:401) ~[netty-common-4.1.90.Final.jar:4.1.90.Final]
	at io.netty.util.internal.PlatformDependent.isAndroid(PlatformDependent.java:333) ~[netty-common-4.1.90.Final.jar:4.1.90.Final]
	at io.netty.util.internal.PlatformDependent.<clinit>(PlatformDependent.java:88) ~[netty-common-4.1.90.Final.jar:4.1.90.Final]
	at io.netty.util.HashedWheelTimer.<init>(HashedWheelTimer.java:114) ~[netty-common-4.1.90.Final.jar:4.1.90.Final]
	at io.netty.util.HashedWheelTimer.<init>(HashedWheelTimer.java:251) ~[netty-common-4.1.90.Final.jar:4.1.90.Final]
	at io.netty.util.HashedWheelTimer.<init>(HashedWheelTimer.java:224) ~[netty-common-4.1.90.Final.jar:4.1.90.Final]
	at io.netty.util.HashedWheelTimer.<init>(HashedWheelTimer.java:203) ~[netty-common-4.1.90.Final.jar:4.1.90.Final]
	at org.asynchttpclient.DefaultAsyncHttpClient.newNettyTimer(DefaultAsyncHttpClient.java:111) ~[async-http-client-2.12.3.jar:?]
	at org.asynchttpclient.DefaultAsyncHttpClient.<init>(DefaultAsyncHttpClient.java:90) ~[async-http-client-2.12.3.jar:?]
	at org.asynchttpclient.Dsl.asyncHttpClient(Dsl.java:32) ~[async-http-client-2.12.3.jar:?]
	at org.openqa.selenium.remote.http.netty.NettyClient.createHttpClient(NettyClient.java:94) ~[selenium-remote-driver-4.8.3.jar:?]
	at org.openqa.selenium.remote.http.netty.NettyClient.<clinit>(NettyClient.java:47) ~[selenium-remote-driver-4.8.3.jar:?]
	at org.openqa.selenium.remote.http.netty.NettyClient$Factory.createClient(NettyClient.java:135) ~[selenium-remote-driver-4.8.3.jar:?]
	at org.openqa.selenium.remote.HttpCommandExecutor.<init>(HttpCommandExecutor.java:116) ~[selenium-remote-driver-4.8.3.jar:?]
	at org.openqa.selenium.remote.HttpCommandExecutor.<init>(HttpCommandExecutor.java:94) ~[selenium-remote-driver-4.8.3.jar:?]
	at org.openqa.selenium.remote.service.DriverCommandExecutor.<init>(DriverCommandExecutor.java:88) ~[selenium-remote-driver-4.8.3.jar:?]
	at org.openqa.selenium.chromium.ChromiumDriverCommandExecutor.<init>(ChromiumDriverCommandExecutor.java:40) ~[selenium-chromium-driver-4.8.3.jar:?]
	at org.openqa.selenium.edge.EdgeDriver$EdgeDriverCommandExecutor.<init>(EdgeDriver.java:83) ~[selenium-edge-driver-4.8.3.jar:?]
	at org.openqa.selenium.edge.EdgeDriver.generateExecutor(EdgeDriver.java:73) ~[selenium-edge-driver-4.8.3.jar:?]
	at org.openqa.selenium.edge.EdgeDriver.<init>(EdgeDriver.java:60) ~[selenium-edge-driver-4.8.3.jar:?]
	at org.openqa.selenium.edge.EdgeDriver.<init>(EdgeDriver.java:56) ~[selenium-edge-driver-4.8.3.jar:?]
	at org.openqa.selenium.edge.EdgeDriver.<init>(EdgeDriver.java:48) ~[selenium-edge-driver-4.8.3.jar:?]
	at org.openqa.selenium.edge.EdgeDriver.<init>(EdgeDriver.java:44) ~[selenium-edge-driver-4.8.3.jar:?]
	at driver.DriverSingleton.getDriver(DriverSingleton.java:24) ~[test-classes/:?]
	at test.CommonConditions.browseSetUp(CommonConditions.java:16) ~[test-classes/:?]
	at jdk.internal.reflect.NativeMethodAccessorImpl.invoke0(Native Method) ~[?:?]
	at jdk.internal.reflect.NativeMethodAccessorImpl.invoke(NativeMethodAccessorImpl.java:77) ~[?:?]
	at jdk.internal.reflect.DelegatingMethodAccessorImpl.invoke(DelegatingMethodAccessorImpl.java:43) ~[?:?]
	at java.lang.reflect.Method.invoke(Method.java:568) ~[?:?]
	at org.testng.internal.invokers.MethodInvocationHelper.invokeMethod(MethodInvocationHelper.java:139) ~[testng-7.6.1.jar:7.6.1]
	at org.testng.internal.invokers.MethodInvocationHelper.invokeMethodConsideringTimeout(MethodInvocationHelper.java:69) ~[testng-7.6.1.jar:7.6.1]
	at org.testng.internal.invokers.ConfigInvoker.invokeConfigurationMethod(ConfigInvoker.java:361) ~[testng-7.6.1.jar:7.6.1]
	at org.testng.internal.invokers.ConfigInvoker.invokeConfigurations(ConfigInvoker.java:296) ~[testng-7.6.1.jar:7.6.1]
	at org.testng.internal.invokers.TestInvoker.runConfigMethods(TestInvoker.java:816) ~[testng-7.6.1.jar:7.6.1]
	at org.testng.internal.invokers.TestInvoker.invokeMethod(TestInvoker.java:590) ~[testng-7.6.1.jar:7.6.1]
	at org.testng.internal.invokers.TestInvoker.invokeTestMethod(TestInvoker.java:221) ~[testng-7.6.1.jar:7.6.1]
	at org.testng.internal.invokers.MethodRunner.runInSequence(MethodRunner.java:50) ~[testng-7.6.1.jar:7.6.1]
	at org.testng.internal.invokers.TestInvoker$MethodInvocationAgent.invoke(TestInvoker.java:962) ~[testng-7.6.1.jar:7.6.1]
	at org.testng.internal.invokers.TestInvoker.invokeTestMethods(TestInvoker.java:194) ~[testng-7.6.1.jar:7.6.1]
	at org.testng.internal.invokers.TestMethodWorker.invokeTestMethods(TestMethodWorker.java:148) ~[testng-7.6.1.jar:7.6.1]
	at org.testng.internal.invokers.TestMethodWorker.run(TestMethodWorker.java:128) ~[testng-7.6.1.jar:7.6.1]
	at java.util.ArrayList.forEach(ArrayList.java:1511) ~[?:?]
	at org.testng.TestRunner.privateRun(TestRunner.java:806) ~[testng-7.6.1.jar:7.6.1]
	at org.testng.TestRunner.run(TestRunner.java:601) ~[testng-7.6.1.jar:7.6.1]
	at org.testng.SuiteRunner.runTest(SuiteRunner.java:433) ~[testng-7.6.1.jar:7.6.1]
	at org.testng.SuiteRunner.runSequentially(SuiteRunner.java:427) ~[testng-7.6.1.jar:7.6.1]
	at org.testng.SuiteRunner.privateRun(SuiteRunner.java:387) ~[testng-7.6.1.jar:7.6.1]
	at org.testng.SuiteRunner.run(SuiteRunner.java:330) ~[testng-7.6.1.jar:7.6.1]
	at org.testng.SuiteRunnerWorker.runSuite(SuiteRunnerWorker.java:52) ~[testng-7.6.1.jar:7.6.1]
	at org.testng.SuiteRunnerWorker.run(SuiteRunnerWorker.java:95) ~[testng-7.6.1.jar:7.6.1]
	at org.testng.TestNG.runSuitesSequentially(TestNG.java:1256) ~[testng-7.6.1.jar:7.6.1]
	at org.testng.TestNG.runSuitesLocally(TestNG.java:1176) ~[testng-7.6.1.jar:7.6.1]
	at org.testng.TestNG.runSuites(TestNG.java:1099) ~[testng-7.6.1.jar:7.6.1]
	at org.testng.TestNG.run(TestNG.java:1067) ~[testng-7.6.1.jar:7.6.1]
	at org.apache.maven.surefire.testng.TestNGExecutor.run(TestNGExecutor.java:324) ~[surefire-testng-3.0.0-M8.jar:3.0.0-M8]
	at org.apache.maven.surefire.testng.TestNGXmlTestSuite.execute(TestNGXmlTestSuite.java:74) ~[surefire-testng-3.0.0-M8.jar:3.0.0-M8]
	at org.apache.maven.surefire.testng.TestNGProvider.invoke(TestNGProvider.java:123) ~[surefire-testng-3.0.0-M8.jar:3.0.0-M8]
	at org.apache.maven.surefire.booter.ForkedBooter.runSuitesInProcess(ForkedBooter.java:456) ~[surefire-booter-3.0.0-M8.jar:3.0.0-M8]
	at org.apache.maven.surefire.booter.ForkedBooter.execute(ForkedBooter.java:169) ~[surefire-booter-3.0.0-M8.jar:3.0.0-M8]
	at org.apache.maven.surefire.booter.ForkedBooter.run(ForkedBooter.java:595) ~[surefire-booter-3.0.0-M8.jar:3.0.0-M8]
	at org.apache.maven.surefire.booter.ForkedBooter.main(ForkedBooter.java:581) ~[surefire-booter-3.0.0-M8.jar:3.0.0-M8]
2023-04-05 02:12:47,052 DEBUG internal.PlatformDependent0 [main] io.netty.util.internal.PlatformDependent0.<clinit>(PlatformDependent0.java:482) java.nio.DirectByteBuffer.<init>(long, int): unavailable
2023-04-05 02:12:47,052 DEBUG internal.PlatformDependent [main] io.netty.util.internal.PlatformDependent.unsafeUnavailabilityCause0(PlatformDependent.java:1159) sun.misc.Unsafe: available
2023-04-05 02:12:47,053 DEBUG internal.PlatformDependent [main] io.netty.util.internal.PlatformDependent.estimateMaxDirectMemory(PlatformDependent.java:1270) maxDirectMemory: 4227858432 bytes (maybe)
2023-04-05 02:12:47,053 DEBUG internal.PlatformDependent [main] io.netty.util.internal.PlatformDependent.tmpdir0(PlatformDependent.java:1289) -Dio.netty.tmpdir: C:\Users\ASUS\AppData\Local\Temp (java.io.tmpdir)
2023-04-05 02:12:47,053 DEBUG internal.PlatformDependent [main] io.netty.util.internal.PlatformDependent.bitMode0(PlatformDependent.java:1368) -Dio.netty.bitMode: 64 (sun.arch.data.model)
2023-04-05 02:12:47,053 DEBUG internal.PlatformDependent [main] io.netty.util.internal.PlatformDependent.isWindows0(PlatformDependent.java:1119) Platform: Windows
2023-04-05 02:12:47,054 DEBUG internal.PlatformDependent [main] io.netty.util.internal.PlatformDependent.<clinit>(PlatformDependent.java:178) -Dio.netty.maxDirectMemory: -1 bytes
2023-04-05 02:12:47,054 DEBUG internal.PlatformDependent [main] io.netty.util.internal.PlatformDependent.<clinit>(PlatformDependent.java:185) -Dio.netty.uninitializedArrayAllocationThreshold: -1
2023-04-05 02:12:47,055 DEBUG internal.CleanerJava9 [main] io.netty.util.internal.CleanerJava9.<clinit>(CleanerJava9.java:71) java.nio.ByteBuffer.cleaner(): available
2023-04-05 02:12:47,055 DEBUG internal.PlatformDependent [main] io.netty.util.internal.PlatformDependent.<clinit>(PlatformDependent.java:205) -Dio.netty.noPreferDirect: false
2023-04-05 02:12:47,059 DEBUG internal.PlatformDependent [main] io.netty.util.internal.PlatformDependent$Mpsc.<clinit>(PlatformDependent.java:1010) org.jctools-core.MpscChunkedArrayQueue: available
2023-04-05 02:12:47,069 DEBUG internal.InternalThreadLocalMap [main] io.netty.util.internal.InternalThreadLocalMap.<clinit>(InternalThreadLocalMap.java:100) -Dio.netty.threadLocalMap.stringBuilder.initialSize: 1024
2023-04-05 02:12:47,070 DEBUG internal.InternalThreadLocalMap [main] io.netty.util.internal.InternalThreadLocalMap.<clinit>(InternalThreadLocalMap.java:101) -Dio.netty.threadLocalMap.stringBuilder.maxSize: 4096
2023-04-05 02:12:47,079 DEBUG ssl.JdkSslContext [main] io.netty.handler.ssl.JdkSslContext.<clinit>(JdkSslContext.java:83) Default protocols (JDK): [TLSv1.3, TLSv1.2] 
2023-04-05 02:12:47,079 DEBUG ssl.JdkSslContext [main] io.netty.handler.ssl.JdkSslContext.<clinit>(JdkSslContext.java:84) Default cipher suites (JDK): [TLS_ECDHE_ECDSA_WITH_AES_256_GCM_SHA384, TLS_ECDHE_ECDSA_WITH_AES_128_GCM_SHA256, TLS_ECDHE_RSA_WITH_AES_128_GCM_SHA256, TLS_ECDHE_RSA_WITH_AES_256_GCM_SHA384, TLS_ECDHE_RSA_WITH_AES_128_CBC_SHA, TLS_ECDHE_RSA_WITH_AES_256_CBC_SHA, TLS_RSA_WITH_AES_128_GCM_SHA256, TLS_RSA_WITH_AES_128_CBC_SHA, TLS_RSA_WITH_AES_256_CBC_SHA, TLS_AES_128_GCM_SHA256, TLS_AES_256_GCM_SHA384]
2023-04-05 02:12:47,088 DEBUG concurrent.GlobalEventExecutor [main] io.netty.util.concurrent.GlobalEventExecutor.<clinit>(GlobalEventExecutor.java:53) -Dio.netty.globalEventExecutor.quietPeriodSeconds: 1
2023-04-05 02:12:47,096 DEBUG channel.MultithreadEventLoopGroup [main] io.netty.channel.MultithreadEventLoopGroup.<clinit>(MultithreadEventLoopGroup.java:44) -Dio.netty.eventLoopThreads: 24
2023-04-05 02:12:47,102 DEBUG nio.NioEventLoop [main] io.netty.channel.nio.NioEventLoop.<clinit>(NioEventLoop.java:110) -Dio.netty.noKeySetOptimization: false
2023-04-05 02:12:47,102 DEBUG nio.NioEventLoop [main] io.netty.channel.nio.NioEventLoop.<clinit>(NioEventLoop.java:111) -Dio.netty.selectorAutoRebuildThreshold: 512
2023-04-05 02:12:47,109 TRACE nio.NioEventLoop [main] io.netty.channel.nio.NioEventLoop.openSelector(NioEventLoop.java:264) instrumented a special java.util.Set into: sun.nio.ch.WEPollSelectorImpl@3f9270ed
2023-04-05 02:12:47,110 TRACE nio.NioEventLoop [main] io.netty.channel.nio.NioEventLoop.openSelector(NioEventLoop.java:264) instrumented a special java.util.Set into: sun.nio.ch.WEPollSelectorImpl@249e0271
2023-04-05 02:12:47,111 TRACE nio.NioEventLoop [main] io.netty.channel.nio.NioEventLoop.openSelector(NioEventLoop.java:264) instrumented a special java.util.Set into: sun.nio.ch.WEPollSelectorImpl@4893b344
2023-04-05 02:12:47,112 TRACE nio.NioEventLoop [main] io.netty.channel.nio.NioEventLoop.openSelector(NioEventLoop.java:264) instrumented a special java.util.Set into: sun.nio.ch.WEPollSelectorImpl@53a665ad
2023-04-05 02:12:47,113 TRACE nio.NioEventLoop [main] io.netty.channel.nio.NioEventLoop.openSelector(NioEventLoop.java:264) instrumented a special java.util.Set into: sun.nio.ch.WEPollSelectorImpl@2c0b4c83
2023-04-05 02:12:47,114 TRACE nio.NioEventLoop [main] io.netty.channel.nio.NioEventLoop.openSelector(NioEventLoop.java:264) instrumented a special java.util.Set into: sun.nio.ch.WEPollSelectorImpl@78525ef9
2023-04-05 02:12:47,115 TRACE nio.NioEventLoop [main] io.netty.channel.nio.NioEventLoop.openSelector(NioEventLoop.java:264) instrumented a special java.util.Set into: sun.nio.ch.WEPollSelectorImpl@2d0ecb24
2023-04-05 02:12:47,115 TRACE nio.NioEventLoop [main] io.netty.channel.nio.NioEventLoop.openSelector(NioEventLoop.java:264) instrumented a special java.util.Set into: sun.nio.ch.WEPollSelectorImpl@4d654825
2023-04-05 02:12:47,116 TRACE nio.NioEventLoop [main] io.netty.channel.nio.NioEventLoop.openSelector(NioEventLoop.java:264) instrumented a special java.util.Set into: sun.nio.ch.WEPollSelectorImpl@3bfc6a5e
2023-04-05 02:12:47,117 TRACE nio.NioEventLoop [main] io.netty.channel.nio.NioEventLoop.openSelector(NioEventLoop.java:264) instrumented a special java.util.Set into: sun.nio.ch.WEPollSelectorImpl@51b35e4e
2023-04-05 02:12:47,118 TRACE nio.NioEventLoop [main] io.netty.channel.nio.NioEventLoop.openSelector(NioEventLoop.java:264) instrumented a special java.util.Set into: sun.nio.ch.WEPollSelectorImpl@abff8b7
2023-04-05 02:12:47,119 TRACE nio.NioEventLoop [main] io.netty.channel.nio.NioEventLoop.openSelector(NioEventLoop.java:264) instrumented a special java.util.Set into: sun.nio.ch.WEPollSelectorImpl@6d7cada5
2023-04-05 02:12:47,120 TRACE nio.NioEventLoop [main] io.netty.channel.nio.NioEventLoop.openSelector(NioEventLoop.java:264) instrumented a special java.util.Set into: sun.nio.ch.WEPollSelectorImpl@350a94ce
2023-04-05 02:12:47,120 TRACE nio.NioEventLoop [main] io.netty.channel.nio.NioEventLoop.openSelector(NioEventLoop.java:264) instrumented a special java.util.Set into: sun.nio.ch.WEPollSelectorImpl@7e00ed0f
2023-04-05 02:12:47,121 TRACE nio.NioEventLoop [main] io.netty.channel.nio.NioEventLoop.openSelector(NioEventLoop.java:264) instrumented a special java.util.Set into: sun.nio.ch.WEPollSelectorImpl@b0fc838
2023-04-05 02:12:47,122 TRACE nio.NioEventLoop [main] io.netty.channel.nio.NioEventLoop.openSelector(NioEventLoop.java:264) instrumented a special java.util.Set into: sun.nio.ch.WEPollSelectorImpl@3964d79
2023-04-05 02:12:47,123 TRACE nio.NioEventLoop [main] io.netty.channel.nio.NioEventLoop.openSelector(NioEventLoop.java:264) instrumented a special java.util.Set into: sun.nio.ch.WEPollSelectorImpl@62db0521
2023-04-05 02:12:47,123 TRACE nio.NioEventLoop [main] io.netty.channel.nio.NioEventLoop.openSelector(NioEventLoop.java:264) instrumented a special java.util.Set into: sun.nio.ch.WEPollSelectorImpl@1b4ae4e0
2023-04-05 02:12:47,124 TRACE nio.NioEventLoop [main] io.netty.channel.nio.NioEventLoop.openSelector(NioEventLoop.java:264) instrumented a special java.util.Set into: sun.nio.ch.WEPollSelectorImpl@6ef1a1b9
2023-04-05 02:12:47,125 TRACE nio.NioEventLoop [main] io.netty.channel.nio.NioEventLoop.openSelector(NioEventLoop.java:264) instrumented a special java.util.Set into: sun.nio.ch.WEPollSelectorImpl@5fbdc49b
2023-04-05 02:12:47,126 TRACE nio.NioEventLoop [main] io.netty.channel.nio.NioEventLoop.openSelector(NioEventLoop.java:264) instrumented a special java.util.Set into: sun.nio.ch.WEPollSelectorImpl@65753040
2023-04-05 02:12:47,127 TRACE nio.NioEventLoop [main] io.netty.channel.nio.NioEventLoop.openSelector(NioEventLoop.java:264) instrumented a special java.util.Set into: sun.nio.ch.WEPollSelectorImpl@2954b5ea
2023-04-05 02:12:47,128 TRACE nio.NioEventLoop [main] io.netty.channel.nio.NioEventLoop.openSelector(NioEventLoop.java:264) instrumented a special java.util.Set into: sun.nio.ch.WEPollSelectorImpl@4acb2510
2023-04-05 02:12:47,128 TRACE nio.NioEventLoop [main] io.netty.channel.nio.NioEventLoop.openSelector(NioEventLoop.java:264) instrumented a special java.util.Set into: sun.nio.ch.WEPollSelectorImpl@7be3a9ce
2023-04-05 02:12:47,140 DEBUG buffer.PooledByteBufAllocator [main] io.netty.buffer.PooledByteBufAllocator.<clinit>(PooledByteBufAllocator.java:157) -Dio.netty.allocator.numHeapArenas: 24
2023-04-05 02:12:47,140 DEBUG buffer.PooledByteBufAllocator [main] io.netty.buffer.PooledByteBufAllocator.<clinit>(PooledByteBufAllocator.java:158) -Dio.netty.allocator.numDirectArenas: 24
2023-04-05 02:12:47,140 DEBUG buffer.PooledByteBufAllocator [main] io.netty.buffer.PooledByteBufAllocator.<clinit>(PooledByteBufAllocator.java:160) -Dio.netty.allocator.pageSize: 8192
2023-04-05 02:12:47,140 DEBUG buffer.PooledByteBufAllocator [main] io.netty.buffer.PooledByteBufAllocator.<clinit>(PooledByteBufAllocator.java:165) -Dio.netty.allocator.maxOrder: 9
2023-04-05 02:12:47,140 DEBUG buffer.PooledByteBufAllocator [main] io.netty.buffer.PooledByteBufAllocator.<clinit>(PooledByteBufAllocator.java:169) -Dio.netty.allocator.chunkSize: 4194304
2023-04-05 02:12:47,141 DEBUG buffer.PooledByteBufAllocator [main] io.netty.buffer.PooledByteBufAllocator.<clinit>(PooledByteBufAllocator.java:170) -Dio.netty.allocator.smallCacheSize: 256
2023-04-05 02:12:47,141 DEBUG buffer.PooledByteBufAllocator [main] io.netty.buffer.PooledByteBufAllocator.<clinit>(PooledByteBufAllocator.java:171) -Dio.netty.allocator.normalCacheSize: 64
2023-04-05 02:12:47,141 DEBUG buffer.PooledByteBufAllocator [main] io.netty.buffer.PooledByteBufAllocator.<clinit>(PooledByteBufAllocator.java:172) -Dio.netty.allocator.maxCachedBufferCapacity: 32768
2023-04-05 02:12:47,141 DEBUG buffer.PooledByteBufAllocator [main] io.netty.buffer.PooledByteBufAllocator.<clinit>(PooledByteBufAllocator.java:173) -Dio.netty.allocator.cacheTrimInterval: 8192
2023-04-05 02:12:47,141 DEBUG buffer.PooledByteBufAllocator [main] io.netty.buffer.PooledByteBufAllocator.<clinit>(PooledByteBufAllocator.java:174) -Dio.netty.allocator.cacheTrimIntervalMillis: 0
2023-04-05 02:12:47,141 DEBUG buffer.PooledByteBufAllocator [main] io.netty.buffer.PooledByteBufAllocator.<clinit>(PooledByteBufAllocator.java:175) -Dio.netty.allocator.useCacheForAllThreads: false
2023-04-05 02:12:47,142 DEBUG buffer.PooledByteBufAllocator [main] io.netty.buffer.PooledByteBufAllocator.<clinit>(PooledByteBufAllocator.java:176) -Dio.netty.allocator.maxCachedByteBuffersPerChunk: 1023
2023-04-05 02:12:47,149 DEBUG buffer.ByteBufUtil [main] io.netty.buffer.ByteBufUtil.<clinit>(ByteBufUtil.java:88) -Dio.netty.allocator.type: pooled
2023-04-05 02:12:47,149 DEBUG buffer.ByteBufUtil [main] io.netty.buffer.ByteBufUtil.<clinit>(ByteBufUtil.java:97) -Dio.netty.threadLocalDirectBufferSize: 0
2023-04-05 02:12:47,149 DEBUG buffer.ByteBufUtil [main] io.netty.buffer.ByteBufUtil.<clinit>(ByteBufUtil.java:100) -Dio.netty.maxThreadLocalCharBufferSize: 16384
2023-04-05 02:12:47,343 DEBUG channel.DefaultChannelId [Forwarding newSession on session null to remote] io.netty.channel.DefaultChannelId.<clinit>(DefaultChannelId.java:79) -Dio.netty.processId: 19880 (auto-detected)
2023-04-05 02:12:47,347 DEBUG util.NetUtil [Forwarding newSession on session null to remote] io.netty.util.NetUtil.<clinit>(NetUtil.java:142) -Djava.net.preferIPv4Stack: false
2023-04-05 02:12:47,348 DEBUG util.NetUtil [Forwarding newSession on session null to remote] io.netty.util.NetUtil.<clinit>(NetUtil.java:143) -Djava.net.preferIPv6Addresses: false
2023-04-05 02:12:47,354 DEBUG util.NetUtilInitializations [Forwarding newSession on session null to remote] io.netty.util.NetUtilInitializations.determineLoopback(NetUtilInitializations.java:145) Loopback interface: lo (Software Loopback Interface 1, 127.0.0.1)
2023-04-05 02:12:47,354 DEBUG util.NetUtil [Forwarding newSession on session null to remote] io.netty.util.NetUtil$SoMaxConnAction.run(NetUtil.java:200) Failed to get SOMAXCONN from sysctl and file \proc\sys\net\core\somaxconn. Default: 200
2023-04-05 02:12:47,368 DEBUG channel.DefaultChannelId [Forwarding newSession on session null to remote] io.netty.channel.DefaultChannelId.<clinit>(DefaultChannelId.java:101) -Dio.netty.machineId: b4:8c:9d:ff:fe:c9:70:f1 (auto-detected)
2023-04-05 02:12:47,394 DEBUG buffer.AbstractByteBuf [AsyncHttpClient-1-2] io.netty.buffer.AbstractByteBuf.<clinit>(AbstractByteBuf.java:63) -Dio.netty.buffer.checkAccessible: true
2023-04-05 02:12:47,395 DEBUG buffer.AbstractByteBuf [AsyncHttpClient-1-2] io.netty.buffer.AbstractByteBuf.<clinit>(AbstractByteBuf.java:64) -Dio.netty.buffer.checkBounds: true
2023-04-05 02:12:47,395 DEBUG util.ResourceLeakDetectorFactory [AsyncHttpClient-1-2] io.netty.util.ResourceLeakDetectorFactory$DefaultResourceLeakDetectorFactory.newResourceLeakDetector(ResourceLeakDetectorFactory.java:196) Loaded default ResourceLeakDetector: io.netty.util.ResourceLeakDetector@53d66638
2023-04-05 02:12:47,411 DEBUG util.Recycler [AsyncHttpClient-1-2] io.netty.util.Recycler.<clinit>(Recycler.java:96) -Dio.netty.recycler.maxCapacityPerThread: 4096
2023-04-05 02:12:47,411 DEBUG util.Recycler [AsyncHttpClient-1-2] io.netty.util.Recycler.<clinit>(Recycler.java:97) -Dio.netty.recycler.ratio: 8
2023-04-05 02:12:47,411 DEBUG util.Recycler [AsyncHttpClient-1-2] io.netty.util.Recycler.<clinit>(Recycler.java:98) -Dio.netty.recycler.chunkSize: 32
2023-04-05 02:12:47,411 DEBUG util.Recycler [AsyncHttpClient-1-2] io.netty.util.Recycler.<clinit>(Recycler.java:99) -Dio.netty.recycler.blocking: false
2023-04-05 02:12:47,412 DEBUG util.Recycler [AsyncHttpClient-1-2] io.netty.util.Recycler.<clinit>(Recycler.java:100) -Dio.netty.recycler.batchFastThreadLocalOnly: true
2023-04-05 02:12:47,885 DEBUG compression.Brotli [AsyncHttpClient-1-2] io.netty.handler.codec.compression.Brotli.<clinit>(Brotli.java:38) brotli4j not in the classpath; Brotli support will be unavailable.
2023-04-05 02:12:47,939 DEBUG internal.ThreadLocalRandom [main] io.netty.util.internal.ThreadLocalRandom.newSeed(ThreadLocalRandom.java:214) -Dio.netty.initialSeedUniquifier: 0x923c24095ccde3b3
2023-04-05 02:12:49,283 INFO  [main] page.VirtKeyHomePage.openPage(VirtKeyHomePage.java:29) Was opened 'Virtual Keyboard' page with URL: [https://virtual-keyboard-app.vercel.app/]
]]></system-out>
    <system-err><![CDATA[SLF4J: Failed to load class "org.slf4j.impl.StaticLoggerBinder".
SLF4J: Defaulting to no-operation (NOP) logger implementation
SLF4J: See http://www.slf4j.org/codes.html#StaticLoggerBinder for further details.
Starting Microsoft Edge WebDriver 111.0.1661.62 (0a8f453929e6410c973aa529a40485ce4e3e03db) on port 33463
To submit feedback, report a bug, or suggest new features, please visit https://github.com/MicrosoftEdge/EdgeWebDriver

Only local connections are allowed.
Please see https://aka.ms/WebDriverSecurity for suggestions on keeping Microsoft Edge WebDriver safe.

Microsoft Edge WebDriver was started successfully.
]]></system-err>
  </testcase>
  <testcase name="t02_showKeyboard" classname="test.VirtKeyTests" time="0.768">
    <system-out><![CDATA[2023-04-05 02:12:49,291 TRACE websocketx.WebSocket08FrameEncoder [AsyncHttpClient-1-4] io.netty.handler.codec.http.websocketx.WebSocket08FrameEncoder.encode(WebSocket08FrameEncoder.java:129) Encoding WebSocket Frame opCode=8 length=26
2023-04-05 02:12:50,841 INFO  [main] page.VirtKeyHomePage.openPage(VirtKeyHomePage.java:29) Was opened 'Virtual Keyboard' page with URL: [https://virtual-keyboard-app.vercel.app/]
2023-04-05 02:12:50,888 INFO  [main] page.VirtKeyHomePage.showKeyboard(VirtKeyHomePage.java:36) Was showed keyboard on the screen
]]></system-out>
    <system-err><![CDATA[апр. 05, 2023 2:12:49 AM org.openqa.selenium.remote.http.WebSocket$Listener onError
WARNING: Connection reset
java.net.SocketException: Connection reset
	at java.base/sun.nio.ch.SocketChannelImpl.throwConnectionReset(SocketChannelImpl.java:394)
	at java.base/sun.nio.ch.SocketChannelImpl.read(SocketChannelImpl.java:426)
	at io.netty.buffer.PooledByteBuf.setBytes(PooledByteBuf.java:256)
	at io.netty.buffer.AbstractByteBuf.writeBytes(AbstractByteBuf.java:1132)
	at io.netty.channel.socket.nio.NioSocketChannel.doReadBytes(NioSocketChannel.java:357)
	at io.netty.channel.nio.AbstractNioByteChannel$NioByteUnsafe.read(AbstractNioByteChannel.java:151)
	at io.netty.channel.nio.NioEventLoop.processSelectedKey(NioEventLoop.java:788)
	at io.netty.channel.nio.NioEventLoop.processSelectedKeysOptimized(NioEventLoop.java:724)
	at io.netty.channel.nio.NioEventLoop.processSelectedKeys(NioEventLoop.java:650)
	at io.netty.channel.nio.NioEventLoop.run(NioEventLoop.java:562)
	at io.netty.util.concurrent.SingleThreadEventExecutor$4.run(SingleThreadEventExecutor.java:997)
	at io.netty.util.internal.ThreadExecutorMap$2.run(ThreadExecutorMap.java:74)
	at io.netty.util.concurrent.FastThreadLocalRunnable.run(FastThreadLocalRunnable.java:30)
	at java.base/java.lang.Thread.run(Thread.java:833)

Starting Microsoft Edge WebDriver 111.0.1661.62 (0a8f453929e6410c973aa529a40485ce4e3e03db) on port 22744
To submit feedback, report a bug, or suggest new features, please visit https://github.com/MicrosoftEdge/EdgeWebDriver

Only local connections are allowed.
Please see https://aka.ms/WebDriverSecurity for suggestions on keeping Microsoft Edge WebDriver safe.

Microsoft Edge WebDriver was started successfully.
]]></system-err>
  </testcase>
  <testcase name="t03_maximizeOutputTextarea" classname="test.VirtKeyTests" time="0.857">
    <system-out><![CDATA[2023-04-05 02:12:50,899 TRACE websocketx.WebSocket08FrameEncoder [AsyncHttpClient-1-7] io.netty.handler.codec.http.websocketx.WebSocket08FrameEncoder.encode(WebSocket08FrameEncoder.java:129) Encoding WebSocket Frame opCode=8 length=26
2023-04-05 02:12:52,509 INFO  [main] page.VirtKeyHomePage.openPage(VirtKeyHomePage.java:29) Was opened 'Virtual Keyboard' page with URL: [https://virtual-keyboard-app.vercel.app/]
2023-04-05 02:12:52,557 INFO  [main] page.VirtKeyHomePage.showKeyboard(VirtKeyHomePage.java:36) Was showed keyboard on the screen
]]></system-out>
    <system-err><![CDATA[Starting Microsoft Edge WebDriver 111.0.1661.62 (0a8f453929e6410c973aa529a40485ce4e3e03db) on port 13561
To submit feedback, report a bug, or suggest new features, please visit https://github.com/MicrosoftEdge/EdgeWebDriver

Only local connections are allowed.
Please see https://aka.ms/WebDriverSecurity for suggestions on keeping Microsoft Edge WebDriver safe.

Microsoft Edge WebDriver was started successfully.
]]></system-err>
  </testcase>
  <testcase name="t04_writeTextWithoutShiftInEnglish" classname="test.VirtKeyTests" time="2.412">
    <system-out><![CDATA[2023-04-05 02:12:52,583 TRACE websocketx.WebSocket08FrameEncoder [AsyncHttpClient-1-10] io.netty.handler.codec.http.websocketx.WebSocket08FrameEncoder.encode(WebSocket08FrameEncoder.java:129) Encoding WebSocket Frame opCode=8 length=26
2023-04-05 02:12:54,426 INFO  [main] page.VirtKeyHomePage.openPage(VirtKeyHomePage.java:29) Was opened 'Virtual Keyboard' page with URL: [https://virtual-keyboard-app.vercel.app/]
2023-04-05 02:12:54,472 INFO  [main] page.VirtKeyHomePage.showKeyboard(VirtKeyHomePage.java:36) Was showed keyboard on the screen
2023-04-05 02:12:54,484 INFO  [main] page.VirtKeyHomePage.createEnglishShiftMap(VirtKeyHomePage.java:145) Was created english Shift Map
2023-04-05 02:12:54,484 INFO  [main] page.VirtKeyHomePage.createRussianShiftMap(VirtKeyHomePage.java:158) Was created russian Shift Map
2023-04-05 02:12:54,484 INFO  [main] page.VirtKeyHomePage.createEnRuMap(VirtKeyHomePage.java:169) Was created EN/RU Map
2023-04-05 02:12:55,813 INFO  [main] page.VirtKeyHomePage.writeText(VirtKeyHomePage.java:123) Was wrote text 'hello ;-=`'123\/.[]'
]]></system-out>
    <system-err><![CDATA[Starting Microsoft Edge WebDriver 111.0.1661.62 (0a8f453929e6410c973aa529a40485ce4e3e03db) on port 13712
To submit feedback, report a bug, or suggest new features, please visit https://github.com/MicrosoftEdge/EdgeWebDriver

Only local connections are allowed.
Please see https://aka.ms/WebDriverSecurity for suggestions on keeping Microsoft Edge WebDriver safe.

Microsoft Edge WebDriver was started successfully.
]]></system-err>
  </testcase>
  <testcase name="t05_writeTextWithShiftInEnglish" classname="test.VirtKeyTests" time="2.313">
    <system-out><![CDATA[2023-04-05 02:12:55,814 TRACE websocketx.WebSocket08FrameEncoder [AsyncHttpClient-1-13] io.netty.handler.codec.http.websocketx.WebSocket08FrameEncoder.encode(WebSocket08FrameEncoder.java:129) Encoding WebSocket Frame opCode=8 length=26
2023-04-05 02:12:57,313 INFO  [main] page.VirtKeyHomePage.openPage(VirtKeyHomePage.java:29) Was opened 'Virtual Keyboard' page with URL: [https://virtual-keyboard-app.vercel.app/]
2023-04-05 02:12:57,358 INFO  [main] page.VirtKeyHomePage.showKeyboard(VirtKeyHomePage.java:36) Was showed keyboard on the screen
2023-04-05 02:12:57,372 INFO  [main] page.VirtKeyHomePage.createEnglishShiftMap(VirtKeyHomePage.java:145) Was created english Shift Map
2023-04-05 02:12:57,372 INFO  [main] page.VirtKeyHomePage.createRussianShiftMap(VirtKeyHomePage.java:158) Was created russian Shift Map
2023-04-05 02:12:57,372 INFO  [main] page.VirtKeyHomePage.createEnRuMap(VirtKeyHomePage.java:169) Was created EN/RU Map
2023-04-05 02:12:57,372 INFO  [main] page.VirtKeyHomePage.clickShiftWithJSExecutor(VirtKeyHomePage.java:128) Was clicked key 'Shift'
2023-04-05 02:12:58,964 INFO  [main] page.VirtKeyHomePage.writeText(VirtKeyHomePage.java:123) Was wrote text 'HELLO ~!@#$%^&*()_+{}|:"<>?'
]]></system-out>
    <system-err><![CDATA[Starting Microsoft Edge WebDriver 111.0.1661.62 (0a8f453929e6410c973aa529a40485ce4e3e03db) on port 12450
To submit feedback, report a bug, or suggest new features, please visit https://github.com/MicrosoftEdge/EdgeWebDriver

Only local connections are allowed.
Please see https://aka.ms/WebDriverSecurity for suggestions on keeping Microsoft Edge WebDriver safe.

Microsoft Edge WebDriver was started successfully.
]]></system-err>
  </testcase>
  <testcase name="t06_writeTextWithAndWithoutShiftInEnglish" classname="test.VirtKeyTests" time="3.08">
    <system-out><![CDATA[2023-04-05 02:12:58,965 TRACE websocketx.WebSocket08FrameEncoder [AsyncHttpClient-1-16] io.netty.handler.codec.http.websocketx.WebSocket08FrameEncoder.encode(WebSocket08FrameEncoder.java:129) Encoding WebSocket Frame opCode=8 length=26
2023-04-05 02:13:00,982 INFO  [main] page.VirtKeyHomePage.openPage(VirtKeyHomePage.java:29) Was opened 'Virtual Keyboard' page with URL: [https://virtual-keyboard-app.vercel.app/]
2023-04-05 02:13:01,025 INFO  [main] page.VirtKeyHomePage.showKeyboard(VirtKeyHomePage.java:36) Was showed keyboard on the screen
2023-04-05 02:13:01,037 INFO  [main] page.VirtKeyHomePage.createEnglishShiftMap(VirtKeyHomePage.java:145) Was created english Shift Map
2023-04-05 02:13:01,038 INFO  [main] page.VirtKeyHomePage.createRussianShiftMap(VirtKeyHomePage.java:158) Was created russian Shift Map
2023-04-05 02:13:01,038 INFO  [main] page.VirtKeyHomePage.createEnRuMap(VirtKeyHomePage.java:169) Was created EN/RU Map
2023-04-05 02:13:01,038 INFO  [main] page.VirtKeyHomePage.clickShiftWithJSExecutor(VirtKeyHomePage.java:128) Was clicked key 'Shift'
2023-04-05 02:13:01,607 INFO  [main] page.VirtKeyHomePage.clickShiftWithJSExecutor(VirtKeyHomePage.java:128) Was clicked key 'Shift'
2023-04-05 02:13:01,650 INFO  [main] page.VirtKeyHomePage.clickShiftWithJSExecutor(VirtKeyHomePage.java:128) Was clicked key 'Shift'
2023-04-05 02:13:01,721 INFO  [main] page.VirtKeyHomePage.clickShiftWithJSExecutor(VirtKeyHomePage.java:128) Was clicked key 'Shift'
2023-04-05 02:13:01,799 INFO  [main] page.VirtKeyHomePage.clickShiftWithJSExecutor(VirtKeyHomePage.java:128) Was clicked key 'Shift'
2023-04-05 02:13:02,046 INFO  [main] page.VirtKeyHomePage.clickShiftWithJSExecutor(VirtKeyHomePage.java:128) Was clicked key 'Shift'
2023-04-05 02:13:02,158 INFO  [main] page.VirtKeyHomePage.clickShiftWithJSExecutor(VirtKeyHomePage.java:128) Was clicked key 'Shift'
2023-04-05 02:13:02,360 INFO  [main] page.VirtKeyHomePage.clickShiftWithJSExecutor(VirtKeyHomePage.java:128) Was clicked key 'Shift'
2023-04-05 02:13:02,443 INFO  [main] page.VirtKeyHomePage.clickShiftWithJSExecutor(VirtKeyHomePage.java:128) Was clicked key 'Shift'
2023-04-05 02:13:02,746 INFO  [main] page.VirtKeyHomePage.clickShiftWithJSExecutor(VirtKeyHomePage.java:128) Was clicked key 'Shift'
2023-04-05 02:13:02,803 INFO  [main] page.VirtKeyHomePage.clickShiftWithJSExecutor(VirtKeyHomePage.java:128) Was clicked key 'Shift'
2023-04-05 02:13:02,885 INFO  [main] page.VirtKeyHomePage.writeText(VirtKeyHomePage.java:123) Was wrote text 'HeLLo ~!@#$%her^&*()345_+{}|:"<[]>?'
]]></system-out>
    <system-err><![CDATA[Starting Microsoft Edge WebDriver 111.0.1661.62 (0a8f453929e6410c973aa529a40485ce4e3e03db) on port 15962
To submit feedback, report a bug, or suggest new features, please visit https://github.com/MicrosoftEdge/EdgeWebDriver

Only local connections are allowed.
Please see https://aka.ms/WebDriverSecurity for suggestions on keeping Microsoft Edge WebDriver safe.

Microsoft Edge WebDriver was started successfully.
]]></system-err>
  </testcase>
  <testcase name="t07_writeTextWithoutShiftInRussian" classname="test.VirtKeyTests" time="3.568">
    <system-out><![CDATA[2023-04-05 02:13:02,886 TRACE websocketx.WebSocket08FrameEncoder [AsyncHttpClient-1-19] io.netty.handler.codec.http.websocketx.WebSocket08FrameEncoder.encode(WebSocket08FrameEncoder.java:129) Encoding WebSocket Frame opCode=8 length=26
2023-04-05 02:13:04,256 INFO  [main] page.VirtKeyHomePage.openPage(VirtKeyHomePage.java:29) Was opened 'Virtual Keyboard' page with URL: [https://virtual-keyboard-app.vercel.app/]
2023-04-05 02:13:04,299 INFO  [main] page.VirtKeyHomePage.showKeyboard(VirtKeyHomePage.java:36) Was showed keyboard on the screen
2023-04-05 02:13:04,312 INFO  [main] page.VirtKeyHomePage.createEnglishShiftMap(VirtKeyHomePage.java:145) Was created english Shift Map
2023-04-05 02:13:04,313 INFO  [main] page.VirtKeyHomePage.createRussianShiftMap(VirtKeyHomePage.java:158) Was created russian Shift Map
2023-04-05 02:13:04,313 INFO  [main] page.VirtKeyHomePage.createEnRuMap(VirtKeyHomePage.java:169) Was created EN/RU Map
2023-04-05 02:13:04,313 INFO  [main] page.VirtKeyHomePage.clickLangWIthJSExecutor(VirtKeyHomePage.java:134) Was clicked key 'Language'
2023-04-05 02:13:05,429 INFO  [main] page.VirtKeyHomePage.clickLangWIthJSExecutor(VirtKeyHomePage.java:134) Was clicked key 'Language'
2023-04-05 02:13:05,915 INFO  [main] page.VirtKeyHomePage.clickLangWIthJSExecutor(VirtKeyHomePage.java:134) Was clicked key 'Language'
2023-04-05 02:13:06,857 INFO  [main] page.VirtKeyHomePage.clickLangWIthJSExecutor(VirtKeyHomePage.java:134) Was clicked key 'Language'
2023-04-05 02:13:06,898 INFO  [main] page.VirtKeyHomePage.clickLangWIthJSExecutor(VirtKeyHomePage.java:134) Was clicked key 'Language'
2023-04-05 02:13:07,245 INFO  [main] page.VirtKeyHomePage.clickLangWIthJSExecutor(VirtKeyHomePage.java:134) Was clicked key 'Language'
2023-04-05 02:13:07,279 INFO  [main] page.VirtKeyHomePage.writeText(VirtKeyHomePage.java:123) Was wrote text 'ё1234567890-=йцуке нгшщзхъ
фывапролджэ\ячсмитьбю.'
]]></system-out>
    <system-err><![CDATA[Starting Microsoft Edge WebDriver 111.0.1661.62 (0a8f453929e6410c973aa529a40485ce4e3e03db) on port 3576
To submit feedback, report a bug, or suggest new features, please visit https://github.com/MicrosoftEdge/EdgeWebDriver

Only local connections are allowed.
Please see https://aka.ms/WebDriverSecurity for suggestions on keeping Microsoft Edge WebDriver safe.

Microsoft Edge WebDriver was started successfully.
]]></system-err>
  </testcase>
  <testcase name="t08_writeTextWithShiftInRussian" classname="test.VirtKeyTests" time="3.699">
    <system-out><![CDATA[2023-04-05 02:13:07,281 TRACE websocketx.WebSocket08FrameEncoder [AsyncHttpClient-1-22] io.netty.handler.codec.http.websocketx.WebSocket08FrameEncoder.encode(WebSocket08FrameEncoder.java:129) Encoding WebSocket Frame opCode=8 length=26
2023-04-05 02:13:08,857 INFO  [main] page.VirtKeyHomePage.openPage(VirtKeyHomePage.java:29) Was opened 'Virtual Keyboard' page with URL: [https://virtual-keyboard-app.vercel.app/]
2023-04-05 02:13:08,899 INFO  [main] page.VirtKeyHomePage.showKeyboard(VirtKeyHomePage.java:36) Was showed keyboard on the screen
2023-04-05 02:13:08,909 INFO  [main] page.VirtKeyHomePage.createEnglishShiftMap(VirtKeyHomePage.java:145) Was created english Shift Map
2023-04-05 02:13:08,909 INFO  [main] page.VirtKeyHomePage.createRussianShiftMap(VirtKeyHomePage.java:158) Was created russian Shift Map
2023-04-05 02:13:08,909 INFO  [main] page.VirtKeyHomePage.createEnRuMap(VirtKeyHomePage.java:169) Was created EN/RU Map
2023-04-05 02:13:08,909 INFO  [main] page.VirtKeyHomePage.clickShiftWithJSExecutor(VirtKeyHomePage.java:128) Was clicked key 'Shift'
2023-04-05 02:13:08,914 INFO  [main] page.VirtKeyHomePage.clickLangWIthJSExecutor(VirtKeyHomePage.java:134) Was clicked key 'Language'
2023-04-05 02:13:10,027 INFO  [main] page.VirtKeyHomePage.clickLangWIthJSExecutor(VirtKeyHomePage.java:134) Was clicked key 'Language'
2023-04-05 02:13:10,102 INFO  [main] page.VirtKeyHomePage.clickLangWIthJSExecutor(VirtKeyHomePage.java:134) Was clicked key 'Language'
2023-04-05 02:13:10,142 INFO  [main] page.VirtKeyHomePage.clickShiftWithJSExecutor(VirtKeyHomePage.java:128) Was clicked key 'Shift'
2023-04-05 02:13:10,158 INFO  [main] page.VirtKeyHomePage.clickLangWIthJSExecutor(VirtKeyHomePage.java:134) Was clicked key 'Language'
2023-04-05 02:13:10,209 INFO  [main] page.VirtKeyHomePage.clickShiftWithJSExecutor(VirtKeyHomePage.java:128) Was clicked key 'Shift'
2023-04-05 02:13:10,510 INFO  [main] page.VirtKeyHomePage.clickLangWIthJSExecutor(VirtKeyHomePage.java:134) Was clicked key 'Language'
2023-04-05 02:13:11,399 INFO  [main] page.VirtKeyHomePage.clickLangWIthJSExecutor(VirtKeyHomePage.java:134) Was clicked key 'Language'
2023-04-05 02:13:11,440 INFO  [main] page.VirtKeyHomePage.clickLangWIthJSExecutor(VirtKeyHomePage.java:134) Was clicked key 'Language'
2023-04-05 02:13:11,788 INFO  [main] page.VirtKeyHomePage.clickShiftWithJSExecutor(VirtKeyHomePage.java:128) Was clicked key 'Shift'
2023-04-05 02:13:11,794 INFO  [main] page.VirtKeyHomePage.clickLangWIthJSExecutor(VirtKeyHomePage.java:134) Was clicked key 'Language'
2023-04-05 02:13:11,828 INFO  [main] page.VirtKeyHomePage.writeText(VirtKeyHomePage.java:123) Was wrote text 'Ё!"№;%:?*()_+ЙЦУКЕНГШЩЗХЪ
ФЫВА ПРОЛДЖЭ|ЯЧСМИТБЬЮ,'
]]></system-out>
    <system-err><![CDATA[Starting Microsoft Edge WebDriver 111.0.1661.62 (0a8f453929e6410c973aa529a40485ce4e3e03db) on port 27694
To submit feedback, report a bug, or suggest new features, please visit https://github.com/MicrosoftEdge/EdgeWebDriver

Only local connections are allowed.
Please see https://aka.ms/WebDriverSecurity for suggestions on keeping Microsoft Edge WebDriver safe.

Microsoft Edge WebDriver was started successfully.
]]></system-err>
  </testcase>
  <testcase name="t09_writeTextWithAndWithoutShiftInRussian" classname="test.VirtKeyTests" time="3.854">
    <system-out><![CDATA[2023-04-05 02:13:11,829 TRACE websocketx.WebSocket08FrameEncoder [AsyncHttpClient-1-25] io.netty.handler.codec.http.websocketx.WebSocket08FrameEncoder.encode(WebSocket08FrameEncoder.java:129) Encoding WebSocket Frame opCode=8 length=26
2023-04-05 02:13:13,527 INFO  [main] page.VirtKeyHomePage.openPage(VirtKeyHomePage.java:29) Was opened 'Virtual Keyboard' page with URL: [https://virtual-keyboard-app.vercel.app/]
2023-04-05 02:13:13,567 INFO  [main] page.VirtKeyHomePage.showKeyboard(VirtKeyHomePage.java:36) Was showed keyboard on the screen
2023-04-05 02:13:13,577 INFO  [main] page.VirtKeyHomePage.createEnglishShiftMap(VirtKeyHomePage.java:145) Was created english Shift Map
2023-04-05 02:13:13,578 INFO  [main] page.VirtKeyHomePage.createRussianShiftMap(VirtKeyHomePage.java:158) Was created russian Shift Map
2023-04-05 02:13:13,578 INFO  [main] page.VirtKeyHomePage.createEnRuMap(VirtKeyHomePage.java:169) Was created EN/RU Map
2023-04-05 02:13:13,578 INFO  [main] page.VirtKeyHomePage.clickShiftWithJSExecutor(VirtKeyHomePage.java:128) Was clicked key 'Shift'
2023-04-05 02:13:13,588 INFO  [main] page.VirtKeyHomePage.clickLangWIthJSExecutor(VirtKeyHomePage.java:134) Was clicked key 'Language'
2023-04-05 02:13:14,653 INFO  [main] page.VirtKeyHomePage.clickShiftWithJSExecutor(VirtKeyHomePage.java:128) Was clicked key 'Shift'
2023-04-05 02:13:14,657 INFO  [main] page.VirtKeyHomePage.clickLangWIthJSExecutor(VirtKeyHomePage.java:134) Was clicked key 'Language'
2023-04-05 02:13:14,805 INFO  [main] page.VirtKeyHomePage.clickShiftWithJSExecutor(VirtKeyHomePage.java:128) Was clicked key 'Shift'
2023-04-05 02:13:14,965 INFO  [main] page.VirtKeyHomePage.clickShiftWithJSExecutor(VirtKeyHomePage.java:128) Was clicked key 'Shift'
2023-04-05 02:13:15,045 INFO  [main] page.VirtKeyHomePage.clickShiftWithJSExecutor(VirtKeyHomePage.java:128) Was clicked key 'Shift'
2023-04-05 02:13:15,133 INFO  [main] page.VirtKeyHomePage.clickLangWIthJSExecutor(VirtKeyHomePage.java:134) Was clicked key 'Language'
2023-04-05 02:13:15,177 INFO  [main] page.VirtKeyHomePage.clickShiftWithJSExecutor(VirtKeyHomePage.java:128) Was clicked key 'Shift'
2023-04-05 02:13:15,363 INFO  [main] page.VirtKeyHomePage.clickShiftWithJSExecutor(VirtKeyHomePage.java:128) Was clicked key 'Shift'
2023-04-05 02:13:15,689 INFO  [main] page.VirtKeyHomePage.clickShiftWithJSExecutor(VirtKeyHomePage.java:128) Was clicked key 'Shift'
2023-04-05 02:13:15,801 INFO  [main] page.VirtKeyHomePage.clickShiftWithJSExecutor(VirtKeyHomePage.java:128) Was clicked key 'Shift'
2023-04-05 02:13:15,972 INFO  [main] page.VirtKeyHomePage.clickShiftWithJSExecutor(VirtKeyHomePage.java:128) Was clicked key 'Shift'
2023-04-05 02:13:16,087 INFO  [main] page.VirtKeyHomePage.clickShiftWithJSExecutor(VirtKeyHomePage.java:128) Was clicked key 'Shift'
2023-04-05 02:13:16,132 INFO  [main] page.VirtKeyHomePage.clickLangWIthJSExecutor(VirtKeyHomePage.java:134) Was clicked key 'Language'
2023-04-05 02:13:16,175 INFO  [main] page.VirtKeyHomePage.clickLangWIthJSExecutor(VirtKeyHomePage.java:134) Was clicked key 'Language'
2023-04-05 02:13:16,293 INFO  [main] page.VirtKeyHomePage.clickShiftWithJSExecutor(VirtKeyHomePage.java:128) Was clicked key 'Shift'
2023-04-05 02:13:16,416 INFO  [main] page.VirtKeyHomePage.clickShiftWithJSExecutor(VirtKeyHomePage.java:128) Was clicked key 'Shift'
2023-04-05 02:13:16,531 INFO  [main] page.VirtKeyHomePage.clickShiftWithJSExecutor(VirtKeyHomePage.java:128) Was clicked key 'Shift'
2023-04-05 02:13:16,538 INFO  [main] page.VirtKeyHomePage.clickLangWIthJSExecutor(VirtKeyHomePage.java:134) Was clicked key 'Language'
2023-04-05 02:13:16,567 INFO  [main] page.VirtKeyHomePage.writeText(VirtKeyHomePage.java:123) Was wrote text 'Ё123;%:?*90_+ЙцукенГШЩЗХЪ
ФЫва ПРОлджЭ|ЯЧСмитБЬЮ,'
]]></system-out>
    <system-err><![CDATA[Starting Microsoft Edge WebDriver 111.0.1661.62 (0a8f453929e6410c973aa529a40485ce4e3e03db) on port 5625
To submit feedback, report a bug, or suggest new features, please visit https://github.com/MicrosoftEdge/EdgeWebDriver

Only local connections are allowed.
Please see https://aka.ms/WebDriverSecurity for suggestions on keeping Microsoft Edge WebDriver safe.

Microsoft Edge WebDriver was started successfully.
]]></system-err>
  </testcase>
  <testcase name="t10_writeTextWithAndWithoutShiftInRussianAndEnglish" classname="test.VirtKeyTests" time="3.854">
    <system-out><![CDATA[2023-04-05 02:13:16,568 TRACE websocketx.WebSocket08FrameEncoder [AsyncHttpClient-1-4] io.netty.handler.codec.http.websocketx.WebSocket08FrameEncoder.encode(WebSocket08FrameEncoder.java:129) Encoding WebSocket Frame opCode=8 length=26
2023-04-05 02:13:17,911 INFO  [main] page.VirtKeyHomePage.openPage(VirtKeyHomePage.java:29) Was opened 'Virtual Keyboard' page with URL: [https://virtual-keyboard-app.vercel.app/]
2023-04-05 02:13:17,951 INFO  [main] page.VirtKeyHomePage.showKeyboard(VirtKeyHomePage.java:36) Was showed keyboard on the screen
2023-04-05 02:13:17,961 INFO  [main] page.VirtKeyHomePage.createEnglishShiftMap(VirtKeyHomePage.java:145) Was created english Shift Map
2023-04-05 02:13:17,962 INFO  [main] page.VirtKeyHomePage.createRussianShiftMap(VirtKeyHomePage.java:158) Was created russian Shift Map
2023-04-05 02:13:17,962 INFO  [main] page.VirtKeyHomePage.createEnRuMap(VirtKeyHomePage.java:169) Was created EN/RU Map
2023-04-05 02:13:19,215 INFO  [main] page.VirtKeyHomePage.clickShiftWithJSExecutor(VirtKeyHomePage.java:128) Was clicked key 'Shift'
2023-04-05 02:13:19,379 INFO  [main] page.VirtKeyHomePage.clickShiftWithJSExecutor(VirtKeyHomePage.java:128) Was clicked key 'Shift'
2023-04-05 02:13:19,479 INFO  [main] page.VirtKeyHomePage.clickShiftWithJSExecutor(VirtKeyHomePage.java:128) Was clicked key 'Shift'
2023-04-05 02:13:19,569 INFO  [main] page.VirtKeyHomePage.clickLangWIthJSExecutor(VirtKeyHomePage.java:134) Was clicked key 'Language'
2023-04-05 02:13:19,614 INFO  [main] page.VirtKeyHomePage.clickShiftWithJSExecutor(VirtKeyHomePage.java:128) Was clicked key 'Shift'
2023-04-05 02:13:19,696 INFO  [main] page.VirtKeyHomePage.clickLangWIthJSExecutor(VirtKeyHomePage.java:134) Was clicked key 'Language'
2023-04-05 02:13:19,807 INFO  [main] page.VirtKeyHomePage.clickShiftWithJSExecutor(VirtKeyHomePage.java:128) Was clicked key 'Shift'
2023-04-05 02:13:19,812 INFO  [main] page.VirtKeyHomePage.clickLangWIthJSExecutor(VirtKeyHomePage.java:134) Was clicked key 'Language'
2023-04-05 02:13:19,887 INFO  [main] page.VirtKeyHomePage.clickShiftWithJSExecutor(VirtKeyHomePage.java:128) Was clicked key 'Shift'
2023-04-05 02:13:19,891 INFO  [main] page.VirtKeyHomePage.clickLangWIthJSExecutor(VirtKeyHomePage.java:134) Was clicked key 'Language'
2023-04-05 02:13:19,968 INFO  [main] page.VirtKeyHomePage.clickShiftWithJSExecutor(VirtKeyHomePage.java:128) Was clicked key 'Shift'
2023-04-05 02:13:19,974 INFO  [main] page.VirtKeyHomePage.clickLangWIthJSExecutor(VirtKeyHomePage.java:134) Was clicked key 'Language'
2023-04-05 02:13:20,124 INFO  [main] page.VirtKeyHomePage.clickLangWIthJSExecutor(VirtKeyHomePage.java:134) Was clicked key 'Language'
2023-04-05 02:13:20,153 INFO  [main] page.VirtKeyHomePage.clickLangWIthJSExecutor(VirtKeyHomePage.java:134) Was clicked key 'Language'
2023-04-05 02:13:20,195 INFO  [main] page.VirtKeyHomePage.clickLangWIthJSExecutor(VirtKeyHomePage.java:134) Was clicked key 'Language'
2023-04-05 02:13:20,224 INFO  [main] page.VirtKeyHomePage.clickShiftWithJSExecutor(VirtKeyHomePage.java:128) Was clicked key 'Shift'
2023-04-05 02:13:20,228 INFO  [main] page.VirtKeyHomePage.clickLangWIthJSExecutor(VirtKeyHomePage.java:134) Was clicked key 'Language'
2023-04-05 02:13:20,339 INFO  [main] page.VirtKeyHomePage.clickLangWIthJSExecutor(VirtKeyHomePage.java:134) Was clicked key 'Language'
2023-04-05 02:13:20,419 INFO  [main] page.VirtKeyHomePage.clickShiftWithJSExecutor(VirtKeyHomePage.java:128) Was clicked key 'Shift'
2023-04-05 02:13:20,496 INFO  [main] page.VirtKeyHomePage.clickLangWIthJSExecutor(VirtKeyHomePage.java:134) Was clicked key 'Language'
2023-04-05 02:13:20,537 INFO  [main] page.VirtKeyHomePage.clickShiftWithJSExecutor(VirtKeyHomePage.java:128) Was clicked key 'Shift'
2023-04-05 02:13:20,640 INFO  [main] page.VirtKeyHomePage.clickShiftWithJSExecutor(VirtKeyHomePage.java:128) Was clicked key 'Shift'
2023-04-05 02:13:20,683 INFO  [main] page.VirtKeyHomePage.clickLangWIthJSExecutor(VirtKeyHomePage.java:134) Was clicked key 'Language'
2023-04-05 02:13:20,730 INFO  [main] page.VirtKeyHomePage.clickLangWIthJSExecutor(VirtKeyHomePage.java:134) Was clicked key 'Language'
2023-04-05 02:13:20,845 INFO  [main] page.VirtKeyHomePage.clickShiftWithJSExecutor(VirtKeyHomePage.java:128) Was clicked key 'Shift'
2023-04-05 02:13:20,887 INFO  [main] page.VirtKeyHomePage.clickLangWIthJSExecutor(VirtKeyHomePage.java:134) Was clicked key 'Language'
2023-04-05 02:13:21,000 INFO  [main] page.VirtKeyHomePage.clickLangWIthJSExecutor(VirtKeyHomePage.java:134) Was clicked key 'Language'
2023-04-05 02:13:21,041 INFO  [main] page.VirtKeyHomePage.clickShiftWithJSExecutor(VirtKeyHomePage.java:128) Was clicked key 'Shift'
2023-04-05 02:13:21,195 INFO  [main] page.VirtKeyHomePage.clickShiftWithJSExecutor(VirtKeyHomePage.java:128) Was clicked key 'Shift'
2023-04-05 02:13:21,204 INFO  [main] page.VirtKeyHomePage.clickLangWIthJSExecutor(VirtKeyHomePage.java:134) Was clicked key 'Language'
2023-04-05 02:13:21,239 INFO  [main] page.VirtKeyHomePage.writeText(VirtKeyHomePage.java:123) Was wrote text '`123;%:?*90_+ЙцуrtyГШopХЪ
Ф{Ы}ва [] GHОлджЭ|ЯЧСм///bтБЬЮ,'
]]></system-out>
    <system-err><![CDATA[Starting Microsoft Edge WebDriver 111.0.1661.62 (0a8f453929e6410c973aa529a40485ce4e3e03db) on port 34456
To submit feedback, report a bug, or suggest new features, please visit https://github.com/MicrosoftEdge/EdgeWebDriver

Only local connections are allowed.
Please see https://aka.ms/WebDriverSecurity for suggestions on keeping Microsoft Edge WebDriver safe.

Microsoft Edge WebDriver was started successfully.
]]></system-err>
  </testcase>
  <testcase name="t11_writeAgileManifesto" classname="test.VirtKeyTests" time="12.49">
    <system-out><![CDATA[2023-04-05 02:13:21,240 TRACE websocketx.WebSocket08FrameEncoder [AsyncHttpClient-1-7] io.netty.handler.codec.http.websocketx.WebSocket08FrameEncoder.encode(WebSocket08FrameEncoder.java:129) Encoding WebSocket Frame opCode=8 length=26
2023-04-05 02:13:22,820 INFO  [main] page.VirtKeyHomePage.openPage(VirtKeyHomePage.java:29) Was opened 'Virtual Keyboard' page with URL: [https://virtual-keyboard-app.vercel.app/]
2023-04-05 02:13:22,861 INFO  [main] page.VirtKeyHomePage.showKeyboard(VirtKeyHomePage.java:36) Was showed keyboard on the screen
2023-04-05 02:13:22,872 INFO  [main] page.VirtKeyHomePage.createEnglishShiftMap(VirtKeyHomePage.java:145) Was created english Shift Map
2023-04-05 02:13:22,872 INFO  [main] page.VirtKeyHomePage.createRussianShiftMap(VirtKeyHomePage.java:158) Was created russian Shift Map
2023-04-05 02:13:22,872 INFO  [main] page.VirtKeyHomePage.createEnRuMap(VirtKeyHomePage.java:169) Was created EN/RU Map
2023-04-05 02:13:22,872 INFO  [main] page.VirtKeyHomePage.clickShiftWithJSExecutor(VirtKeyHomePage.java:128) Was clicked key 'Shift'
2023-04-05 02:13:23,983 INFO  [main] page.VirtKeyHomePage.clickShiftWithJSExecutor(VirtKeyHomePage.java:128) Was clicked key 'Shift'
2023-04-05 02:13:26,505 INFO  [main] page.VirtKeyHomePage.clickShiftWithJSExecutor(VirtKeyHomePage.java:128) Was clicked key 'Shift'
2023-04-05 02:13:26,535 INFO  [main] page.VirtKeyHomePage.clickShiftWithJSExecutor(VirtKeyHomePage.java:128) Was clicked key 'Shift'
2023-04-05 02:13:27,469 INFO  [main] page.VirtKeyHomePage.clickShiftWithJSExecutor(VirtKeyHomePage.java:128) Was clicked key 'Shift'
2023-04-05 02:13:27,579 INFO  [main] page.VirtKeyHomePage.clickShiftWithJSExecutor(VirtKeyHomePage.java:128) Was clicked key 'Shift'
2023-04-05 02:13:28,826 INFO  [main] page.VirtKeyHomePage.clickShiftWithJSExecutor(VirtKeyHomePage.java:128) Was clicked key 'Shift'
2023-04-05 02:13:28,854 INFO  [main] page.VirtKeyHomePage.clickShiftWithJSExecutor(VirtKeyHomePage.java:128) Was clicked key 'Shift'
2023-04-05 02:13:30,147 INFO  [main] page.VirtKeyHomePage.clickShiftWithJSExecutor(VirtKeyHomePage.java:128) Was clicked key 'Shift'
2023-04-05 02:13:30,176 INFO  [main] page.VirtKeyHomePage.clickShiftWithJSExecutor(VirtKeyHomePage.java:128) Was clicked key 'Shift'
2023-04-05 02:13:31,337 INFO  [main] page.VirtKeyHomePage.clickShiftWithJSExecutor(VirtKeyHomePage.java:128) Was clicked key 'Shift'
2023-04-05 02:13:31,367 INFO  [main] page.VirtKeyHomePage.clickShiftWithJSExecutor(VirtKeyHomePage.java:128) Was clicked key 'Shift'
2023-04-05 02:13:32,387 INFO  [main] page.VirtKeyHomePage.clickShiftWithJSExecutor(VirtKeyHomePage.java:128) Was clicked key 'Shift'
2023-04-05 02:13:32,417 INFO  [main] page.VirtKeyHomePage.clickShiftWithJSExecutor(VirtKeyHomePage.java:128) Was clicked key 'Shift'
2023-04-05 02:13:34,620 INFO  [main] page.VirtKeyHomePage.writeText(VirtKeyHomePage.java:123) Was wrote text 'We are uncovering better ways of developing
software by doing it and helping others do it.
Through this work we have come to value:

Individuals and interactions over processes and tools
Working software over comprehensive documentation
Customer collaboration over contract negotiation
Responding to change over following a plan

That is, while there is value in the items on
the right, we value the items on the left more.'
]]></system-out>
    <system-err><![CDATA[Starting Microsoft Edge WebDriver 111.0.1661.62 (0a8f453929e6410c973aa529a40485ce4e3e03db) on port 23488
To submit feedback, report a bug, or suggest new features, please visit https://github.com/MicrosoftEdge/EdgeWebDriver

Only local connections are allowed.
Please see https://aka.ms/WebDriverSecurity for suggestions on keeping Microsoft Edge WebDriver safe.

Microsoft Edge WebDriver was started successfully.
]]></system-err>
  </testcase>
</testsuite>