<?xml version="1.0" encoding="UTF-8"?>
<testsuite xmlns:xsi="http://www.w3.org/2001/XMLSchema-instance" xsi:noNamespaceSchemaLocation="https://maven.apache.org/surefire/maven-surefire-plugin/xsd/surefire-test-report-3.0.xsd" version="3.0" name="TestSuite" time="50.632" tests="11" errors="0" skipped="0" failures="0">
  <properties>
[...]
</properties>
  <testcase name="t01_openKeyboardPage" classname="test.VirtKeyTests" time="0.857">
    <system-out><![CDATA[2023-04-05 02:40:00,646 DEBUG logging.InternalLoggerFactory [main] io.netty.util.internal.logging.InternalLoggerFactory.useLog4J2LoggerFactory(InternalLoggerFactory.java:76) Using Log4J2 as the default logging framework
2023-04-05 02:40:00,646 DEBUG util.ResourceLeakDetector [main] io.netty.util.ResourceLeakDetector.<clinit>(ResourceLeakDetector.java:129) -Dio.netty.leakDetection.level: simple
2023-04-05 02:40:00,646 DEBUG util.ResourceLeakDetector [main] io.netty.util.ResourceLeakDetector.<clinit>(ResourceLeakDetector.java:130) -Dio.netty.leakDetection.targetRecords: 4
2023-04-05 02:40:00,646 DEBUG util.ResourceLeakDetectorFactory [main] io.netty.util.ResourceLeakDetectorFactory$DefaultResourceLeakDetectorFactory.newResourceLeakDetector(ResourceLeakDetectorFactory.java:196) Loaded default ResourceLeakDetector: io.netty.util.ResourceLeakDetector@6bcbf05b
2023-04-05 02:40:00,662 DEBUG internal.PlatformDependent0 [main] io.netty.util.internal.PlatformDependent0.explicitNoUnsafeCause0(PlatformDependent0.java:496) -Dio.netty.noUnsafe: false
2023-04-05 02:40:00,662 DEBUG internal.PlatformDependent0 [main] io.netty.util.internal.PlatformDependent0.javaVersion0(PlatformDependent0.java:1000) Java version: 17
2023-04-05 02:40:00,662 DEBUG internal.PlatformDependent0 [main] io.netty.util.internal.PlatformDependent0.<clinit>(PlatformDependent0.java:137) sun.misc.Unsafe.theUnsafe: available
2023-04-05 02:40:00,662 DEBUG internal.PlatformDependent0 [main] io.netty.util.internal.PlatformDependent0.<clinit>(PlatformDependent0.java:161) sun.misc.Unsafe.copyMemory: available
2023-04-05 02:40:00,662 DEBUG internal.PlatformDependent0 [main] io.netty.util.internal.PlatformDependent0.<clinit>(PlatformDependent0.java:193) sun.misc.Unsafe.storeFence: available
2023-04-05 02:40:00,662 DEBUG internal.PlatformDependent0 [main] io.netty.util.internal.PlatformDependent0.<clinit>(PlatformDependent0.java:236) java.nio.Buffer.address: available
2023-04-05 02:40:00,662 DEBUG internal.PlatformDependent0 [main] io.netty.util.internal.PlatformDependent0.<clinit>(PlatformDependent0.java:317) direct buffer constructor: unavailable
java.lang.UnsupportedOperationException: Reflective setAccessible(true) disabled
	at io.netty.util.internal.ReflectionUtil.trySetAccessible(ReflectionUtil.java:31) ~[netty-common-4.1.90.Final.jar:4.1.90.Final]
	at io.netty.util.internal.PlatformDependent0$5.run(PlatformDependent0.java:288) ~[netty-common-4.1.90.Final.jar:4.1.90.Final]
	at java.security.AccessController.doPrivileged(AccessController.java:318) ~[?:?]
	at io.netty.util.internal.PlatformDependent0.<clinit>(PlatformDependent0.java:282) ~[netty-common-4.1.90.Final.jar:4.1.90.Final]
	at io.netty.util.internal.PlatformDependent.isAndroid(PlatformDependent.java:333) ~[netty-common-4.1.90.Final.jar:4.1.90.Final]
	at io.netty.util.internal.PlatformDependent.<clinit>(PlatformDependent.java:88) ~[netty-common-4.1.90.Final.jar:4.1.90.Final]
	at io.netty.util.HashedWheelTimer.<init>(HashedWheelTimer.java:114) ~[netty-common-4.1.90.Final.jar:4.1.90.Final]
	at io.netty.util.HashedWheelTimer.<init>(HashedWheelTimer.java:251) ~[netty-common-4.1.90.Final.jar:4.1.90.Final]
	at io.netty.util.HashedWheelTimer.<init>(HashedWheelTimer.java:224) ~[netty-common-4.1.90.Final.jar:4.1.90.Final]
	at io.netty.util.HashedWheelTimer.<init>(HashedWheelTimer.java:203) ~[netty-common-4.1.90.Final.jar:4.1.90.Final]
	at org.asynchttpclient.DefaultAsyncHttpClient.newNettyTimer(DefaultAsyncHttpClient.java:111) ~[async-http-client-2.12.3.jar:?]
	at org.asynchttpclient.DefaultAsyncHttpClient.<init>(DefaultAsyncHttpClient.java:90) ~[async-http-client-2.12.3.jar:?]
	at org.asynchttpclient.Dsl.asyncHttpClient(Dsl.java:32) ~[async-http-client-2.12.3.jar:?]
	at org.openqa.selenium.remote.http.netty.NettyClient.createHttpClient(NettyClient.java:94) ~[selenium-remote-driver-4.8.3.jar:?]
	at org.openqa.selenium.remote.http.netty.NettyClient.<clinit>(NettyClient.java:47) ~[selenium-remote-driver-4.8.3.jar:?]
	at org.openqa.selenium.remote.http.netty.NettyClient$Factory.createClient(NettyClient.java:135) ~[selenium-remote-driver-4.8.3.jar:?]
	at org.openqa.selenium.remote.HttpCommandExecutor.<init>(HttpCommandExecutor.java:116) ~[selenium-remote-driver-4.8.3.jar:?]
	at org.openqa.selenium.remote.HttpCommandExecutor.<init>(HttpCommandExecutor.java:94) ~[selenium-remote-driver-4.8.3.jar:?]
	at org.openqa.selenium.remote.service.DriverCommandExecutor.<init>(DriverCommandExecutor.java:88) ~[selenium-remote-driver-4.8.3.jar:?]
	at org.openqa.selenium.chromium.ChromiumDriverCommandExecutor.<init>(ChromiumDriverCommandExecutor.java:40) ~[selenium-chromium-driver-4.8.3.jar:?]
	at org.openqa.selenium.chrome.ChromeDriver$ChromeDriverCommandExecutor.<init>(ChromeDriver.java:111) ~[selenium-chrome-driver-4.8.3.jar:?]
	at org.openqa.selenium.chrome.ChromeDriver.generateExecutor(ChromeDriver.java:101) ~[selenium-chrome-driver-4.8.3.jar:?]
	at org.openqa.selenium.chrome.ChromeDriver.<init>(ChromeDriver.java:88) ~[selenium-chrome-driver-4.8.3.jar:?]
	at org.openqa.selenium.chrome.ChromeDriver.<init>(ChromeDriver.java:84) ~[selenium-chrome-driver-4.8.3.jar:?]
	at org.openqa.selenium.chrome.ChromeDriver.<init>(ChromeDriver.java:52) ~[selenium-chrome-driver-4.8.3.jar:?]
	at driver.DriverSingleton.getDriver(DriverSingleton.java:21) ~[test-classes/:?]
	at test.CommonConditions.browseSetUp(CommonConditions.java:16) ~[test-classes/:?]
	at jdk.internal.reflect.NativeMethodAccessorImpl.invoke0(Native Method) ~[?:?]
	at jdk.internal.reflect.NativeMethodAccessorImpl.invoke(NativeMethodAccessorImpl.java:77) ~[?:?]
	at jdk.internal.reflect.DelegatingMethodAccessorImpl.invoke(DelegatingMethodAccessorImpl.java:43) ~[?:?]
	at java.lang.reflect.Method.invoke(Method.java:568) ~[?:?]
	at org.testng.internal.invokers.MethodInvocationHelper.invokeMethod(MethodInvocationHelper.java:139) ~[testng-7.6.1.jar:7.6.1]
	at org.testng.internal.invokers.MethodInvocationHelper.invokeMethodConsideringTimeout(MethodInvocationHelper.java:69) ~[testng-7.6.1.jar:7.6.1]
	at org.testng.internal.invokers.ConfigInvoker.invokeConfigurationMethod(ConfigInvoker.java:361) ~[testng-7.6.1.jar:7.6.1]
	at org.testng.internal.invokers.ConfigInvoker.invokeConfigurations(ConfigInvoker.java:296) ~[testng-7.6.1.jar:7.6.1]
	at org.testng.internal.invokers.TestInvoker.runConfigMethods(TestInvoker.java:816) ~[testng-7.6.1.jar:7.6.1]
	at org.testng.internal.invokers.TestInvoker.invokeMethod(TestInvoker.java:590) ~[testng-7.6.1.jar:7.6.1]
	at org.testng.internal.invokers.TestInvoker.invokeTestMethod(TestInvoker.java:221) ~[testng-7.6.1.jar:7.6.1]
	at org.testng.internal.invokers.MethodRunner.runInSequence(MethodRunner.java:50) ~[testng-7.6.1.jar:7.6.1]
	at org.testng.internal.invokers.TestInvoker$MethodInvocationAgent.invoke(TestInvoker.java:962) ~[testng-7.6.1.jar:7.6.1]
	at org.testng.internal.invokers.TestInvoker.invokeTestMethods(TestInvoker.java:194) ~[testng-7.6.1.jar:7.6.1]
	at org.testng.internal.invokers.TestMethodWorker.invokeTestMethods(TestMethodWorker.java:148) ~[testng-7.6.1.jar:7.6.1]
	at org.testng.internal.invokers.TestMethodWorker.run(TestMethodWorker.java:128) ~[testng-7.6.1.jar:7.6.1]
	at java.util.ArrayList.forEach(ArrayList.java:1511) ~[?:?]
	at org.testng.TestRunner.privateRun(TestRunner.java:806) ~[testng-7.6.1.jar:7.6.1]
	at org.testng.TestRunner.run(TestRunner.java:601) ~[testng-7.6.1.jar:7.6.1]
	at org.testng.SuiteRunner.runTest(SuiteRunner.java:433) ~[testng-7.6.1.jar:7.6.1]
	at org.testng.SuiteRunner.runSequentially(SuiteRunner.java:427) ~[testng-7.6.1.jar:7.6.1]
	at org.testng.SuiteRunner.privateRun(SuiteRunner.java:387) ~[testng-7.6.1.jar:7.6.1]
	at org.testng.SuiteRunner.run(SuiteRunner.java:330) ~[testng-7.6.1.jar:7.6.1]
	at org.testng.SuiteRunnerWorker.runSuite(SuiteRunnerWorker.java:52) ~[testng-7.6.1.jar:7.6.1]
	at org.testng.SuiteRunnerWorker.run(SuiteRunnerWorker.java:95) ~[testng-7.6.1.jar:7.6.1]
	at org.testng.TestNG.runSuitesSequentially(TestNG.java:1256) ~[testng-7.6.1.jar:7.6.1]
	at org.testng.TestNG.runSuitesLocally(TestNG.java:1176) ~[testng-7.6.1.jar:7.6.1]
	at org.testng.TestNG.runSuites(TestNG.java:1099) ~[testng-7.6.1.jar:7.6.1]
	at org.testng.TestNG.run(TestNG.java:1067) ~[testng-7.6.1.jar:7.6.1]
	at org.apache.maven.surefire.testng.TestNGExecutor.run(TestNGExecutor.java:324) ~[surefire-testng-3.0.0-M8.jar:3.0.0-M8]
	at org.apache.maven.surefire.testng.TestNGXmlTestSuite.execute(TestNGXmlTestSuite.java:74) ~[surefire-testng-3.0.0-M8.jar:3.0.0-M8]
	at org.apache.maven.surefire.testng.TestNGProvider.invoke(TestNGProvider.java:123) ~[surefire-testng-3.0.0-M8.jar:3.0.0-M8]
	at org.apache.maven.surefire.booter.ForkedBooter.runSuitesInProcess(ForkedBooter.java:456) ~[surefire-booter-3.0.0-M8.jar:3.0.0-M8]
	at org.apache.maven.surefire.booter.ForkedBooter.execute(ForkedBooter.java:169) ~[surefire-booter-3.0.0-M8.jar:3.0.0-M8]
	at org.apache.maven.surefire.booter.ForkedBooter.run(ForkedBooter.java:595) ~[surefire-booter-3.0.0-M8.jar:3.0.0-M8]
	at org.apache.maven.surefire.booter.ForkedBooter.main(ForkedBooter.java:581) ~[surefire-booter-3.0.0-M8.jar:3.0.0-M8]
2023-04-05 02:40:00,662 DEBUG internal.PlatformDependent0 [main] io.netty.util.internal.PlatformDependent0.<clinit>(PlatformDependent0.java:385) java.nio.Bits.unaligned: available, true
2023-04-05 02:40:00,662 DEBUG internal.PlatformDependent0 [main] io.netty.util.internal.PlatformDependent0.<clinit>(PlatformDependent0.java:449) jdk.internal.misc.Unsafe.allocateUninitializedArray(int): unavailable
java.lang.IllegalAccessException: class io.netty.util.internal.PlatformDependent0$7 cannot access class jdk.internal.misc.Unsafe (in module java.base) because module java.base does not export jdk.internal.misc to unnamed module @d4342c2
	at jdk.internal.reflect.Reflection.newIllegalAccessException(Reflection.java:392) ~[?:?]
	at java.lang.reflect.AccessibleObject.checkAccess(AccessibleObject.java:674) ~[?:?]
	at java.lang.reflect.Method.invoke(Method.java:560) ~[?:?]
	at io.netty.util.internal.PlatformDependent0$7.run(PlatformDependent0.java:410) ~[netty-common-4.1.90.Final.jar:4.1.90.Final]
	at java.security.AccessController.doPrivileged(AccessController.java:318) ~[?:?]
	at io.netty.util.internal.PlatformDependent0.<clinit>(PlatformDependent0.java:401) ~[netty-common-4.1.90.Final.jar:4.1.90.Final]
	at io.netty.util.internal.PlatformDependent.isAndroid(PlatformDependent.java:333) ~[netty-common-4.1.90.Final.jar:4.1.90.Final]
	at io.netty.util.internal.PlatformDependent.<clinit>(PlatformDependent.java:88) ~[netty-common-4.1.90.Final.jar:4.1.90.Final]
	at io.netty.util.HashedWheelTimer.<init>(HashedWheelTimer.java:114) ~[netty-common-4.1.90.Final.jar:4.1.90.Final]
	at io.netty.util.HashedWheelTimer.<init>(HashedWheelTimer.java:251) ~[netty-common-4.1.90.Final.jar:4.1.90.Final]
	at io.netty.util.HashedWheelTimer.<init>(HashedWheelTimer.java:224) ~[netty-common-4.1.90.Final.jar:4.1.90.Final]
	at io.netty.util.HashedWheelTimer.<init>(HashedWheelTimer.java:203) ~[netty-common-4.1.90.Final.jar:4.1.90.Final]
	at org.asynchttpclient.DefaultAsyncHttpClient.newNettyTimer(DefaultAsyncHttpClient.java:111) ~[async-http-client-2.12.3.jar:?]
	at org.asynchttpclient.DefaultAsyncHttpClient.<init>(DefaultAsyncHttpClient.java:90) ~[async-http-client-2.12.3.jar:?]
	at org.asynchttpclient.Dsl.asyncHttpClient(Dsl.java:32) ~[async-http-client-2.12.3.jar:?]
	at org.openqa.selenium.remote.http.netty.NettyClient.createHttpClient(NettyClient.java:94) ~[selenium-remote-driver-4.8.3.jar:?]
	at org.openqa.selenium.remote.http.netty.NettyClient.<clinit>(NettyClient.java:47) ~[selenium-remote-driver-4.8.3.jar:?]
	at org.openqa.selenium.remote.http.netty.NettyClient$Factory.createClient(NettyClient.java:135) ~[selenium-remote-driver-4.8.3.jar:?]
	at org.openqa.selenium.remote.HttpCommandExecutor.<init>(HttpCommandExecutor.java:116) ~[selenium-remote-driver-4.8.3.jar:?]
	at org.openqa.selenium.remote.HttpCommandExecutor.<init>(HttpCommandExecutor.java:94) ~[selenium-remote-driver-4.8.3.jar:?]
	at org.openqa.selenium.remote.service.DriverCommandExecutor.<init>(DriverCommandExecutor.java:88) ~[selenium-remote-driver-4.8.3.jar:?]
	at org.openqa.selenium.chromium.ChromiumDriverCommandExecutor.<init>(ChromiumDriverCommandExecutor.java:40) ~[selenium-chromium-driver-4.8.3.jar:?]
	at org.openqa.selenium.chrome.ChromeDriver$ChromeDriverCommandExecutor.<init>(ChromeDriver.java:111) ~[selenium-chrome-driver-4.8.3.jar:?]
	at org.openqa.selenium.chrome.ChromeDriver.generateExecutor(ChromeDriver.java:101) ~[selenium-chrome-driver-4.8.3.jar:?]
	at org.openqa.selenium.chrome.ChromeDriver.<init>(ChromeDriver.java:88) ~[selenium-chrome-driver-4.8.3.jar:?]
	at org.openqa.selenium.chrome.ChromeDriver.<init>(ChromeDriver.java:84) ~[selenium-chrome-driver-4.8.3.jar:?]
	at org.openqa.selenium.chrome.ChromeDriver.<init>(ChromeDriver.java:52) ~[selenium-chrome-driver-4.8.3.jar:?]
	at driver.DriverSingleton.getDriver(DriverSingleton.java:21) ~[test-classes/:?]
	at test.CommonConditions.browseSetUp(CommonConditions.java:16) ~[test-classes/:?]
	at jdk.internal.reflect.NativeMethodAccessorImpl.invoke0(Native Method) ~[?:?]
	at jdk.internal.reflect.NativeMethodAccessorImpl.invoke(NativeMethodAccessorImpl.java:77) ~[?:?]
	at jdk.internal.reflect.DelegatingMethodAccessorImpl.invoke(DelegatingMethodAccessorImpl.java:43) ~[?:?]
	at java.lang.reflect.Method.invoke(Method.java:568) ~[?:?]
	at org.testng.internal.invokers.MethodInvocationHelper.invokeMethod(MethodInvocationHelper.java:139) ~[testng-7.6.1.jar:7.6.1]
	at org.testng.internal.invokers.MethodInvocationHelper.invokeMethodConsideringTimeout(MethodInvocationHelper.java:69) ~[testng-7.6.1.jar:7.6.1]
	at org.testng.internal.invokers.ConfigInvoker.invokeConfigurationMethod(ConfigInvoker.java:361) ~[testng-7.6.1.jar:7.6.1]
	at org.testng.internal.invokers.ConfigInvoker.invokeConfigurations(ConfigInvoker.java:296) ~[testng-7.6.1.jar:7.6.1]
	at org.testng.internal.invokers.TestInvoker.runConfigMethods(TestInvoker.java:816) ~[testng-7.6.1.jar:7.6.1]
	at org.testng.internal.invokers.TestInvoker.invokeMethod(TestInvoker.java:590) ~[testng-7.6.1.jar:7.6.1]
	at org.testng.internal.invokers.TestInvoker.invokeTestMethod(TestInvoker.java:221) ~[testng-7.6.1.jar:7.6.1]
	at org.testng.internal.invokers.MethodRunner.runInSequence(MethodRunner.java:50) ~[testng-7.6.1.jar:7.6.1]
	at org.testng.internal.invokers.TestInvoker$MethodInvocationAgent.invoke(TestInvoker.java:962) ~[testng-7.6.1.jar:7.6.1]
	at org.testng.internal.invokers.TestInvoker.invokeTestMethods(TestInvoker.java:194) ~[testng-7.6.1.jar:7.6.1]
	at org.testng.internal.invokers.TestMethodWorker.invokeTestMethods(TestMethodWorker.java:148) ~[testng-7.6.1.jar:7.6.1]
	at org.testng.internal.invokers.TestMethodWorker.run(TestMethodWorker.java:128) ~[testng-7.6.1.jar:7.6.1]
	at java.util.ArrayList.forEach(ArrayList.java:1511) ~[?:?]
	at org.testng.TestRunner.privateRun(TestRunner.java:806) ~[testng-7.6.1.jar:7.6.1]
	at org.testng.TestRunner.run(TestRunner.java:601) ~[testng-7.6.1.jar:7.6.1]
	at org.testng.SuiteRunner.runTest(SuiteRunner.java:433) ~[testng-7.6.1.jar:7.6.1]
	at org.testng.SuiteRunner.runSequentially(SuiteRunner.java:427) ~[testng-7.6.1.jar:7.6.1]
	at org.testng.SuiteRunner.privateRun(SuiteRunner.java:387) ~[testng-7.6.1.jar:7.6.1]
	at org.testng.SuiteRunner.run(SuiteRunner.java:330) ~[testng-7.6.1.jar:7.6.1]
	at org.testng.SuiteRunnerWorker.runSuite(SuiteRunnerWorker.java:52) ~[testng-7.6.1.jar:7.6.1]
	at org.testng.SuiteRunnerWorker.run(SuiteRunnerWorker.java:95) ~[testng-7.6.1.jar:7.6.1]
	at org.testng.TestNG.runSuitesSequentially(TestNG.java:1256) ~[testng-7.6.1.jar:7.6.1]
	at org.testng.TestNG.runSuitesLocally(TestNG.java:1176) ~[testng-7.6.1.jar:7.6.1]
	at org.testng.TestNG.runSuites(TestNG.java:1099) ~[testng-7.6.1.jar:7.6.1]
	at org.testng.TestNG.run(TestNG.java:1067) ~[testng-7.6.1.jar:7.6.1]
	at org.apache.maven.surefire.testng.TestNGExecutor.run(TestNGExecutor.java:324) ~[surefire-testng-3.0.0-M8.jar:3.0.0-M8]
	at org.apache.maven.surefire.testng.TestNGXmlTestSuite.execute(TestNGXmlTestSuite.java:74) ~[surefire-testng-3.0.0-M8.jar:3.0.0-M8]
	at org.apache.maven.surefire.testng.TestNGProvider.invoke(TestNGProvider.java:123) ~[surefire-testng-3.0.0-M8.jar:3.0.0-M8]
	at org.apache.maven.surefire.booter.ForkedBooter.runSuitesInProcess(ForkedBooter.java:456) ~[surefire-booter-3.0.0-M8.jar:3.0.0-M8]
	at org.apache.maven.surefire.booter.ForkedBooter.execute(ForkedBooter.java:169) ~[surefire-booter-3.0.0-M8.jar:3.0.0-M8]
	at org.apache.maven.surefire.booter.ForkedBooter.run(ForkedBooter.java:595) ~[surefire-booter-3.0.0-M8.jar:3.0.0-M8]
	at org.apache.maven.surefire.booter.ForkedBooter.main(ForkedBooter.java:581) ~[surefire-booter-3.0.0-M8.jar:3.0.0-M8]
2023-04-05 02:40:00,662 DEBUG internal.PlatformDependent0 [main] io.netty.util.internal.PlatformDependent0.<clinit>(PlatformDependent0.java:482) java.nio.DirectByteBuffer.<init>(long, int): unavailable
2023-04-05 02:40:00,662 DEBUG internal.PlatformDependent [main] io.netty.util.internal.PlatformDependent.unsafeUnavailabilityCause0(PlatformDependent.java:1159) sun.misc.Unsafe: available
2023-04-05 02:40:00,662 DEBUG internal.PlatformDependent [main] io.netty.util.internal.PlatformDependent.estimateMaxDirectMemory(PlatformDependent.java:1270) maxDirectMemory: 4227858432 bytes (maybe)
2023-04-05 02:40:00,662 DEBUG internal.PlatformDependent [main] io.netty.util.internal.PlatformDependent.tmpdir0(PlatformDependent.java:1289) -Dio.netty.tmpdir: C:\Users\ASUS\AppData\Local\Temp (java.io.tmpdir)
2023-04-05 02:40:00,662 DEBUG internal.PlatformDependent [main] io.netty.util.internal.PlatformDependent.bitMode0(PlatformDependent.java:1368) -Dio.netty.bitMode: 64 (sun.arch.data.model)
2023-04-05 02:40:00,662 DEBUG internal.PlatformDependent [main] io.netty.util.internal.PlatformDependent.isWindows0(PlatformDependent.java:1119) Platform: Windows
2023-04-05 02:40:00,677 DEBUG internal.PlatformDependent [main] io.netty.util.internal.PlatformDependent.<clinit>(PlatformDependent.java:178) -Dio.netty.maxDirectMemory: -1 bytes
2023-04-05 02:40:00,677 DEBUG internal.PlatformDependent [main] io.netty.util.internal.PlatformDependent.<clinit>(PlatformDependent.java:185) -Dio.netty.uninitializedArrayAllocationThreshold: -1
2023-04-05 02:40:00,677 DEBUG internal.CleanerJava9 [main] io.netty.util.internal.CleanerJava9.<clinit>(CleanerJava9.java:71) java.nio.ByteBuffer.cleaner(): available
2023-04-05 02:40:00,677 DEBUG internal.PlatformDependent [main] io.netty.util.internal.PlatformDependent.<clinit>(PlatformDependent.java:205) -Dio.netty.noPreferDirect: false
2023-04-05 02:40:00,677 DEBUG internal.PlatformDependent [main] io.netty.util.internal.PlatformDependent$Mpsc.<clinit>(PlatformDependent.java:1010) org.jctools-core.MpscChunkedArrayQueue: available
2023-04-05 02:40:00,693 DEBUG internal.InternalThreadLocalMap [main] io.netty.util.internal.InternalThreadLocalMap.<clinit>(InternalThreadLocalMap.java:100) -Dio.netty.threadLocalMap.stringBuilder.initialSize: 1024
2023-04-05 02:40:00,693 DEBUG internal.InternalThreadLocalMap [main] io.netty.util.internal.InternalThreadLocalMap.<clinit>(InternalThreadLocalMap.java:101) -Dio.netty.threadLocalMap.stringBuilder.maxSize: 4096
2023-04-05 02:40:00,725 DEBUG ssl.JdkSslContext [main] io.netty.handler.ssl.JdkSslContext.<clinit>(JdkSslContext.java:83) Default protocols (JDK): [TLSv1.3, TLSv1.2] 
2023-04-05 02:40:00,725 DEBUG ssl.JdkSslContext [main] io.netty.handler.ssl.JdkSslContext.<clinit>(JdkSslContext.java:84) Default cipher suites (JDK): [TLS_ECDHE_ECDSA_WITH_AES_256_GCM_SHA384, TLS_ECDHE_ECDSA_WITH_AES_128_GCM_SHA256, TLS_ECDHE_RSA_WITH_AES_128_GCM_SHA256, TLS_ECDHE_RSA_WITH_AES_256_GCM_SHA384, TLS_ECDHE_RSA_WITH_AES_128_CBC_SHA, TLS_ECDHE_RSA_WITH_AES_256_CBC_SHA, TLS_RSA_WITH_AES_128_GCM_SHA256, TLS_RSA_WITH_AES_128_CBC_SHA, TLS_RSA_WITH_AES_256_CBC_SHA, TLS_AES_128_GCM_SHA256, TLS_AES_256_GCM_SHA384]
2023-04-05 02:40:00,725 DEBUG concurrent.GlobalEventExecutor [main] io.netty.util.concurrent.GlobalEventExecutor.<clinit>(GlobalEventExecutor.java:53) -Dio.netty.globalEventExecutor.quietPeriodSeconds: 1
2023-04-05 02:40:00,740 DEBUG channel.MultithreadEventLoopGroup [main] io.netty.channel.MultithreadEventLoopGroup.<clinit>(MultithreadEventLoopGroup.java:44) -Dio.netty.eventLoopThreads: 24
2023-04-05 02:40:00,740 DEBUG nio.NioEventLoop [main] io.netty.channel.nio.NioEventLoop.<clinit>(NioEventLoop.java:110) -Dio.netty.noKeySetOptimization: false
2023-04-05 02:40:00,740 DEBUG nio.NioEventLoop [main] io.netty.channel.nio.NioEventLoop.<clinit>(NioEventLoop.java:111) -Dio.netty.selectorAutoRebuildThreshold: 512
2023-04-05 02:40:00,740 TRACE nio.NioEventLoop [main] io.netty.channel.nio.NioEventLoop.openSelector(NioEventLoop.java:264) instrumented a special java.util.Set into: sun.nio.ch.WEPollSelectorImpl@5cdf39b2
2023-04-05 02:40:00,740 TRACE nio.NioEventLoop [main] io.netty.channel.nio.NioEventLoop.openSelector(NioEventLoop.java:264) instrumented a special java.util.Set into: sun.nio.ch.WEPollSelectorImpl@1cc9cfb2
2023-04-05 02:40:00,756 TRACE nio.NioEventLoop [main] io.netty.channel.nio.NioEventLoop.openSelector(NioEventLoop.java:264) instrumented a special java.util.Set into: sun.nio.ch.WEPollSelectorImpl@cfbc8e8
2023-04-05 02:40:00,756 TRACE nio.NioEventLoop [main] io.netty.channel.nio.NioEventLoop.openSelector(NioEventLoop.java:264) instrumented a special java.util.Set into: sun.nio.ch.WEPollSelectorImpl@3bead518
2023-04-05 02:40:00,756 TRACE nio.NioEventLoop [main] io.netty.channel.nio.NioEventLoop.openSelector(NioEventLoop.java:264) instrumented a special java.util.Set into: sun.nio.ch.WEPollSelectorImpl@14bf57b2
2023-04-05 02:40:00,756 TRACE nio.NioEventLoop [main] io.netty.channel.nio.NioEventLoop.openSelector(NioEventLoop.java:264) instrumented a special java.util.Set into: sun.nio.ch.WEPollSelectorImpl@46d9aec8
2023-04-05 02:40:00,756 TRACE nio.NioEventLoop [main] io.netty.channel.nio.NioEventLoop.openSelector(NioEventLoop.java:264) instrumented a special java.util.Set into: sun.nio.ch.WEPollSelectorImpl@14379273
2023-04-05 02:40:00,756 TRACE nio.NioEventLoop [main] io.netty.channel.nio.NioEventLoop.openSelector(NioEventLoop.java:264) instrumented a special java.util.Set into: sun.nio.ch.WEPollSelectorImpl@7918c7f8
2023-04-05 02:40:00,756 TRACE nio.NioEventLoop [main] io.netty.channel.nio.NioEventLoop.openSelector(NioEventLoop.java:264) instrumented a special java.util.Set into: sun.nio.ch.WEPollSelectorImpl@17740dae
2023-04-05 02:40:00,756 TRACE nio.NioEventLoop [main] io.netty.channel.nio.NioEventLoop.openSelector(NioEventLoop.java:264) instrumented a special java.util.Set into: sun.nio.ch.WEPollSelectorImpl@1c504e66
2023-04-05 02:40:00,756 TRACE nio.NioEventLoop [main] io.netty.channel.nio.NioEventLoop.openSelector(NioEventLoop.java:264) instrumented a special java.util.Set into: sun.nio.ch.WEPollSelectorImpl@345cf395
2023-04-05 02:40:00,756 TRACE nio.NioEventLoop [main] io.netty.channel.nio.NioEventLoop.openSelector(NioEventLoop.java:264) instrumented a special java.util.Set into: sun.nio.ch.WEPollSelectorImpl@bc4d5e1
2023-04-05 02:40:00,756 TRACE nio.NioEventLoop [main] io.netty.channel.nio.NioEventLoop.openSelector(NioEventLoop.java:264) instrumented a special java.util.Set into: sun.nio.ch.WEPollSelectorImpl@3c6aa04a
2023-04-05 02:40:00,756 TRACE nio.NioEventLoop [main] io.netty.channel.nio.NioEventLoop.openSelector(NioEventLoop.java:264) instrumented a special java.util.Set into: sun.nio.ch.WEPollSelectorImpl@2257fadf
2023-04-05 02:40:00,756 TRACE nio.NioEventLoop [main] io.netty.channel.nio.NioEventLoop.openSelector(NioEventLoop.java:264) instrumented a special java.util.Set into: sun.nio.ch.WEPollSelectorImpl@7144655b
2023-04-05 02:40:00,756 TRACE nio.NioEventLoop [main] io.netty.channel.nio.NioEventLoop.openSelector(NioEventLoop.java:264) instrumented a special java.util.Set into: sun.nio.ch.WEPollSelectorImpl@5c82cd4f
2023-04-05 02:40:00,756 TRACE nio.NioEventLoop [main] io.netty.channel.nio.NioEventLoop.openSelector(NioEventLoop.java:264) instrumented a special java.util.Set into: sun.nio.ch.WEPollSelectorImpl@35835e65
2023-04-05 02:40:00,756 TRACE nio.NioEventLoop [main] io.netty.channel.nio.NioEventLoop.openSelector(NioEventLoop.java:264) instrumented a special java.util.Set into: sun.nio.ch.WEPollSelectorImpl@289fdb08
2023-04-05 02:40:00,756 TRACE nio.NioEventLoop [main] io.netty.channel.nio.NioEventLoop.openSelector(NioEventLoop.java:264) instrumented a special java.util.Set into: sun.nio.ch.WEPollSelectorImpl@7a231dfd
2023-04-05 02:40:00,756 TRACE nio.NioEventLoop [main] io.netty.channel.nio.NioEventLoop.openSelector(NioEventLoop.java:264) instrumented a special java.util.Set into: sun.nio.ch.WEPollSelectorImpl@30814f43
2023-04-05 02:40:00,771 TRACE nio.NioEventLoop [main] io.netty.channel.nio.NioEventLoop.openSelector(NioEventLoop.java:264) instrumented a special java.util.Set into: sun.nio.ch.WEPollSelectorImpl@1fde4f40
2023-04-05 02:40:00,771 TRACE nio.NioEventLoop [main] io.netty.channel.nio.NioEventLoop.openSelector(NioEventLoop.java:264) instrumented a special java.util.Set into: sun.nio.ch.WEPollSelectorImpl@49cf9028
2023-04-05 02:40:00,771 TRACE nio.NioEventLoop [main] io.netty.channel.nio.NioEventLoop.openSelector(NioEventLoop.java:264) instrumented a special java.util.Set into: sun.nio.ch.WEPollSelectorImpl@2b61a019
2023-04-05 02:40:00,771 TRACE nio.NioEventLoop [main] io.netty.channel.nio.NioEventLoop.openSelector(NioEventLoop.java:264) instrumented a special java.util.Set into: sun.nio.ch.WEPollSelectorImpl@11a00961
2023-04-05 02:40:00,771 DEBUG buffer.PooledByteBufAllocator [main] io.netty.buffer.PooledByteBufAllocator.<clinit>(PooledByteBufAllocator.java:157) -Dio.netty.allocator.numHeapArenas: 24
2023-04-05 02:40:00,771 DEBUG buffer.PooledByteBufAllocator [main] io.netty.buffer.PooledByteBufAllocator.<clinit>(PooledByteBufAllocator.java:158) -Dio.netty.allocator.numDirectArenas: 24
2023-04-05 02:40:00,771 DEBUG buffer.PooledByteBufAllocator [main] io.netty.buffer.PooledByteBufAllocator.<clinit>(PooledByteBufAllocator.java:160) -Dio.netty.allocator.pageSize: 8192
2023-04-05 02:40:00,771 DEBUG buffer.PooledByteBufAllocator [main] io.netty.buffer.PooledByteBufAllocator.<clinit>(PooledByteBufAllocator.java:165) -Dio.netty.allocator.maxOrder: 9
2023-04-05 02:40:00,771 DEBUG buffer.PooledByteBufAllocator [main] io.netty.buffer.PooledByteBufAllocator.<clinit>(PooledByteBufAllocator.java:169) -Dio.netty.allocator.chunkSize: 4194304
2023-04-05 02:40:00,771 DEBUG buffer.PooledByteBufAllocator [main] io.netty.buffer.PooledByteBufAllocator.<clinit>(PooledByteBufAllocator.java:170) -Dio.netty.allocator.smallCacheSize: 256
2023-04-05 02:40:00,771 DEBUG buffer.PooledByteBufAllocator [main] io.netty.buffer.PooledByteBufAllocator.<clinit>(PooledByteBufAllocator.java:171) -Dio.netty.allocator.normalCacheSize: 64
2023-04-05 02:40:00,787 DEBUG buffer.PooledByteBufAllocator [main] io.netty.buffer.PooledByteBufAllocator.<clinit>(PooledByteBufAllocator.java:172) -Dio.netty.allocator.maxCachedBufferCapacity: 32768
2023-04-05 02:40:00,787 DEBUG buffer.PooledByteBufAllocator [main] io.netty.buffer.PooledByteBufAllocator.<clinit>(PooledByteBufAllocator.java:173) -Dio.netty.allocator.cacheTrimInterval: 8192
2023-04-05 02:40:00,787 DEBUG buffer.PooledByteBufAllocator [main] io.netty.buffer.PooledByteBufAllocator.<clinit>(PooledByteBufAllocator.java:174) -Dio.netty.allocator.cacheTrimIntervalMillis: 0
2023-04-05 02:40:00,787 DEBUG buffer.PooledByteBufAllocator [main] io.netty.buffer.PooledByteBufAllocator.<clinit>(PooledByteBufAllocator.java:175) -Dio.netty.allocator.useCacheForAllThreads: false
2023-04-05 02:40:00,787 DEBUG buffer.PooledByteBufAllocator [main] io.netty.buffer.PooledByteBufAllocator.<clinit>(PooledByteBufAllocator.java:176) -Dio.netty.allocator.maxCachedByteBuffersPerChunk: 1023
2023-04-05 02:40:00,787 DEBUG buffer.ByteBufUtil [main] io.netty.buffer.ByteBufUtil.<clinit>(ByteBufUtil.java:88) -Dio.netty.allocator.type: pooled
2023-04-05 02:40:00,787 DEBUG buffer.ByteBufUtil [main] io.netty.buffer.ByteBufUtil.<clinit>(ByteBufUtil.java:97) -Dio.netty.threadLocalDirectBufferSize: 0
2023-04-05 02:40:00,787 DEBUG buffer.ByteBufUtil [main] io.netty.buffer.ByteBufUtil.<clinit>(ByteBufUtil.java:100) -Dio.netty.maxThreadLocalCharBufferSize: 16384
2023-04-05 02:40:00,980 DEBUG channel.DefaultChannelId [Forwarding newSession on session null to remote] io.netty.channel.DefaultChannelId.<clinit>(DefaultChannelId.java:79) -Dio.netty.processId: 13128 (auto-detected)
2023-04-05 02:40:00,980 DEBUG util.NetUtil [Forwarding newSession on session null to remote] io.netty.util.NetUtil.<clinit>(NetUtil.java:142) -Djava.net.preferIPv4Stack: false
2023-04-05 02:40:00,980 DEBUG util.NetUtil [Forwarding newSession on session null to remote] io.netty.util.NetUtil.<clinit>(NetUtil.java:143) -Djava.net.preferIPv6Addresses: false
2023-04-05 02:40:00,980 DEBUG util.NetUtilInitializations [Forwarding newSession on session null to remote] io.netty.util.NetUtilInitializations.determineLoopback(NetUtilInitializations.java:145) Loopback interface: lo (Software Loopback Interface 1, 127.0.0.1)
2023-04-05 02:40:00,996 DEBUG util.NetUtil [Forwarding newSession on session null to remote] io.netty.util.NetUtil$SoMaxConnAction.run(NetUtil.java:200) Failed to get SOMAXCONN from sysctl and file \proc\sys\net\core\somaxconn. Default: 200
2023-04-05 02:40:00,996 DEBUG channel.DefaultChannelId [Forwarding newSession on session null to remote] io.netty.channel.DefaultChannelId.<clinit>(DefaultChannelId.java:101) -Dio.netty.machineId: b4:8c:9d:ff:fe:c9:70:f1 (auto-detected)
2023-04-05 02:40:01,028 DEBUG buffer.AbstractByteBuf [AsyncHttpClient-1-2] io.netty.buffer.AbstractByteBuf.<clinit>(AbstractByteBuf.java:63) -Dio.netty.buffer.checkAccessible: true
2023-04-05 02:40:01,028 DEBUG buffer.AbstractByteBuf [AsyncHttpClient-1-2] io.netty.buffer.AbstractByteBuf.<clinit>(AbstractByteBuf.java:64) -Dio.netty.buffer.checkBounds: true
2023-04-05 02:40:01,028 DEBUG util.ResourceLeakDetectorFactory [AsyncHttpClient-1-2] io.netty.util.ResourceLeakDetectorFactory$DefaultResourceLeakDetectorFactory.newResourceLeakDetector(ResourceLeakDetectorFactory.java:196) Loaded default ResourceLeakDetector: io.netty.util.ResourceLeakDetector@3b1cb288
2023-04-05 02:40:01,043 DEBUG util.Recycler [AsyncHttpClient-1-2] io.netty.util.Recycler.<clinit>(Recycler.java:96) -Dio.netty.recycler.maxCapacityPerThread: 4096
2023-04-05 02:40:01,043 DEBUG util.Recycler [AsyncHttpClient-1-2] io.netty.util.Recycler.<clinit>(Recycler.java:97) -Dio.netty.recycler.ratio: 8
2023-04-05 02:40:01,043 DEBUG util.Recycler [AsyncHttpClient-1-2] io.netty.util.Recycler.<clinit>(Recycler.java:98) -Dio.netty.recycler.chunkSize: 32
2023-04-05 02:40:01,059 DEBUG util.Recycler [AsyncHttpClient-1-2] io.netty.util.Recycler.<clinit>(Recycler.java:99) -Dio.netty.recycler.blocking: false
2023-04-05 02:40:01,059 DEBUG util.Recycler [AsyncHttpClient-1-2] io.netty.util.Recycler.<clinit>(Recycler.java:100) -Dio.netty.recycler.batchFastThreadLocalOnly: true
2023-04-05 02:40:01,522 DEBUG compression.Brotli [AsyncHttpClient-1-2] io.netty.handler.codec.compression.Brotli.<clinit>(Brotli.java:38) brotli4j not in the classpath; Brotli support will be unavailable.
2023-04-05 02:40:01,590 DEBUG internal.ThreadLocalRandom [main] io.netty.util.internal.ThreadLocalRandom.newSeed(ThreadLocalRandom.java:214) -Dio.netty.initialSeedUniquifier: 0xfa4a2f8232688fce
2023-04-05 02:40:02,598 INFO  [main] page.VirtKeyHomePage.openPage(VirtKeyHomePage.java:29) Was opened 'Virtual Keyboard' page with URL: [https://virtual-keyboard-app.vercel.app/]
]]></system-out>
    <system-err><![CDATA[SLF4J: Failed to load class "org.slf4j.impl.StaticLoggerBinder".
SLF4J: Defaulting to no-operation (NOP) logger implementation
SLF4J: See http://www.slf4j.org/codes.html#StaticLoggerBinder for further details.
Starting ChromeDriver 111.0.5563.64 (c710e93d5b63b7095afe8c2c17df34408078439d-refs/branch-heads/5563@{#995}) on port 28115
Only local connections are allowed.
Please see https://chromedriver.chromium.org/security-considerations for suggestions on keeping ChromeDriver safe.
ChromeDriver was started successfully.
]]></system-err>
  </testcase>
  <testcase name="t02_showKeyboard" classname="test.VirtKeyTests" time="1.686">
    <system-out><![CDATA[2023-04-05 02:40:02,598 TRACE websocketx.WebSocket08FrameEncoder [AsyncHttpClient-1-4] io.netty.handler.codec.http.websocketx.WebSocket08FrameEncoder.encode(WebSocket08FrameEncoder.java:129) Encoding WebSocket Frame opCode=8 length=26
2023-04-05 02:40:04,964 INFO  [main] page.VirtKeyHomePage.openPage(VirtKeyHomePage.java:29) Was opened 'Virtual Keyboard' page with URL: [https://virtual-keyboard-app.vercel.app/]
2023-04-05 02:40:05,025 INFO  [main] page.VirtKeyHomePage.showKeyboard(VirtKeyHomePage.java:36) Was showed keyboard on the screen
]]></system-out>
    <system-err><![CDATA[апр. 05, 2023 2:40:02 AM org.openqa.selenium.remote.http.WebSocket$Listener onError
WARNING: Connection reset
java.net.SocketException: Connection reset
	at java.base/sun.nio.ch.SocketChannelImpl.throwConnectionReset(SocketChannelImpl.java:394)
	at java.base/sun.nio.ch.SocketChannelImpl.read(SocketChannelImpl.java:426)
	at io.netty.buffer.PooledByteBuf.setBytes(PooledByteBuf.java:256)
	at io.netty.buffer.AbstractByteBuf.writeBytes(AbstractByteBuf.java:1132)
	at io.netty.channel.socket.nio.NioSocketChannel.doReadBytes(NioSocketChannel.java:357)
	at io.netty.channel.nio.AbstractNioByteChannel$NioByteUnsafe.read(AbstractNioByteChannel.java:151)
	at io.netty.channel.nio.NioEventLoop.processSelectedKey(NioEventLoop.java:788)
	at io.netty.channel.nio.NioEventLoop.processSelectedKeysOptimized(NioEventLoop.java:724)
	at io.netty.channel.nio.NioEventLoop.processSelectedKeys(NioEventLoop.java:650)
	at io.netty.channel.nio.NioEventLoop.run(NioEventLoop.java:562)
	at io.netty.util.concurrent.SingleThreadEventExecutor$4.run(SingleThreadEventExecutor.java:997)
	at io.netty.util.internal.ThreadExecutorMap$2.run(ThreadExecutorMap.java:74)
	at io.netty.util.concurrent.FastThreadLocalRunnable.run(FastThreadLocalRunnable.java:30)
	at java.base/java.lang.Thread.run(Thread.java:833)

Starting ChromeDriver 111.0.5563.64 (c710e93d5b63b7095afe8c2c17df34408078439d-refs/branch-heads/5563@{#995}) on port 31937
Only local connections are allowed.
Please see https://chromedriver.chromium.org/security-considerations for suggestions on keeping ChromeDriver safe.
ChromeDriver was started successfully.
]]></system-err>
  </testcase>
  <testcase name="t03_maximizeOutputTextarea" classname="test.VirtKeyTests" time="0.843">
    <system-out><![CDATA[2023-04-05 02:40:05,035 TRACE websocketx.WebSocket08FrameEncoder [AsyncHttpClient-1-7] io.netty.handler.codec.http.websocketx.WebSocket08FrameEncoder.encode(WebSocket08FrameEncoder.java:129) Encoding WebSocket Frame opCode=8 length=26
2023-04-05 02:40:06,534 INFO  [main] page.VirtKeyHomePage.openPage(VirtKeyHomePage.java:29) Was opened 'Virtual Keyboard' page with URL: [https://virtual-keyboard-app.vercel.app/]
2023-04-05 02:40:06,592 INFO  [main] page.VirtKeyHomePage.showKeyboard(VirtKeyHomePage.java:36) Was showed keyboard on the screen
]]></system-out>
    <system-err><![CDATA[Starting ChromeDriver 111.0.5563.64 (c710e93d5b63b7095afe8c2c17df34408078439d-refs/branch-heads/5563@{#995}) on port 39283
Only local connections are allowed.
Please see https://chromedriver.chromium.org/security-considerations for suggestions on keeping ChromeDriver safe.
ChromeDriver was started successfully.
]]></system-err>
  </testcase>
  <testcase name="t04_writeTextWithoutShiftInEnglish" classname="test.VirtKeyTests" time="2.371">
    <system-out><![CDATA[2023-04-05 02:40:06,622 TRACE websocketx.WebSocket08FrameEncoder [AsyncHttpClient-1-10] io.netty.handler.codec.http.websocketx.WebSocket08FrameEncoder.encode(WebSocket08FrameEncoder.java:129) Encoding WebSocket Frame opCode=8 length=26
2023-04-05 02:40:08,337 INFO  [main] page.VirtKeyHomePage.openPage(VirtKeyHomePage.java:29) Was opened 'Virtual Keyboard' page with URL: [https://virtual-keyboard-app.vercel.app/]
2023-04-05 02:40:08,395 INFO  [main] page.VirtKeyHomePage.showKeyboard(VirtKeyHomePage.java:36) Was showed keyboard on the screen
2023-04-05 02:40:08,408 INFO  [main] page.VirtKeyHomePage.createEnglishShiftMap(VirtKeyHomePage.java:145) Was created english Shift Map
2023-04-05 02:40:08,408 INFO  [main] page.VirtKeyHomePage.createRussianShiftMap(VirtKeyHomePage.java:158) Was created russian Shift Map
2023-04-05 02:40:08,408 INFO  [main] page.VirtKeyHomePage.createEnRuMap(VirtKeyHomePage.java:169) Was created EN/RU Map
2023-04-05 02:40:09,719 INFO  [main] page.VirtKeyHomePage.writeText(VirtKeyHomePage.java:123) Was wrote text 'hello ;-=`'123\/.[]'
]]></system-out>
    <system-err><![CDATA[Starting ChromeDriver 111.0.5563.64 (c710e93d5b63b7095afe8c2c17df34408078439d-refs/branch-heads/5563@{#995}) on port 37796
Only local connections are allowed.
Please see https://chromedriver.chromium.org/security-considerations for suggestions on keeping ChromeDriver safe.
ChromeDriver was started successfully.
]]></system-err>
  </testcase>
  <testcase name="t05_writeTextWithShiftInEnglish" classname="test.VirtKeyTests" time="2.998">
    <system-out><![CDATA[2023-04-05 02:40:09,720 TRACE websocketx.WebSocket08FrameEncoder [AsyncHttpClient-1-13] io.netty.handler.codec.http.websocketx.WebSocket08FrameEncoder.encode(WebSocket08FrameEncoder.java:129) Encoding WebSocket Frame opCode=8 length=26
2023-04-05 02:40:11,838 INFO  [main] page.VirtKeyHomePage.openPage(VirtKeyHomePage.java:29) Was opened 'Virtual Keyboard' page with URL: [https://virtual-keyboard-app.vercel.app/]
2023-04-05 02:40:11,887 INFO  [main] page.VirtKeyHomePage.showKeyboard(VirtKeyHomePage.java:36) Was showed keyboard on the screen
2023-04-05 02:40:11,893 INFO  [main] page.VirtKeyHomePage.createEnglishShiftMap(VirtKeyHomePage.java:145) Was created english Shift Map
2023-04-05 02:40:11,902 INFO  [main] page.VirtKeyHomePage.createRussianShiftMap(VirtKeyHomePage.java:158) Was created russian Shift Map
2023-04-05 02:40:11,902 INFO  [main] page.VirtKeyHomePage.createEnRuMap(VirtKeyHomePage.java:169) Was created EN/RU Map
2023-04-05 02:40:11,902 INFO  [main] page.VirtKeyHomePage.clickShiftWithJSExecutor(VirtKeyHomePage.java:128) Was clicked key 'Shift'
2023-04-05 02:40:13,500 INFO  [main] page.VirtKeyHomePage.writeText(VirtKeyHomePage.java:123) Was wrote text 'HELLO ~!@#$%^&*()_+{}|:"<>?'
]]></system-out>
    <system-err><![CDATA[Starting ChromeDriver 111.0.5563.64 (c710e93d5b63b7095afe8c2c17df34408078439d-refs/branch-heads/5563@{#995}) on port 21971
Only local connections are allowed.
Please see https://chromedriver.chromium.org/security-considerations for suggestions on keeping ChromeDriver safe.
ChromeDriver was started successfully.
]]></system-err>
  </testcase>
  <testcase name="t06_writeTextWithAndWithoutShiftInEnglish" classname="test.VirtKeyTests" time="2.516">
    <system-out><![CDATA[2023-04-05 02:40:13,500 TRACE websocketx.WebSocket08FrameEncoder [AsyncHttpClient-1-16] io.netty.handler.codec.http.websocketx.WebSocket08FrameEncoder.encode(WebSocket08FrameEncoder.java:129) Encoding WebSocket Frame opCode=8 length=26
2023-04-05 02:40:14,899 INFO  [main] page.VirtKeyHomePage.openPage(VirtKeyHomePage.java:29) Was opened 'Virtual Keyboard' page with URL: [https://virtual-keyboard-app.vercel.app/]
2023-04-05 02:40:14,954 INFO  [main] page.VirtKeyHomePage.showKeyboard(VirtKeyHomePage.java:36) Was showed keyboard on the screen
2023-04-05 02:40:14,966 INFO  [main] page.VirtKeyHomePage.createEnglishShiftMap(VirtKeyHomePage.java:145) Was created english Shift Map
2023-04-05 02:40:14,966 INFO  [main] page.VirtKeyHomePage.createRussianShiftMap(VirtKeyHomePage.java:158) Was created russian Shift Map
2023-04-05 02:40:14,966 INFO  [main] page.VirtKeyHomePage.createEnRuMap(VirtKeyHomePage.java:169) Was created EN/RU Map
2023-04-05 02:40:14,966 INFO  [main] page.VirtKeyHomePage.clickShiftWithJSExecutor(VirtKeyHomePage.java:128) Was clicked key 'Shift'
2023-04-05 02:40:15,542 INFO  [main] page.VirtKeyHomePage.clickShiftWithJSExecutor(VirtKeyHomePage.java:128) Was clicked key 'Shift'
2023-04-05 02:40:15,585 INFO  [main] page.VirtKeyHomePage.clickShiftWithJSExecutor(VirtKeyHomePage.java:128) Was clicked key 'Shift'
2023-04-05 02:40:15,656 INFO  [main] page.VirtKeyHomePage.clickShiftWithJSExecutor(VirtKeyHomePage.java:128) Was clicked key 'Shift'
2023-04-05 02:40:15,738 INFO  [main] page.VirtKeyHomePage.clickShiftWithJSExecutor(VirtKeyHomePage.java:128) Was clicked key 'Shift'
2023-04-05 02:40:15,972 INFO  [main] page.VirtKeyHomePage.clickShiftWithJSExecutor(VirtKeyHomePage.java:128) Was clicked key 'Shift'
2023-04-05 02:40:16,074 INFO  [main] page.VirtKeyHomePage.clickShiftWithJSExecutor(VirtKeyHomePage.java:128) Was clicked key 'Shift'
2023-04-05 02:40:16,274 INFO  [main] page.VirtKeyHomePage.clickShiftWithJSExecutor(VirtKeyHomePage.java:128) Was clicked key 'Shift'
2023-04-05 02:40:16,370 INFO  [main] page.VirtKeyHomePage.clickShiftWithJSExecutor(VirtKeyHomePage.java:128) Was clicked key 'Shift'
2023-04-05 02:40:16,692 INFO  [main] page.VirtKeyHomePage.clickShiftWithJSExecutor(VirtKeyHomePage.java:128) Was clicked key 'Shift'
2023-04-05 02:40:16,749 INFO  [main] page.VirtKeyHomePage.clickShiftWithJSExecutor(VirtKeyHomePage.java:128) Was clicked key 'Shift'
2023-04-05 02:40:16,835 INFO  [main] page.VirtKeyHomePage.writeText(VirtKeyHomePage.java:123) Was wrote text 'HeLLo ~!@#$%her^&*()345_+{}|:"<[]>?'
]]></system-out>
    <system-err><![CDATA[Starting ChromeDriver 111.0.5563.64 (c710e93d5b63b7095afe8c2c17df34408078439d-refs/branch-heads/5563@{#995}) on port 36135
Only local connections are allowed.
Please see https://chromedriver.chromium.org/security-considerations for suggestions on keeping ChromeDriver safe.
ChromeDriver was started successfully.
]]></system-err>
  </testcase>
  <testcase name="t07_writeTextWithoutShiftInRussian" classname="test.VirtKeyTests" time="4.04">
    <system-out><![CDATA[2023-04-05 02:40:16,835 TRACE websocketx.WebSocket08FrameEncoder [AsyncHttpClient-1-19] io.netty.handler.codec.http.websocketx.WebSocket08FrameEncoder.encode(WebSocket08FrameEncoder.java:129) Encoding WebSocket Frame opCode=8 length=26
2023-04-05 02:40:18,618 INFO  [main] page.VirtKeyHomePage.openPage(VirtKeyHomePage.java:29) Was opened 'Virtual Keyboard' page with URL: [https://virtual-keyboard-app.vercel.app/]
2023-04-05 02:40:18,666 INFO  [main] page.VirtKeyHomePage.showKeyboard(VirtKeyHomePage.java:36) Was showed keyboard on the screen
2023-04-05 02:40:18,673 INFO  [main] page.VirtKeyHomePage.createEnglishShiftMap(VirtKeyHomePage.java:145) Was created english Shift Map
2023-04-05 02:40:18,673 INFO  [main] page.VirtKeyHomePage.createRussianShiftMap(VirtKeyHomePage.java:158) Was created russian Shift Map
2023-04-05 02:40:18,673 INFO  [main] page.VirtKeyHomePage.createEnRuMap(VirtKeyHomePage.java:169) Was created EN/RU Map
2023-04-05 02:40:18,673 INFO  [main] page.VirtKeyHomePage.clickLangWIthJSExecutor(VirtKeyHomePage.java:134) Was clicked key 'Language'
2023-04-05 02:40:19,757 INFO  [main] page.VirtKeyHomePage.clickLangWIthJSExecutor(VirtKeyHomePage.java:134) Was clicked key 'Language'
2023-04-05 02:40:20,211 INFO  [main] page.VirtKeyHomePage.clickLangWIthJSExecutor(VirtKeyHomePage.java:134) Was clicked key 'Language'
2023-04-05 02:40:21,194 INFO  [main] page.VirtKeyHomePage.clickLangWIthJSExecutor(VirtKeyHomePage.java:134) Was clicked key 'Language'
2023-04-05 02:40:21,239 INFO  [main] page.VirtKeyHomePage.clickLangWIthJSExecutor(VirtKeyHomePage.java:134) Was clicked key 'Language'
2023-04-05 02:40:21,608 INFO  [main] page.VirtKeyHomePage.clickLangWIthJSExecutor(VirtKeyHomePage.java:134) Was clicked key 'Language'
2023-04-05 02:40:21,642 INFO  [main] page.VirtKeyHomePage.writeText(VirtKeyHomePage.java:123) Was wrote text 'ё1234567890-=йцуке нгшщзхъ
фывапролджэ\ячсмитьбю.'
]]></system-out>
    <system-err><![CDATA[Starting ChromeDriver 111.0.5563.64 (c710e93d5b63b7095afe8c2c17df34408078439d-refs/branch-heads/5563@{#995}) on port 8249
Only local connections are allowed.
Please see https://chromedriver.chromium.org/security-considerations for suggestions on keeping ChromeDriver safe.
ChromeDriver was started successfully.
]]></system-err>
  </testcase>
  <testcase name="t08_writeTextWithShiftInRussian" classname="test.VirtKeyTests" time="4.293">
    <system-out><![CDATA[2023-04-05 02:40:21,642 TRACE websocketx.WebSocket08FrameEncoder [AsyncHttpClient-1-22] io.netty.handler.codec.http.websocketx.WebSocket08FrameEncoder.encode(WebSocket08FrameEncoder.java:129) Encoding WebSocket Frame opCode=8 length=26
2023-04-05 02:40:23,659 INFO  [main] page.VirtKeyHomePage.openPage(VirtKeyHomePage.java:29) Was opened 'Virtual Keyboard' page with URL: [https://virtual-keyboard-app.vercel.app/]
2023-04-05 02:40:23,701 INFO  [main] page.VirtKeyHomePage.showKeyboard(VirtKeyHomePage.java:36) Was showed keyboard on the screen
2023-04-05 02:40:23,701 INFO  [main] page.VirtKeyHomePage.createEnglishShiftMap(VirtKeyHomePage.java:145) Was created english Shift Map
2023-04-05 02:40:23,701 INFO  [main] page.VirtKeyHomePage.createRussianShiftMap(VirtKeyHomePage.java:158) Was created russian Shift Map
2023-04-05 02:40:23,701 INFO  [main] page.VirtKeyHomePage.createEnRuMap(VirtKeyHomePage.java:169) Was created EN/RU Map
2023-04-05 02:40:23,701 INFO  [main] page.VirtKeyHomePage.clickShiftWithJSExecutor(VirtKeyHomePage.java:128) Was clicked key 'Shift'
2023-04-05 02:40:23,725 INFO  [main] page.VirtKeyHomePage.clickLangWIthJSExecutor(VirtKeyHomePage.java:134) Was clicked key 'Language'
2023-04-05 02:40:24,828 INFO  [main] page.VirtKeyHomePage.clickLangWIthJSExecutor(VirtKeyHomePage.java:134) Was clicked key 'Language'
2023-04-05 02:40:24,918 INFO  [main] page.VirtKeyHomePage.clickLangWIthJSExecutor(VirtKeyHomePage.java:134) Was clicked key 'Language'
2023-04-05 02:40:24,961 INFO  [main] page.VirtKeyHomePage.clickShiftWithJSExecutor(VirtKeyHomePage.java:128) Was clicked key 'Shift'
2023-04-05 02:40:24,970 INFO  [main] page.VirtKeyHomePage.clickLangWIthJSExecutor(VirtKeyHomePage.java:134) Was clicked key 'Language'
2023-04-05 02:40:25,014 INFO  [main] page.VirtKeyHomePage.clickShiftWithJSExecutor(VirtKeyHomePage.java:128) Was clicked key 'Shift'
2023-04-05 02:40:25,312 INFO  [main] page.VirtKeyHomePage.clickLangWIthJSExecutor(VirtKeyHomePage.java:134) Was clicked key 'Language'
2023-04-05 02:40:26,245 INFO  [main] page.VirtKeyHomePage.clickLangWIthJSExecutor(VirtKeyHomePage.java:134) Was clicked key 'Language'
2023-04-05 02:40:26,290 INFO  [main] page.VirtKeyHomePage.clickLangWIthJSExecutor(VirtKeyHomePage.java:134) Was clicked key 'Language'
2023-04-05 02:40:26,659 INFO  [main] page.VirtKeyHomePage.clickShiftWithJSExecutor(VirtKeyHomePage.java:128) Was clicked key 'Shift'
2023-04-05 02:40:26,667 INFO  [main] page.VirtKeyHomePage.clickLangWIthJSExecutor(VirtKeyHomePage.java:134) Was clicked key 'Language'
2023-04-05 02:40:26,703 INFO  [main] page.VirtKeyHomePage.writeText(VirtKeyHomePage.java:123) Was wrote text 'Ё!"№;%:?*()_+ЙЦУКЕНГШЩЗХЪ
ФЫВА ПРОЛДЖЭ|ЯЧСМИТБЬЮ,'
]]></system-out>
    <system-err><![CDATA[Starting ChromeDriver 111.0.5563.64 (c710e93d5b63b7095afe8c2c17df34408078439d-refs/branch-heads/5563@{#995}) on port 36520
Only local connections are allowed.
Please see https://chromedriver.chromium.org/security-considerations for suggestions on keeping ChromeDriver safe.
ChromeDriver was started successfully.
]]></system-err>
  </testcase>
  <testcase name="t09_writeTextWithAndWithoutShiftInRussian" classname="test.VirtKeyTests" time="4.413">
    <system-out><![CDATA[2023-04-05 02:40:26,704 TRACE websocketx.WebSocket08FrameEncoder [AsyncHttpClient-1-25] io.netty.handler.codec.http.websocketx.WebSocket08FrameEncoder.encode(WebSocket08FrameEncoder.java:129) Encoding WebSocket Frame opCode=8 length=26
2023-04-05 02:40:28,802 INFO  [main] page.VirtKeyHomePage.openPage(VirtKeyHomePage.java:29) Was opened 'Virtual Keyboard' page with URL: [https://virtual-keyboard-app.vercel.app/]
2023-04-05 02:40:28,843 INFO  [main] page.VirtKeyHomePage.showKeyboard(VirtKeyHomePage.java:36) Was showed keyboard on the screen
2023-04-05 02:40:28,843 INFO  [main] page.VirtKeyHomePage.createEnglishShiftMap(VirtKeyHomePage.java:145) Was created english Shift Map
2023-04-05 02:40:28,843 INFO  [main] page.VirtKeyHomePage.createRussianShiftMap(VirtKeyHomePage.java:158) Was created russian Shift Map
2023-04-05 02:40:28,843 INFO  [main] page.VirtKeyHomePage.createEnRuMap(VirtKeyHomePage.java:169) Was created EN/RU Map
2023-04-05 02:40:28,843 INFO  [main] page.VirtKeyHomePage.clickShiftWithJSExecutor(VirtKeyHomePage.java:128) Was clicked key 'Shift'
2023-04-05 02:40:28,867 INFO  [main] page.VirtKeyHomePage.clickLangWIthJSExecutor(VirtKeyHomePage.java:134) Was clicked key 'Language'
2023-04-05 02:40:29,985 INFO  [main] page.VirtKeyHomePage.clickShiftWithJSExecutor(VirtKeyHomePage.java:128) Was clicked key 'Shift'
2023-04-05 02:40:29,993 INFO  [main] page.VirtKeyHomePage.clickLangWIthJSExecutor(VirtKeyHomePage.java:134) Was clicked key 'Language'
2023-04-05 02:40:30,151 INFO  [main] page.VirtKeyHomePage.clickShiftWithJSExecutor(VirtKeyHomePage.java:128) Was clicked key 'Shift'
2023-04-05 02:40:30,293 INFO  [main] page.VirtKeyHomePage.clickShiftWithJSExecutor(VirtKeyHomePage.java:128) Was clicked key 'Shift'
2023-04-05 02:40:30,372 INFO  [main] page.VirtKeyHomePage.clickShiftWithJSExecutor(VirtKeyHomePage.java:128) Was clicked key 'Shift'
2023-04-05 02:40:30,450 INFO  [main] page.VirtKeyHomePage.clickLangWIthJSExecutor(VirtKeyHomePage.java:134) Was clicked key 'Language'
2023-04-05 02:40:30,492 INFO  [main] page.VirtKeyHomePage.clickShiftWithJSExecutor(VirtKeyHomePage.java:128) Was clicked key 'Shift'
2023-04-05 02:40:30,681 INFO  [main] page.VirtKeyHomePage.clickShiftWithJSExecutor(VirtKeyHomePage.java:128) Was clicked key 'Shift'
2023-04-05 02:40:31,020 INFO  [main] page.VirtKeyHomePage.clickShiftWithJSExecutor(VirtKeyHomePage.java:128) Was clicked key 'Shift'
2023-04-05 02:40:31,142 INFO  [main] page.VirtKeyHomePage.clickShiftWithJSExecutor(VirtKeyHomePage.java:128) Was clicked key 'Shift'
2023-04-05 02:40:31,265 INFO  [main] page.VirtKeyHomePage.clickShiftWithJSExecutor(VirtKeyHomePage.java:128) Was clicked key 'Shift'
2023-04-05 02:40:31,375 INFO  [main] page.VirtKeyHomePage.clickShiftWithJSExecutor(VirtKeyHomePage.java:128) Was clicked key 'Shift'
2023-04-05 02:40:31,421 INFO  [main] page.VirtKeyHomePage.clickLangWIthJSExecutor(VirtKeyHomePage.java:134) Was clicked key 'Language'
2023-04-05 02:40:31,467 INFO  [main] page.VirtKeyHomePage.clickLangWIthJSExecutor(VirtKeyHomePage.java:134) Was clicked key 'Language'
2023-04-05 02:40:31,590 INFO  [main] page.VirtKeyHomePage.clickShiftWithJSExecutor(VirtKeyHomePage.java:128) Was clicked key 'Shift'
2023-04-05 02:40:31,716 INFO  [main] page.VirtKeyHomePage.clickShiftWithJSExecutor(VirtKeyHomePage.java:128) Was clicked key 'Shift'
2023-04-05 02:40:31,834 INFO  [main] page.VirtKeyHomePage.clickShiftWithJSExecutor(VirtKeyHomePage.java:128) Was clicked key 'Shift'
2023-04-05 02:40:31,834 INFO  [main] page.VirtKeyHomePage.clickLangWIthJSExecutor(VirtKeyHomePage.java:134) Was clicked key 'Language'
2023-04-05 02:40:31,870 INFO  [main] page.VirtKeyHomePage.writeText(VirtKeyHomePage.java:123) Was wrote text 'Ё123;%:?*90_+ЙцукенГШЩЗХЪ
ФЫва ПРОлджЭ|ЯЧСмитБЬЮ,'
]]></system-out>
    <system-err><![CDATA[Starting ChromeDriver 111.0.5563.64 (c710e93d5b63b7095afe8c2c17df34408078439d-refs/branch-heads/5563@{#995}) on port 13580
Only local connections are allowed.
Please see https://chromedriver.chromium.org/security-considerations for suggestions on keeping ChromeDriver safe.
ChromeDriver was started successfully.
]]></system-err>
  </testcase>
  <testcase name="t10_writeTextWithAndWithoutShiftInRussianAndEnglish" classname="test.VirtKeyTests" time="4.488">
    <system-out><![CDATA[2023-04-05 02:40:31,870 TRACE websocketx.WebSocket08FrameEncoder [AsyncHttpClient-1-4] io.netty.handler.codec.http.websocketx.WebSocket08FrameEncoder.encode(WebSocket08FrameEncoder.java:129) Encoding WebSocket Frame opCode=8 length=26
2023-04-05 02:40:33,849 INFO  [main] page.VirtKeyHomePage.openPage(VirtKeyHomePage.java:29) Was opened 'Virtual Keyboard' page with URL: [https://virtual-keyboard-app.vercel.app/]
2023-04-05 02:40:33,889 INFO  [main] page.VirtKeyHomePage.showKeyboard(VirtKeyHomePage.java:36) Was showed keyboard on the screen
2023-04-05 02:40:33,897 INFO  [main] page.VirtKeyHomePage.createEnglishShiftMap(VirtKeyHomePage.java:145) Was created english Shift Map
2023-04-05 02:40:33,897 INFO  [main] page.VirtKeyHomePage.createRussianShiftMap(VirtKeyHomePage.java:158) Was created russian Shift Map
2023-04-05 02:40:33,897 INFO  [main] page.VirtKeyHomePage.createEnRuMap(VirtKeyHomePage.java:169) Was created EN/RU Map
2023-04-05 02:40:35,107 INFO  [main] page.VirtKeyHomePage.clickShiftWithJSExecutor(VirtKeyHomePage.java:128) Was clicked key 'Shift'
2023-04-05 02:40:35,258 INFO  [main] page.VirtKeyHomePage.clickShiftWithJSExecutor(VirtKeyHomePage.java:128) Was clicked key 'Shift'
2023-04-05 02:40:35,343 INFO  [main] page.VirtKeyHomePage.clickShiftWithJSExecutor(VirtKeyHomePage.java:128) Was clicked key 'Shift'
2023-04-05 02:40:35,430 INFO  [main] page.VirtKeyHomePage.clickLangWIthJSExecutor(VirtKeyHomePage.java:134) Was clicked key 'Language'
2023-04-05 02:40:35,477 INFO  [main] page.VirtKeyHomePage.clickShiftWithJSExecutor(VirtKeyHomePage.java:128) Was clicked key 'Shift'
2023-04-05 02:40:35,563 INFO  [main] page.VirtKeyHomePage.clickLangWIthJSExecutor(VirtKeyHomePage.java:134) Was clicked key 'Language'
2023-04-05 02:40:35,678 INFO  [main] page.VirtKeyHomePage.clickShiftWithJSExecutor(VirtKeyHomePage.java:128) Was clicked key 'Shift'
2023-04-05 02:40:35,684 INFO  [main] page.VirtKeyHomePage.clickLangWIthJSExecutor(VirtKeyHomePage.java:134) Was clicked key 'Language'
2023-04-05 02:40:35,765 INFO  [main] page.VirtKeyHomePage.clickShiftWithJSExecutor(VirtKeyHomePage.java:128) Was clicked key 'Shift'
2023-04-05 02:40:35,771 INFO  [main] page.VirtKeyHomePage.clickLangWIthJSExecutor(VirtKeyHomePage.java:134) Was clicked key 'Language'
2023-04-05 02:40:35,851 INFO  [main] page.VirtKeyHomePage.clickShiftWithJSExecutor(VirtKeyHomePage.java:128) Was clicked key 'Shift'
2023-04-05 02:40:35,857 INFO  [main] page.VirtKeyHomePage.clickLangWIthJSExecutor(VirtKeyHomePage.java:134) Was clicked key 'Language'
2023-04-05 02:40:36,016 INFO  [main] page.VirtKeyHomePage.clickLangWIthJSExecutor(VirtKeyHomePage.java:134) Was clicked key 'Language'
2023-04-05 02:40:36,047 INFO  [main] page.VirtKeyHomePage.clickLangWIthJSExecutor(VirtKeyHomePage.java:134) Was clicked key 'Language'
2023-04-05 02:40:36,089 INFO  [main] page.VirtKeyHomePage.clickLangWIthJSExecutor(VirtKeyHomePage.java:134) Was clicked key 'Language'
2023-04-05 02:40:36,124 INFO  [main] page.VirtKeyHomePage.clickShiftWithJSExecutor(VirtKeyHomePage.java:128) Was clicked key 'Shift'
2023-04-05 02:40:36,127 INFO  [main] page.VirtKeyHomePage.clickLangWIthJSExecutor(VirtKeyHomePage.java:134) Was clicked key 'Language'
2023-04-05 02:40:36,251 INFO  [main] page.VirtKeyHomePage.clickLangWIthJSExecutor(VirtKeyHomePage.java:134) Was clicked key 'Language'
2023-04-05 02:40:36,335 INFO  [main] page.VirtKeyHomePage.clickShiftWithJSExecutor(VirtKeyHomePage.java:128) Was clicked key 'Shift'
2023-04-05 02:40:36,415 INFO  [main] page.VirtKeyHomePage.clickLangWIthJSExecutor(VirtKeyHomePage.java:134) Was clicked key 'Language'
2023-04-05 02:40:36,457 INFO  [main] page.VirtKeyHomePage.clickShiftWithJSExecutor(VirtKeyHomePage.java:128) Was clicked key 'Shift'
2023-04-05 02:40:36,566 INFO  [main] page.VirtKeyHomePage.clickShiftWithJSExecutor(VirtKeyHomePage.java:128) Was clicked key 'Shift'
2023-04-05 02:40:36,614 INFO  [main] page.VirtKeyHomePage.clickLangWIthJSExecutor(VirtKeyHomePage.java:134) Was clicked key 'Language'
2023-04-05 02:40:36,661 INFO  [main] page.VirtKeyHomePage.clickLangWIthJSExecutor(VirtKeyHomePage.java:134) Was clicked key 'Language'
2023-04-05 02:40:36,782 INFO  [main] page.VirtKeyHomePage.clickShiftWithJSExecutor(VirtKeyHomePage.java:128) Was clicked key 'Shift'
2023-04-05 02:40:36,825 INFO  [main] page.VirtKeyHomePage.clickLangWIthJSExecutor(VirtKeyHomePage.java:134) Was clicked key 'Language'
2023-04-05 02:40:36,942 INFO  [main] page.VirtKeyHomePage.clickLangWIthJSExecutor(VirtKeyHomePage.java:134) Was clicked key 'Language'
2023-04-05 02:40:36,985 INFO  [main] page.VirtKeyHomePage.clickShiftWithJSExecutor(VirtKeyHomePage.java:128) Was clicked key 'Shift'
2023-04-05 02:40:37,103 INFO  [main] page.VirtKeyHomePage.clickShiftWithJSExecutor(VirtKeyHomePage.java:128) Was clicked key 'Shift'
2023-04-05 02:40:37,107 INFO  [main] page.VirtKeyHomePage.clickLangWIthJSExecutor(VirtKeyHomePage.java:134) Was clicked key 'Language'
2023-04-05 02:40:37,137 INFO  [main] page.VirtKeyHomePage.writeText(VirtKeyHomePage.java:123) Was wrote text '`123;%:?*90_+ЙцуrtyГШopХЪ
Ф{Ы}ва [] GHОлджЭ|ЯЧСм///bтБЬЮ,'
]]></system-out>
    <system-err><![CDATA[Starting ChromeDriver 111.0.5563.64 (c710e93d5b63b7095afe8c2c17df34408078439d-refs/branch-heads/5563@{#995}) on port 34270
Only local connections are allowed.
Please see https://chromedriver.chromium.org/security-considerations for suggestions on keeping ChromeDriver safe.
ChromeDriver was started successfully.
]]></system-err>
  </testcase>
  <testcase name="t11_writeAgileManifesto" classname="test.VirtKeyTests" time="12.386">
    <system-out><![CDATA[2023-04-05 02:40:37,137 TRACE websocketx.WebSocket08FrameEncoder [AsyncHttpClient-1-7] io.netty.handler.codec.http.websocketx.WebSocket08FrameEncoder.encode(WebSocket08FrameEncoder.java:129) Encoding WebSocket Frame opCode=8 length=26
2023-04-05 02:40:38,458 INFO  [main] page.VirtKeyHomePage.openPage(VirtKeyHomePage.java:29) Was opened 'Virtual Keyboard' page with URL: [https://virtual-keyboard-app.vercel.app/]
2023-04-05 02:40:38,506 INFO  [main] page.VirtKeyHomePage.showKeyboard(VirtKeyHomePage.java:36) Was showed keyboard on the screen
2023-04-05 02:40:38,517 INFO  [main] page.VirtKeyHomePage.createEnglishShiftMap(VirtKeyHomePage.java:145) Was created english Shift Map
2023-04-05 02:40:38,518 INFO  [main] page.VirtKeyHomePage.createRussianShiftMap(VirtKeyHomePage.java:158) Was created russian Shift Map
2023-04-05 02:40:38,518 INFO  [main] page.VirtKeyHomePage.createEnRuMap(VirtKeyHomePage.java:169) Was created EN/RU Map
2023-04-05 02:40:38,518 INFO  [main] page.VirtKeyHomePage.clickShiftWithJSExecutor(VirtKeyHomePage.java:128) Was clicked key 'Shift'
2023-04-05 02:40:39,585 INFO  [main] page.VirtKeyHomePage.clickShiftWithJSExecutor(VirtKeyHomePage.java:128) Was clicked key 'Shift'
2023-04-05 02:40:42,106 INFO  [main] page.VirtKeyHomePage.clickShiftWithJSExecutor(VirtKeyHomePage.java:128) Was clicked key 'Shift'
2023-04-05 02:40:42,130 INFO  [main] page.VirtKeyHomePage.clickShiftWithJSExecutor(VirtKeyHomePage.java:128) Was clicked key 'Shift'
2023-04-05 02:40:43,089 INFO  [main] page.VirtKeyHomePage.clickShiftWithJSExecutor(VirtKeyHomePage.java:128) Was clicked key 'Shift'
2023-04-05 02:40:43,203 INFO  [main] page.VirtKeyHomePage.clickShiftWithJSExecutor(VirtKeyHomePage.java:128) Was clicked key 'Shift'
2023-04-05 02:40:44,493 INFO  [main] page.VirtKeyHomePage.clickShiftWithJSExecutor(VirtKeyHomePage.java:128) Was clicked key 'Shift'
2023-04-05 02:40:44,518 INFO  [main] page.VirtKeyHomePage.clickShiftWithJSExecutor(VirtKeyHomePage.java:128) Was clicked key 'Shift'
2023-04-05 02:40:45,704 INFO  [main] page.VirtKeyHomePage.clickShiftWithJSExecutor(VirtKeyHomePage.java:128) Was clicked key 'Shift'
2023-04-05 02:40:45,727 INFO  [main] page.VirtKeyHomePage.clickShiftWithJSExecutor(VirtKeyHomePage.java:128) Was clicked key 'Shift'
2023-04-05 02:40:46,914 INFO  [main] page.VirtKeyHomePage.clickShiftWithJSExecutor(VirtKeyHomePage.java:128) Was clicked key 'Shift'
2023-04-05 02:40:46,944 INFO  [main] page.VirtKeyHomePage.clickShiftWithJSExecutor(VirtKeyHomePage.java:128) Was clicked key 'Shift'
2023-04-05 02:40:48,002 INFO  [main] page.VirtKeyHomePage.clickShiftWithJSExecutor(VirtKeyHomePage.java:128) Was clicked key 'Shift'
2023-04-05 02:40:48,027 INFO  [main] page.VirtKeyHomePage.clickShiftWithJSExecutor(VirtKeyHomePage.java:128) Was clicked key 'Shift'
2023-04-05 02:40:50,288 INFO  [main] page.VirtKeyHomePage.writeText(VirtKeyHomePage.java:123) Was wrote text 'We are uncovering better ways of developing
software by doing it and helping others do it.
Through this work we have come to value:

Individuals and interactions over processes and tools
Working software over comprehensive documentation
Customer collaboration over contract negotiation
Responding to change over following a plan

That is, while there is value in the items on
the right, we value the items on the left more.'
]]></system-out>
    <system-err><![CDATA[Starting ChromeDriver 111.0.5563.64 (c710e93d5b63b7095afe8c2c17df34408078439d-refs/branch-heads/5563@{#995}) on port 29654
Only local connections are allowed.
Please see https://chromedriver.chromium.org/security-considerations for suggestions on keeping ChromeDriver safe.
ChromeDriver was started successfully.
]]></system-err>
  </testcase>
</testsuite>